2025-10-06T18:13:15.2852099Z Container start method called.
2025-10-06T18:13:15.2853304Z Establishing network.
2025-10-06T18:13:15.2854809Z Pulling image: appsvc/node:20-lts_20250724.2.tuxprod.
2025-10-06T18:14:29.1619839Z Image appsvc/node:20-lts_20250724.2.tuxprod is pulled from registry mcr.microsoft.com
2025-10-06T18:14:29.1975447Z Container is starting.
2025-10-06T18:14:29.2076552Z Establishing user namespace if not established already.
2025-10-06T18:14:29.2091246Z Establishing network if not established already.
2025-10-06T18:14:29.2202771Z Mounting volumes.
2025-10-06T18:14:29.2303670Z Nested mountpoint 
2025-10-06T18:14:29.3225014Z Nested mountpoint volatile/logs
2025-10-06T18:14:29.3436350Z Nested mountpoint 
2025-10-06T18:14:29.5954249Z Nested mountpoint 
2025-10-06T18:14:29.6903947Z Nested mountpoint 
2025-10-06T18:14:45.6673428Z Creating container.
2025-10-06T18:14:45.6749216Z Creating pipes for streaming container io.
2025-10-06T18:14:45.6770643Z Creating stdout named pipe at /podr/container/pipe/dc6e05579cef_homework-helper-api/stdout_906ce5fda9574c69abb8bd3ce1393292.
2025-10-06T18:14:45.6852711Z Successfully created stdout named pipe at: /podr/container/pipe/dc6e05579cef_homework-helper-api/stdout_906ce5fda9574c69abb8bd3ce1393292.
2025-10-06T18:14:45.6871180Z Opening named pipe /podr/container/pipe/dc6e05579cef_homework-helper-api/stdout_906ce5fda9574c69abb8bd3ce1393292 for reading in non-blocking mode.
2025-10-06T18:14:45.7252700Z Successfully opened named pipe: /podr/container/pipe/dc6e05579cef_homework-helper-api/stdout_906ce5fda9574c69abb8bd3ce1393292.
2025-10-06T18:14:45.7258897Z Successfully removed non-blocking flag from /podr/container/pipe/dc6e05579cef_homework-helper-api/stdout_906ce5fda9574c69abb8bd3ce1393292.
2025-10-06T18:14:45.7264322Z Creating stderr named pipe at /podr/container/pipe/dc6e05579cef_homework-helper-api/stderr_2c138b2cc0f94ce1baf174e0c1c4dbd5.
2025-10-06T18:14:45.7438861Z Successfully created stderr named pipe at: /podr/container/pipe/dc6e05579cef_homework-helper-api/stderr_2c138b2cc0f94ce1baf174e0c1c4dbd5.
2025-10-06T18:14:45.7447065Z Opening named pipe /podr/container/pipe/dc6e05579cef_homework-helper-api/stderr_2c138b2cc0f94ce1baf174e0c1c4dbd5 for reading in non-blocking mode.
2025-10-06T18:14:45.7451914Z Successfully opened named pipe: /podr/container/pipe/dc6e05579cef_homework-helper-api/stderr_2c138b2cc0f94ce1baf174e0c1c4dbd5.
2025-10-06T18:14:45.7461487Z Successfully removed non-blocking flag from /podr/container/pipe/dc6e05579cef_homework-helper-api/stderr_2c138b2cc0f94ce1baf174e0c1c4dbd5.
2025-10-06T18:14:45.7537340Z Creating container with image: appsvc/node:20-lts_20250724.2.tuxprod from registry: mcr.microsoft.com and fully qualified image name: mcr.microsoft.com/appsvc/node:20-lts_20250724.2.tuxprod
2025-10-06T18:14:46.5424027Z Starting container: dc6e05579cef_homework-helper-api.
2025-10-06T18:14:46.6274095Z Starting watchers and probes.
2025-10-06T18:14:46.6482672Z Starting metrics collection.
2025-10-06T18:14:46.6562167Z Container is running.
2025-10-06T18:14:46.8338484Z Container start method finished after 91547 ms.
2025-10-06T18:15:12.4112815Z Container has finished running with exit code: 1.
2025-10-06T18:15:12.4594719Z Container is terminating. Grace period: 5 seconds.
2025-10-06T18:15:12.5144577Z Stop and delete container. Retry count = 0
2025-10-06T18:15:12.5645421Z Stopping container: dc6e05579cef_homework-helper-api.
2025-10-06T18:15:12.7755588Z Deleting container: dc6e05579cef_homework-helper-api. Retry count = 0
2025-10-06T18:15:13.8893707Z Container spec TerminationMessagePolicy  path 
2025-10-06T18:15:13.9288533Z Container is terminated. Total time elapsed: 1449 ms.
2025-10-06T18:15:13.9294523Z Site container: homework-helper-api terminated during site startup.
2025-10-06T18:15:13.9672104Z Site startup probe failed after 27.0767075 seconds.
2025-10-06T18:15:14.1897785Z Failed to start site. Revert by stopping site.
2025-10-06T18:15:14.3209542Z Site: homework-helper-api stopped.
2025-10-06T18:15:25.169Z ERROR - DockerApiException: Docker API responded with status code=NotFound, response={"message":"manifest for 10.1.0.6:13209/appsvc/node:20-lts_20250724.2.tuxprod not found: manifest unknown: manifest unknown"}

2025-10-06T18:15:25.403Z ERROR - DockerApiException: Docker API responded with status code=NotFound, response={"message":"manifest for 10.1.0.5:13209/appsvc/node:20-lts_20250724.2.tuxprod not found: manifest unknown: manifest unknown"}

2025-10-06T18:15:25.775Z INFO  - 20-lts_20250724.2.tuxprod Pulling from appsvc/node
2025-10-06T18:15:25.788Z INFO  - c19952135643 Pulling fs layer
2025-10-06T18:15:25.789Z INFO  - b49b2c83cf45 Pulling fs layer
2025-10-06T18:15:25.789Z INFO  - a7350ec49683 Pulling fs layer
2025-10-06T18:15:25.789Z INFO  - ca64976d1f75 Pulling fs layer
2025-10-06T18:15:25.789Z INFO  - 9c231cb2d468 Pulling fs layer
2025-10-06T18:15:25.789Z INFO  - 6d5ed858bc79 Pulling fs layer
2025-10-06T18:15:25.789Z INFO  - b147e1d819b6 Pulling fs layer
2025-10-06T18:15:25.789Z INFO  - bddeee446dea Pulling fs layer
2025-10-06T18:15:25.789Z INFO  - 3bba0ee51794 Pulling fs layer
2025-10-06T18:15:25.789Z INFO  - 5b5c68b4e022 Pulling fs layer
2025-10-06T18:15:25.789Z INFO  - 589fad460b75 Pulling fs layer
2025-10-06T18:15:25.789Z INFO  - a4ac82e1650a Pulling fs layer
2025-10-06T18:15:25.790Z INFO  - 6e652537f0de Pulling fs layer
2025-10-06T18:15:25.790Z INFO  - 4f4fb700ef54 Pulling fs layer
2025-10-06T18:15:25.790Z INFO  - 70b2d1c62102 Pulling fs layer
2025-10-06T18:15:25.790Z INFO  - 81114daeece3 Pulling fs layer
2025-10-06T18:15:25.790Z INFO  - 72560126db61 Pulling fs layer
2025-10-06T18:15:25.790Z INFO  - b4ee02498c51 Pulling fs layer
2025-10-06T18:15:25.790Z INFO  - 9f7642f5d897 Pulling fs layer
2025-10-06T18:15:25.790Z INFO  - 064a93d404d8 Pulling fs layer
2025-10-06T18:15:25.790Z INFO  - 9078bcfaabdd Pulling fs layer
2025-10-06T18:15:25.790Z INFO  - 8367cb93fd79 Pulling fs layer
2025-10-06T18:15:25.790Z INFO  - 432802c32c40 Pulling fs layer
2025-10-06T18:15:25.790Z INFO  - b5ee41dce4d1 Pulling fs layer
2025-10-06T18:15:25.790Z INFO  - 299358e274fc Pulling fs layer
2025-10-06T18:15:25.791Z INFO  - a0f687a8a43e Pulling fs layer
2025-10-06T18:15:25.791Z INFO  - f6668cf6fc4f Pulling fs layer
2025-10-06T18:15:25.796Z INFO  - cab9518eb753 Pulling fs layer
2025-10-06T18:15:25.796Z INFO  - f9717d513d08 Pulling fs layer
2025-10-06T18:15:25.796Z INFO  - 81d0cf6a6204 Pulling fs layer
2025-10-06T18:15:25.796Z INFO  - e705a3b12771 Pulling fs layer
2025-10-06T18:15:25.796Z INFO  - cdcdb6bbda74 Pulling fs layer
2025-10-06T18:15:25.796Z INFO  - 3c56665f14df Pulling fs layer
2025-10-06T18:15:25.796Z INFO  - 6076b5261919 Pulling fs layer
2025-10-06T18:15:25.796Z INFO  - cfb2442eec7a Pulling fs layer
2025-10-06T18:15:25.796Z INFO  - c7bf2b05e76c Pulling fs layer
2025-10-06T18:15:25.796Z INFO  - 9e40ee8f5c7c Pulling fs layer
2025-10-06T18:15:25.870Z INFO  - 9078bcfaabdd Waiting
2025-10-06T18:15:25.870Z INFO  - 8367cb93fd79 Waiting
2025-10-06T18:15:25.870Z INFO  - 432802c32c40 Waiting
2025-10-06T18:15:25.870Z INFO  - b5ee41dce4d1 Waiting
2025-10-06T18:15:25.871Z INFO  - a0f687a8a43e Waiting
2025-10-06T18:15:25.871Z INFO  - f6668cf6fc4f Waiting
2025-10-06T18:15:25.871Z INFO  - cab9518eb753 Waiting
2025-10-06T18:15:25.871Z INFO  - f9717d513d08 Waiting
2025-10-06T18:15:25.871Z INFO  - 81d0cf6a6204 Waiting
2025-10-06T18:15:25.871Z INFO  - e705a3b12771 Waiting
2025-10-06T18:15:25.871Z INFO  - cdcdb6bbda74 Waiting
2025-10-06T18:15:25.886Z INFO  - 3c56665f14df Waiting
2025-10-06T18:15:25.887Z INFO  - 6076b5261919 Waiting
2025-10-06T18:15:25.887Z INFO  - cfb2442eec7a Waiting
2025-10-06T18:15:25.887Z INFO  - c7bf2b05e76c Waiting
2025-10-06T18:15:25.887Z INFO  - 9e40ee8f5c7c Waiting
2025-10-06T18:15:25.887Z INFO  - 299358e274fc Waiting
2025-10-06T18:15:26.752Z INFO  - bddeee446dea Downloading 3KB / 14KB
2025-10-06T18:15:26.752Z INFO  - ca64976d1f75 Downloading 387B / 387B
2025-10-06T18:15:26.752Z INFO  - bddeee446dea Downloading 14KB / 14KB
2025-10-06T18:15:26.762Z INFO  - ca64976d1f75 Verifying Checksum
2025-10-06T18:15:26.762Z INFO  - ca64976d1f75 Download complete
2025-10-06T18:15:26.763Z INFO  - bddeee446dea Verifying Checksum
2025-10-06T18:15:26.764Z INFO  - bddeee446dea Download complete
2025-10-06T18:15:26.895Z INFO  - 6d5ed858bc79 Downloading 3KB / 39KB
2025-10-06T18:15:26.896Z INFO  - b147e1d819b6 Downloading 3KB / 10KB
2025-10-06T18:15:26.897Z INFO  - 5b5c68b4e022 Downloading 3KB / 10KB
2025-10-06T18:15:26.955Z INFO  - 4f4fb700ef54 Downloading 32B / 32B
2025-10-06T18:15:26.962Z INFO  - 6d5ed858bc79 Downloading 39KB / 39KB
2025-10-06T18:15:26.963Z INFO  - b147e1d819b6 Downloading 10KB / 10KB
2025-10-06T18:15:26.964Z INFO  - 5b5c68b4e022 Downloading 10KB / 10KB
2025-10-06T18:15:26.997Z INFO  - 4f4fb700ef54 Verifying Checksum
2025-10-06T18:15:26.997Z INFO  - 4f4fb700ef54 Download complete
2025-10-06T18:15:27.000Z INFO  - 6d5ed858bc79 Verifying Checksum
2025-10-06T18:15:27.002Z INFO  - 6d5ed858bc79 Download complete
2025-10-06T18:15:27.002Z INFO  - b147e1d819b6 Verifying Checksum
2025-10-06T18:15:27.002Z INFO  - b147e1d819b6 Download complete
2025-10-06T18:15:27.002Z INFO  - 5b5c68b4e022 Verifying Checksum
2025-10-06T18:15:27.003Z INFO  - 5b5c68b4e022 Download complete
2025-10-06T18:15:27.125Z INFO  - 6e652537f0de Verifying Checksum
2025-10-06T18:15:27.127Z INFO  - 6e652537f0de Download complete
2025-10-06T18:15:27.279Z INFO  - a7350ec49683 Downloading 2MB / 3MB
2025-10-06T18:15:27.335Z INFO  - 589fad460b75 Downloading 734KB / 1MB
2025-10-06T18:15:27.363Z INFO  - 9f7642f5d897 Downloading 126B / 126B
2025-10-06T18:15:27.363Z INFO  - 3bba0ee51794 Downloading 281KB / 281KB
2025-10-06T18:15:27.373Z INFO  - 9f7642f5d897 Verifying Checksum
2025-10-06T18:15:27.373Z INFO  - 9f7642f5d897 Download complete
2025-10-06T18:15:27.373Z INFO  - 3bba0ee51794 Verifying Checksum
2025-10-06T18:15:27.373Z INFO  - 3bba0ee51794 Download complete
2025-10-06T18:15:27.583Z INFO  - 9c231cb2d468 Downloading 158KB / 1MB
2025-10-06T18:15:27.584Z INFO  - a7350ec49683 Downloading 3MB / 3MB
2025-10-06T18:15:27.585Z INFO  - 589fad460b75 Downloading 1006KB / 1MB
2025-10-06T18:15:27.603Z INFO  - 81114daeece3 Downloading 1MB / 46MB
2025-10-06T18:15:27.656Z INFO  - a7350ec49683 Verifying Checksum
2025-10-06T18:15:27.656Z INFO  - a7350ec49683 Download complete
2025-10-06T18:15:27.656Z INFO  - 589fad460b75 Verifying Checksum
2025-10-06T18:15:27.656Z INFO  - 589fad460b75 Download complete
2025-10-06T18:15:27.666Z INFO  - a4ac82e1650a Verifying Checksum
2025-10-06T18:15:27.666Z INFO  - a4ac82e1650a Download complete
2025-10-06T18:15:27.780Z INFO  - c19952135643 Downloading 958KB / 46MB
2025-10-06T18:15:27.801Z INFO  - 064a93d404d8 Downloading 254KB / 5MB
2025-10-06T18:15:27.801Z INFO  - 70b2d1c62102 Downloading 942KB / 45MB
2025-10-06T18:15:27.889Z INFO  - 81114daeece3 Downloading 2MB / 46MB
2025-10-06T18:15:27.903Z INFO  - 9c231cb2d468 Downloading 1MB / 1MB
2025-10-06T18:15:27.912Z INFO  - 9c231cb2d468 Verifying Checksum
2025-10-06T18:15:27.913Z INFO  - 9c231cb2d468 Download complete
2025-10-06T18:15:27.941Z INFO  - 72560126db61 Downloading 2MB / 11MB
2025-10-06T18:15:27.980Z INFO  - b4ee02498c51 Downloading 4MB / 16MB
2025-10-06T18:15:28.282Z INFO  - 70b2d1c62102 Downloading 1MB / 45MB
2025-10-06T18:15:28.298Z INFO  - 81114daeece3 Downloading 3MB / 46MB
2025-10-06T18:15:28.310Z INFO  - b4ee02498c51 Downloading 5MB / 16MB
2025-10-06T18:15:28.543Z INFO  - 70b2d1c62102 Downloading 3MB / 45MB
2025-10-06T18:15:28.543Z INFO  - 81114daeece3 Downloading 4MB / 46MB
2025-10-06T18:15:28.543Z INFO  - c19952135643 Downloading 3MB / 46MB
2025-10-06T18:15:28.760Z INFO  - c19952135643 Downloading 4MB / 46MB
2025-10-06T18:15:28.858Z INFO  - b49b2c83cf45 Downloading 2MB / 35MB
2025-10-06T18:15:28.858Z INFO  - 81114daeece3 Downloading 5MB / 46MB
2025-10-06T18:15:28.858Z INFO  - b4ee02498c51 Downloading 6MB / 16MB
2025-10-06T18:15:29.206Z INFO  - b4ee02498c51 Downloading 7MB / 16MB
2025-10-06T18:15:29.337Z INFO  - 81114daeece3 Downloading 6MB / 46MB
2025-10-06T18:15:29.372Z INFO  - 72560126db61 Downloading 4MB / 11MB
2025-10-06T18:15:29.372Z INFO  - c19952135643 Downloading 5MB / 46MB
2025-10-06T18:15:29.372Z INFO  - 70b2d1c62102 Downloading 5MB / 45MB
2025-10-06T18:15:29.442Z INFO  - 432802c32c40 Downloading 139B / 139B
2025-10-06T18:15:29.468Z INFO  - 432802c32c40 Verifying Checksum
2025-10-06T18:15:29.469Z INFO  - 432802c32c40 Download complete
2025-10-06T18:15:29.707Z INFO  - 064a93d404d8 Downloading 3MB / 5MB
2025-10-06T18:15:29.727Z INFO  - 72560126db61 Downloading 5MB / 11MB
2025-10-06T18:15:29.727Z INFO  - 70b2d1c62102 Downloading 6MB / 45MB
2025-10-06T18:15:29.804Z INFO  - 8367cb93fd79 Downloading 1KB / 1KB
2025-10-06T18:15:29.805Z INFO  - 8367cb93fd79 Verifying Checksum
2025-10-06T18:15:29.806Z INFO  - 8367cb93fd79 Download complete
2025-10-06T18:15:29.841Z INFO  - 72560126db61 Downloading 5MB / 11MB
2025-10-06T18:15:29.897Z INFO  - 70b2d1c62102 Downloading 7MB / 45MB
2025-10-06T18:15:29.926Z INFO  - b49b2c83cf45 Downloading 3MB / 35MB
2025-10-06T18:15:29.956Z INFO  - cdcdb6bbda74 Downloading 269B / 269B
2025-10-06T18:15:29.956Z INFO  - a0f687a8a43e Downloading 1KB / 1KB
2025-10-06T18:15:29.964Z INFO  - cab9518eb753 Downloading 151B / 151B
2025-10-06T18:15:30.202Z INFO  - cdcdb6bbda74 Verifying Checksum
2025-10-06T18:15:30.202Z INFO  - cdcdb6bbda74 Download complete
2025-10-06T18:15:30.202Z INFO  - a0f687a8a43e Verifying Checksum
2025-10-06T18:15:30.202Z INFO  - a0f687a8a43e Download complete
2025-10-06T18:15:30.202Z INFO  - cab9518eb753 Verifying Checksum
2025-10-06T18:15:30.202Z INFO  - cab9518eb753 Download complete
2025-10-06T18:15:30.202Z INFO  - b49b2c83cf45 Downloading 4MB / 35MB
2025-10-06T18:15:30.202Z INFO  - c19952135643 Downloading 7MB / 46MB
2025-10-06T18:15:30.202Z INFO  - 064a93d404d8 Downloading 4MB / 5MB
2025-10-06T18:15:30.202Z INFO  - 81d0cf6a6204 Downloading 1KB / 1KB
2025-10-06T18:15:30.203Z INFO  - 9078bcfaabdd Downloading 948B / 948B
2025-10-06T18:15:30.203Z INFO  - 299358e274fc Downloading 1KB / 1KB
2025-10-06T18:15:30.203Z INFO  - f6668cf6fc4f Downloading 3KB / 3KB
2025-10-06T18:15:30.203Z INFO  - 81d0cf6a6204 Verifying Checksum
2025-10-06T18:15:30.203Z INFO  - 81d0cf6a6204 Download complete
2025-10-06T18:15:30.203Z INFO  - 9078bcfaabdd Verifying Checksum
2025-10-06T18:15:30.203Z INFO  - 9078bcfaabdd Download complete
2025-10-06T18:15:30.203Z INFO  - 299358e274fc Verifying Checksum
2025-10-06T18:15:30.203Z INFO  - 299358e274fc Download complete
2025-10-06T18:15:30.203Z INFO  - f6668cf6fc4f Verifying Checksum
2025-10-06T18:15:30.246Z INFO  - f6668cf6fc4f Download complete
2025-10-06T18:15:30.523Z INFO  - 81114daeece3 Downloading 8MB / 46MB
2025-10-06T18:15:30.524Z INFO  - b5ee41dce4d1 Downloading 526KB / 67MB
2025-10-06T18:15:30.918Z INFO  - c19952135643 Downloading 8MB / 46MB
2025-10-06T18:15:30.918Z INFO  - 70b2d1c62102 Downloading 8MB / 45MB
2025-10-06T18:15:30.918Z INFO  - e705a3b12771 Downloading 269B / 269B
2025-10-06T18:15:30.918Z INFO  - e705a3b12771 Verifying Checksum
2025-10-06T18:15:30.918Z INFO  - e705a3b12771 Download complete
2025-10-06T18:15:31.195Z INFO  - c19952135643 Downloading 9MB / 46MB
2025-10-06T18:15:31.195Z INFO  - 064a93d404d8 Downloading 4MB / 5MB
2025-10-06T18:15:31.319Z INFO  - b4ee02498c51 Downloading 10MB / 16MB
2025-10-06T18:15:31.468Z INFO  - b5ee41dce4d1 Downloading 1MB / 67MB
2025-10-06T18:15:31.477Z INFO  - 70b2d1c62102 Downloading 9MB / 45MB
2025-10-06T18:15:31.477Z INFO  - 81114daeece3 Downloading 10MB / 46MB
2025-10-06T18:15:31.478Z INFO  - 064a93d404d8 Downloading 5MB / 5MB
2025-10-06T18:15:31.478Z INFO  - 72560126db61 Downloading 7MB / 11MB
2025-10-06T18:15:31.574Z INFO  - f9717d513d08 Downloading 13KB / 13KB
2025-10-06T18:15:31.574Z INFO  - f9717d513d08 Verifying Checksum
2025-10-06T18:15:31.574Z INFO  - f9717d513d08 Download complete
2025-10-06T18:15:31.630Z INFO  - 70b2d1c62102 Downloading 9MB / 45MB
2025-10-06T18:15:31.738Z INFO  - 72560126db61 Downloading 8MB / 11MB
2025-10-06T18:15:31.775Z INFO  - b4ee02498c51 Downloading 11MB / 16MB
2025-10-06T18:15:31.826Z INFO  - 3c56665f14df Downloading 124B / 124B
2025-10-06T18:15:31.842Z INFO  - 064a93d404d8 Verifying Checksum
2025-10-06T18:15:31.842Z INFO  - 064a93d404d8 Download complete
2025-10-06T18:15:31.842Z INFO  - 3c56665f14df Verifying Checksum
2025-10-06T18:15:31.842Z INFO  - 3c56665f14df Download complete
2025-10-06T18:15:31.842Z INFO  - c19952135643 Downloading 11MB / 46MB
2025-10-06T18:15:31.957Z INFO  - 70b2d1c62102 Downloading 11MB / 45MB
2025-10-06T18:15:31.960Z INFO  - 81114daeece3 Downloading 11MB / 46MB
2025-10-06T18:15:32.035Z INFO  - 81114daeece3 Downloading 12MB / 46MB
2025-10-06T18:15:32.170Z INFO  - 70b2d1c62102 Downloading 12MB / 45MB
2025-10-06T18:15:32.180Z INFO  - 72560126db61 Downloading 9MB / 11MB
2025-10-06T18:15:32.180Z INFO  - b4ee02498c51 Downloading 13MB / 16MB
2025-10-06T18:15:32.240Z INFO  - 72560126db61 Downloading 9MB / 11MB
2025-10-06T18:15:32.268Z INFO  - b5ee41dce4d1 Downloading 3MB / 67MB
2025-10-06T18:15:32.413Z INFO  - b49b2c83cf45 Downloading 9MB / 35MB
2025-10-06T18:15:32.413Z INFO  - c19952135643 Downloading 13MB / 46MB
2025-10-06T18:15:32.413Z INFO  - 70b2d1c62102 Downloading 13MB / 45MB
2025-10-06T18:15:32.413Z INFO  - 81114daeece3 Downloading 14MB / 46MB
2025-10-06T18:15:32.435Z INFO  - cfb2442eec7a Downloading 1KB / 1KB
2025-10-06T18:15:32.483Z INFO  - b4ee02498c51 Downloading 14MB / 16MB
2025-10-06T18:15:32.490Z INFO  - cfb2442eec7a Verifying Checksum
2025-10-06T18:15:32.490Z INFO  - cfb2442eec7a Download complete
2025-10-06T18:15:32.663Z INFO  - 70b2d1c62102 Downloading 14MB / 45MB
2025-10-06T18:15:32.663Z INFO  - 81114daeece3 Downloading 15MB / 46MB
2025-10-06T18:15:32.663Z INFO  - 72560126db61 Downloading 9MB / 11MB
2025-10-06T18:15:32.663Z INFO  - b49b2c83cf45 Downloading 10MB / 35MB
2025-10-06T18:15:32.676Z INFO  - b4ee02498c51 Downloading 15MB / 16MB
2025-10-06T18:15:32.676Z INFO  - 72560126db61 Verifying Checksum
2025-10-06T18:15:32.676Z INFO  - 72560126db61 Download complete
2025-10-06T18:15:32.676Z INFO  - b4ee02498c51 Verifying Checksum
2025-10-06T18:15:32.676Z INFO  - b4ee02498c51 Download complete
2025-10-06T18:15:32.885Z INFO  - b49b2c83cf45 Downloading 10MB / 35MB
2025-10-06T18:15:32.911Z INFO  - b5ee41dce4d1 Downloading 5MB / 67MB
2025-10-06T18:15:32.911Z INFO  - 6076b5261919 Downloading 416B / 416B
2025-10-06T18:15:32.911Z INFO  - 6076b5261919 Verifying Checksum
2025-10-06T18:15:32.911Z INFO  - 6076b5261919 Download complete
2025-10-06T18:15:33.056Z INFO  - 70b2d1c62102 Downloading 15MB / 45MB
2025-10-06T18:15:33.056Z INFO  - b49b2c83cf45 Downloading 11MB / 35MB
2025-10-06T18:15:33.067Z INFO  - 9e40ee8f5c7c Downloading 133B / 133B
2025-10-06T18:15:33.067Z INFO  - 9e40ee8f5c7c Verifying Checksum
2025-10-06T18:15:33.067Z INFO  - 9e40ee8f5c7c Download complete
2025-10-06T18:15:33.219Z INFO  - c19952135643 Downloading 15MB / 46MB
2025-10-06T18:15:33.230Z INFO  - b49b2c83cf45 Downloading 12MB / 35MB
2025-10-06T18:15:33.230Z INFO  - c19952135643 Downloading 16MB / 46MB
2025-10-06T18:15:33.294Z INFO  - b5ee41dce4d1 Downloading 8MB / 67MB
2025-10-06T18:15:33.360Z INFO  - b49b2c83cf45 Downloading 13MB / 35MB
2025-10-06T18:15:33.449Z INFO  - c19952135643 Downloading 18MB / 46MB
2025-10-06T18:15:33.585Z INFO  - b5ee41dce4d1 Downloading 9MB / 67MB
2025-10-06T18:15:33.585Z INFO  - 81114daeece3 Downloading 18MB / 46MB
2025-10-06T18:15:33.585Z INFO  - 70b2d1c62102 Downloading 18MB / 45MB
2025-10-06T18:15:33.585Z INFO  - c19952135643 Downloading 19MB / 46MB
2025-10-06T18:15:33.585Z INFO  - b49b2c83cf45 Downloading 15MB / 35MB
2025-10-06T18:15:33.709Z INFO  - b49b2c83cf45 Downloading 15MB / 35MB
2025-10-06T18:15:33.785Z INFO  - c7bf2b05e76c Downloading 1MB / 1MB
2025-10-06T18:15:33.786Z INFO  - c7bf2b05e76c Downloading 1MB / 1MB
2025-10-06T18:15:33.787Z INFO  - b5ee41dce4d1 Downloading 11MB / 67MB
2025-10-06T18:15:33.796Z INFO  - c7bf2b05e76c Verifying Checksum
2025-10-06T18:15:33.796Z INFO  - c7bf2b05e76c Download complete
2025-10-06T18:15:33.940Z INFO  - c19952135643 Downloading 21MB / 46MB
2025-10-06T18:15:34.001Z INFO  - b49b2c83cf45 Downloading 17MB / 35MB
2025-10-06T18:15:34.002Z INFO  - b5ee41dce4d1 Downloading 13MB / 67MB
2025-10-06T18:15:34.061Z INFO  - b5ee41dce4d1 Downloading 14MB / 67MB
2025-10-06T18:15:34.127Z INFO  - 81114daeece3 Downloading 21MB / 46MB
2025-10-06T18:15:34.135Z INFO  - b49b2c83cf45 Downloading 18MB / 35MB
2025-10-06T18:15:34.183Z INFO  - 81114daeece3 Downloading 22MB / 46MB
2025-10-06T18:15:34.300Z INFO  - b5ee41dce4d1 Downloading 15MB / 67MB
2025-10-06T18:15:34.303Z INFO  - c19952135643 Downloading 23MB / 46MB
2025-10-06T18:15:34.397Z INFO  - b49b2c83cf45 Downloading 20MB / 35MB
2025-10-06T18:15:34.544Z INFO  - b49b2c83cf45 Downloading 21MB / 35MB
2025-10-06T18:15:34.545Z INFO  - 70b2d1c62102 Downloading 25MB / 45MB
2025-10-06T18:15:34.561Z INFO  - b5ee41dce4d1 Downloading 16MB / 67MB
2025-10-06T18:15:34.677Z INFO  - c19952135643 Downloading 27MB / 46MB
2025-10-06T18:15:34.745Z INFO  - b49b2c83cf45 Downloading 23MB / 35MB
2025-10-06T18:15:34.810Z INFO  - 81114daeece3 Downloading 25MB / 46MB
2025-10-06T18:15:35.035Z INFO  - b49b2c83cf45 Downloading 24MB / 35MB
2025-10-06T18:15:35.036Z INFO  - b5ee41dce4d1 Downloading 19MB / 67MB
2025-10-06T18:15:35.036Z INFO  - c19952135643 Downloading 30MB / 46MB
2025-10-06T18:15:35.055Z INFO  - 81114daeece3 Downloading 27MB / 46MB
2025-10-06T18:15:35.216Z INFO  - b49b2c83cf45 Downloading 24MB / 35MB
2025-10-06T18:15:35.216Z INFO  - b5ee41dce4d1 Downloading 20MB / 67MB
2025-10-06T18:15:35.327Z INFO  - 70b2d1c62102 Downloading 29MB / 45MB
2025-10-06T18:15:35.375Z INFO  - b49b2c83cf45 Downloading 26MB / 35MB
2025-10-06T18:15:35.376Z INFO  - b5ee41dce4d1 Downloading 21MB / 67MB
2025-10-06T18:15:35.386Z INFO  - c19952135643 Downloading 31MB / 46MB
2025-10-06T18:15:35.773Z INFO  - 70b2d1c62102 Downloading 31MB / 45MB
2025-10-06T18:15:35.779Z INFO  - 81114daeece3 Downloading 30MB / 46MB
2025-10-06T18:15:35.839Z INFO  - 81114daeece3 Downloading 30MB / 46MB
2025-10-06T18:15:35.857Z INFO  - b5ee41dce4d1 Downloading 24MB / 67MB
2025-10-06T18:15:35.857Z INFO  - c19952135643 Downloading 33MB / 46MB
2025-10-06T18:15:36.076Z INFO  - c19952135643 Downloading 35MB / 46MB
2025-10-06T18:15:36.076Z INFO  - 70b2d1c62102 Downloading 33MB / 45MB
2025-10-06T18:15:36.134Z INFO  - b5ee41dce4d1 Downloading 26MB / 67MB
2025-10-06T18:15:36.184Z INFO  - 70b2d1c62102 Downloading 34MB / 45MB
2025-10-06T18:15:36.194Z INFO  - c19952135643 Downloading 36MB / 46MB
2025-10-06T18:15:36.232Z INFO  - 81114daeece3 Downloading 32MB / 46MB
2025-10-06T18:15:36.251Z INFO  - b49b2c83cf45 Downloading 30MB / 35MB
2025-10-06T18:15:36.306Z INFO  - b5ee41dce4d1 Downloading 27MB / 67MB
2025-10-06T18:15:36.478Z INFO  - 81114daeece3 Downloading 34MB / 46MB
2025-10-06T18:15:36.478Z INFO  - 70b2d1c62102 Downloading 36MB / 45MB
2025-10-06T18:15:36.662Z INFO  - b5ee41dce4d1 Downloading 28MB / 67MB
2025-10-06T18:15:36.885Z INFO  - 70b2d1c62102 Downloading 38MB / 45MB
2025-10-06T18:15:36.885Z INFO  - b49b2c83cf45 Downloading 32MB / 35MB
2025-10-06T18:15:37.069Z INFO  - c19952135643 Downloading 39MB / 46MB
2025-10-06T18:15:37.137Z INFO  - 81114daeece3 Downloading 38MB / 46MB
2025-10-06T18:15:37.154Z INFO  - 70b2d1c62102 Downloading 38MB / 45MB
2025-10-06T18:15:37.176Z INFO  - b49b2c83cf45 Downloading 34MB / 35MB
2025-10-06T18:15:37.287Z INFO  - c19952135643 Downloading 40MB / 46MB
2025-10-06T18:15:37.303Z INFO  - b49b2c83cf45 Verifying Checksum
2025-10-06T18:15:37.303Z INFO  - b49b2c83cf45 Download complete
2025-10-06T18:15:37.329Z INFO  - 70b2d1c62102 Downloading 39MB / 45MB
2025-10-06T18:15:37.329Z INFO  - c19952135643 Downloading 41MB / 46MB
2025-10-06T18:15:38.361Z INFO  - b5ee41dce4d1 Downloading 32MB / 67MB
2025-10-06T18:15:38.361Z INFO  - 81114daeece3 Downloading 43MB / 46MB
2025-10-06T18:15:38.361Z INFO  - b5ee41dce4d1 Downloading 35MB / 67MB
2025-10-06T18:15:38.361Z INFO  - c19952135643 Verifying Checksum
2025-10-06T18:15:38.361Z INFO  - c19952135643 Download complete
2025-10-06T18:15:38.361Z INFO  - 70b2d1c62102 Verifying Checksum
2025-10-06T18:15:38.361Z INFO  - 70b2d1c62102 Download complete
2025-10-06T18:15:38.361Z INFO  - 81114daeece3 Verifying Checksum
2025-10-06T18:15:38.361Z INFO  - 81114daeece3 Download complete
2025-10-06T18:15:38.361Z INFO  - b5ee41dce4d1 Downloading 38MB / 67MB
2025-10-06T18:15:38.362Z INFO  - c19952135643 Extracting 960KB / 46MB
2025-10-06T18:15:38.797Z INFO  - c19952135643 Extracting 2MB / 46MB
2025-10-06T18:15:38.952Z INFO  - b5ee41dce4d1 Downloading 47MB / 67MB
2025-10-06T18:15:38.955Z INFO  - c19952135643 Extracting 3MB / 46MB
2025-10-06T18:15:39.137Z INFO  - c19952135643 Extracting 4MB / 46MB
2025-10-06T18:15:39.358Z INFO  - b5ee41dce4d1 Downloading 48MB / 67MB
2025-10-06T18:15:39.528Z INFO  - c19952135643 Extracting 5MB / 46MB
2025-10-06T18:15:39.759Z INFO  - c19952135643 Extracting 6MB / 46MB
2025-10-06T18:15:40.047Z INFO  - b5ee41dce4d1 Downloading 53MB / 67MB
2025-10-06T18:15:40.198Z INFO  - b5ee41dce4d1 Downloading 54MB / 67MB
2025-10-06T18:15:40.416Z INFO  - b5ee41dce4d1 Downloading 57MB / 67MB
2025-10-06T18:15:40.568Z INFO  - c19952135643 Extracting 9MB / 46MB
2025-10-06T18:15:40.777Z INFO  - b5ee41dce4d1 Downloading 59MB / 67MB
2025-10-06T18:15:40.949Z INFO  - b5ee41dce4d1 Downloading 61MB / 67MB
2025-10-06T18:15:41.065Z INFO  - b5ee41dce4d1 Downloading 62MB / 67MB
2025-10-06T18:15:41.543Z INFO  - c19952135643 Extracting 12MB / 46MB
2025-10-06T18:15:41.579Z INFO  - b5ee41dce4d1 Downloading 63MB / 67MB
2025-10-06T18:15:41.625Z INFO  - b5ee41dce4d1 Downloading 65MB / 67MB
2025-10-06T18:15:41.948Z INFO  - c19952135643 Extracting 13MB / 46MB
2025-10-06T18:15:42.659Z INFO  - b5ee41dce4d1 Downloading 67MB / 67MB
2025-10-06T18:15:42.659Z INFO  - c19952135643 Extracting 15MB / 46MB
2025-10-06T18:15:42.659Z INFO  - b5ee41dce4d1 Verifying Checksum
2025-10-06T18:15:42.659Z INFO  - b5ee41dce4d1 Download complete
2025-10-06T18:15:43.322Z INFO  - c19952135643 Extracting 16MB / 46MB
2025-10-06T18:15:43.893Z INFO  - c19952135643 Extracting 22MB / 46MB
2025-10-06T18:15:44.853Z INFO  - c19952135643 Extracting 24MB / 46MB
2025-10-06T18:15:45.298Z INFO  - c19952135643 Extracting 26MB / 46MB
2025-10-06T18:15:45.426Z INFO  - c19952135643 Extracting 29MB / 46MB
2025-10-06T18:15:45.427Z INFO  - c19952135643 Extracting 30MB / 46MB
2025-10-06T18:15:46.317Z INFO  - c19952135643 Extracting 33MB / 46MB
2025-10-06T18:15:47.978Z INFO  - c19952135643 Extracting 42MB / 46MB
2025-10-06T18:15:48.572Z INFO  - c19952135643 Extracting 44MB / 46MB
2025-10-06T18:15:49.840Z INFO  - c19952135643 Extracting 45MB / 46MB
2025-10-06T18:15:50.397Z INFO  - c19952135643 Extracting 46MB / 46MB
2025-10-06T18:15:50.625Z INFO  - c19952135643 Pull complete
2025-10-06T18:15:51.674Z INFO  - b49b2c83cf45 Extracting 7MB / 35MB
2025-10-06T18:15:52.633Z INFO  - b49b2c83cf45 Extracting 9MB / 35MB
2025-10-06T18:15:52.633Z INFO  - b49b2c83cf45 Extracting 10MB / 35MB
2025-10-06T18:15:52.633Z INFO  - b49b2c83cf45 Extracting 15MB / 35MB
2025-10-06T18:15:52.680Z INFO  - b49b2c83cf45 Extracting 17MB / 35MB
2025-10-06T18:15:54.640Z INFO  - b49b2c83cf45 Extracting 23MB / 35MB
2025-10-06T18:15:54.828Z INFO  - b49b2c83cf45 Extracting 31MB / 35MB
2025-10-06T18:15:55.057Z INFO  - b49b2c83cf45 Extracting 33MB / 35MB
2025-10-06T18:15:55.058Z INFO  - b49b2c83cf45 Extracting 34MB / 35MB
2025-10-06T18:15:55.222Z INFO  - b49b2c83cf45 Extracting 35MB / 35MB
2025-10-06T18:15:55.325Z INFO  - b49b2c83cf45 Pull complete
2025-10-06T18:15:55.718Z INFO  - a7350ec49683 Extracting 1MB / 3MB
2025-10-06T18:15:56.647Z INFO  - a7350ec49683 Extracting 3MB / 3MB
2025-10-06T18:15:56.647Z INFO  - a7350ec49683 Pull complete
2025-10-06T18:15:56.647Z INFO  - ca64976d1f75 Extracting 387B / 387B
2025-10-06T18:15:56.647Z INFO  - ca64976d1f75 Extracting 387B / 387B
2025-10-06T18:15:56.647Z INFO  - ca64976d1f75 Pull complete
2025-10-06T18:15:56.647Z INFO  - 9c231cb2d468 Extracting 32KB / 1MB
2025-10-06T18:15:56.647Z INFO  - 9c231cb2d468 Extracting 1MB / 1MB
2025-10-06T18:15:56.647Z INFO  - 9c231cb2d468 Extracting 1MB / 1MB
2025-10-06T18:15:56.647Z INFO  - 9c231cb2d468 Pull complete
2025-10-06T18:15:56.647Z INFO  - 6d5ed858bc79 Extracting 32KB / 39KB
2025-10-06T18:15:56.647Z INFO  - 6d5ed858bc79 Extracting 39KB / 39KB
2025-10-06T18:15:56.647Z INFO  - 6d5ed858bc79 Pull complete
2025-10-06T18:15:56.647Z INFO  - b147e1d819b6 Extracting 10KB / 10KB
2025-10-06T18:15:56.647Z INFO  - b147e1d819b6 Extracting 10KB / 10KB
2025-10-06T18:15:56.647Z INFO  - b147e1d819b6 Pull complete
2025-10-06T18:15:56.647Z INFO  - bddeee446dea Extracting 14KB / 14KB
2025-10-06T18:15:56.647Z INFO  - bddeee446dea Extracting 14KB / 14KB
2025-10-06T18:15:56.647Z INFO  - bddeee446dea Pull complete
2025-10-06T18:15:56.647Z INFO  - 3bba0ee51794 Extracting 281KB / 281KB
2025-10-06T18:15:56.647Z INFO  - 3bba0ee51794 Pull complete
2025-10-06T18:15:56.647Z INFO  - 5b5c68b4e022 Extracting 10KB / 10KB
2025-10-06T18:15:56.647Z INFO  - 5b5c68b4e022 Extracting 10KB / 10KB
2025-10-06T18:15:56.647Z INFO  - 5b5c68b4e022 Pull complete
2025-10-06T18:15:56.648Z INFO  - 589fad460b75 Extracting 32KB / 1MB
2025-10-06T18:15:56.648Z INFO  - 589fad460b75 Extracting 1MB / 1MB
2025-10-06T18:15:56.708Z INFO  - 589fad460b75 Pull complete
2025-10-06T18:15:56.716Z INFO  - a4ac82e1650a Extracting 32KB / 1MB
2025-10-06T18:15:56.841Z INFO  - a4ac82e1650a Extracting 352KB / 1MB
2025-10-06T18:15:56.952Z INFO  - a4ac82e1650a Extracting 1MB / 1MB
2025-10-06T18:15:56.974Z INFO  - a4ac82e1650a Pull complete
2025-10-06T18:15:56.980Z INFO  - 6e652537f0de Extracting 3KB / 3KB
2025-10-06T18:15:56.998Z INFO  - 6e652537f0de Extracting 3KB / 3KB
2025-10-06T18:15:57.004Z INFO  - 6e652537f0de Pull complete
2025-10-06T18:15:57.010Z INFO  - 4f4fb700ef54 Extracting 32B / 32B
2025-10-06T18:15:57.018Z INFO  - 4f4fb700ef54 Extracting 32B / 32B
2025-10-06T18:15:57.047Z INFO  - 4f4fb700ef54 Pull complete
2025-10-06T18:15:57.381Z INFO  - 70b2d1c62102 Extracting 12MB / 45MB
2025-10-06T18:15:57.486Z INFO  - 70b2d1c62102 Extracting 16MB / 45MB
2025-10-06T18:15:57.838Z INFO  - 70b2d1c62102 Extracting 27MB / 45MB
2025-10-06T18:15:57.939Z INFO  - 70b2d1c62102 Extracting 29MB / 45MB
2025-10-06T18:15:58.056Z INFO  - 70b2d1c62102 Extracting 30MB / 45MB
2025-10-06T18:15:58.161Z INFO  - 70b2d1c62102 Extracting 33MB / 45MB
2025-10-06T18:15:58.551Z INFO  - 70b2d1c62102 Extracting 39MB / 45MB
2025-10-06T18:15:58.665Z INFO  - 70b2d1c62102 Extracting 41MB / 45MB
2025-10-06T18:15:58.828Z INFO  - 70b2d1c62102 Extracting 45MB / 45MB
2025-10-06T18:15:58.840Z INFO  - 70b2d1c62102 Pull complete
2025-10-06T18:15:59.059Z INFO  - 81114daeece3 Extracting 1MB / 46MB
2025-10-06T18:15:59.625Z INFO  - 81114daeece3 Extracting 4MB / 46MB
2025-10-06T18:16:00.088Z INFO  - 81114daeece3 Extracting 8MB / 46MB
2025-10-06T18:16:00.205Z INFO  - 81114daeece3 Extracting 9MB / 46MB
2025-10-06T18:16:00.320Z INFO  - 81114daeece3 Extracting 10MB / 46MB
2025-10-06T18:16:00.440Z INFO  - 81114daeece3 Extracting 11MB / 46MB
2025-10-06T18:16:00.566Z INFO  - 81114daeece3 Extracting 12MB / 46MB
2025-10-06T18:16:00.697Z INFO  - 81114daeece3 Extracting 13MB / 46MB
2025-10-06T18:16:00.800Z INFO  - 81114daeece3 Extracting 14MB / 46MB
2025-10-06T18:16:00.975Z INFO  - 81114daeece3 Extracting 15MB / 46MB
2025-10-06T18:16:01.129Z INFO  - 81114daeece3 Extracting 15MB / 46MB
2025-10-06T18:16:01.259Z INFO  - 81114daeece3 Extracting 16MB / 46MB
2025-10-06T18:16:01.366Z INFO  - 81114daeece3 Extracting 17MB / 46MB
2025-10-06T18:16:02.292Z INFO  - 81114daeece3 Extracting 22MB / 46MB
2025-10-06T18:16:03.198Z INFO  - 81114daeece3 Extracting 25MB / 46MB
2025-10-06T18:16:03.623Z INFO  - 81114daeece3 Extracting 28MB / 46MB
2025-10-06T18:16:03.844Z INFO  - 81114daeece3 Extracting 29MB / 46MB
2025-10-06T18:16:04.387Z INFO  - 81114daeece3 Extracting 30MB / 46MB
2025-10-06T18:16:05.232Z INFO  - 81114daeece3 Extracting 32MB / 46MB
2025-10-06T18:16:05.464Z INFO  - 81114daeece3 Extracting 33MB / 46MB
2025-10-06T18:16:06.507Z INFO  - 81114daeece3 Extracting 35MB / 46MB
2025-10-06T18:16:07.192Z INFO  - 81114daeece3 Extracting 36MB / 46MB
2025-10-06T18:16:07.556Z INFO  - 81114daeece3 Extracting 37MB / 46MB
2025-10-06T18:16:07.772Z INFO  - 81114daeece3 Extracting 38MB / 46MB
2025-10-06T18:16:08.129Z INFO  - 81114daeece3 Extracting 39MB / 46MB
2025-10-06T18:16:08.709Z INFO  - 81114daeece3 Extracting 40MB / 46MB
2025-10-06T18:16:09.065Z INFO  - 81114daeece3 Extracting 41MB / 46MB
2025-10-06T18:16:09.587Z INFO  - 81114daeece3 Extracting 42MB / 46MB
2025-10-06T18:16:09.945Z INFO  - 81114daeece3 Extracting 43MB / 46MB
2025-10-06T18:16:10.452Z INFO  - 81114daeece3 Extracting 44MB / 46MB
2025-10-06T18:16:11.548Z INFO  - 81114daeece3 Extracting 45MB / 46MB
2025-10-06T18:16:12.731Z INFO  - 81114daeece3 Extracting 45MB / 46MB
2025-10-06T18:16:12.782Z INFO  - 81114daeece3 Extracting 46MB / 46MB
2025-10-06T18:16:13.101Z INFO  - 81114daeece3 Pull complete
2025-10-06T18:16:13.318Z INFO  - 72560126db61 Extracting 512KB / 11MB
2025-10-06T18:16:14.740Z INFO  - 72560126db61 Extracting 5MB / 11MB
2025-10-06T18:16:14.935Z INFO  - 72560126db61 Extracting 8MB / 11MB
2025-10-06T18:16:15.426Z INFO  - 72560126db61 Extracting 8MB / 11MB
2025-10-06T18:16:16.262Z INFO  - 72560126db61 Extracting 9MB / 11MB
2025-10-06T18:16:16.540Z INFO  - 72560126db61 Extracting 10MB / 11MB
2025-10-06T18:16:17.291Z INFO  - 72560126db61 Extracting 10MB / 11MB
2025-10-06T18:16:17.549Z INFO  - 72560126db61 Extracting 11MB / 11MB
2025-10-06T18:16:17.669Z INFO  - 72560126db61 Pull complete
2025-10-06T18:16:17.983Z INFO  - b4ee02498c51 Extracting 1MB / 16MB
2025-10-06T18:16:18.415Z INFO  - b4ee02498c51 Extracting 2MB / 16MB
2025-10-06T18:16:18.690Z INFO  - b4ee02498c51 Extracting 4MB / 16MB
2025-10-06T18:16:20.774Z INFO  - b4ee02498c51 Extracting 8MB / 16MB
2025-10-06T18:16:20.774Z INFO  - b4ee02498c51 Extracting 9MB / 16MB
2025-10-06T18:16:21.387Z INFO  - b4ee02498c51 Extracting 10MB / 16MB
2025-10-06T18:16:22.029Z INFO  - b4ee02498c51 Extracting 10MB / 16MB
2025-10-06T18:16:22.030Z INFO  - b4ee02498c51 Extracting 11MB / 16MB
2025-10-06T18:16:22.613Z INFO  - b4ee02498c51 Extracting 11MB / 16MB
2025-10-06T18:16:23.153Z INFO  - b4ee02498c51 Extracting 11MB / 16MB
2025-10-06T18:16:25.426Z INFO  - b4ee02498c51 Extracting 14MB / 16MB
2025-10-06T18:16:25.658Z INFO  - b4ee02498c51 Extracting 14MB / 16MB
2025-10-06T18:16:27.640Z INFO  - b4ee02498c51 Extracting 15MB / 16MB
2025-10-06T18:16:27.805Z INFO  - b4ee02498c51 Extracting 16MB / 16MB
2025-10-06T18:16:28.189Z INFO  - b4ee02498c51 Pull complete
2025-10-06T18:16:28.193Z INFO  - 9f7642f5d897 Extracting 126B / 126B
2025-10-06T18:16:28.202Z INFO  - 9f7642f5d897 Extracting 126B / 126B
2025-10-06T18:16:28.215Z INFO  - 9f7642f5d897 Pull complete
2025-10-06T18:16:28.541Z INFO  - 064a93d404d8 Extracting 960KB / 5MB
2025-10-06T18:16:28.657Z INFO  - 064a93d404d8 Extracting 2MB / 5MB
2025-10-06T18:16:28.659Z INFO  - 064a93d404d8 Extracting 5MB / 5MB
2025-10-06T18:16:28.674Z INFO  - 064a93d404d8 Pull complete
2025-10-06T18:16:28.680Z INFO  - 9078bcfaabdd Extracting 948B / 948B
2025-10-06T18:16:28.685Z INFO  - 9078bcfaabdd Extracting 948B / 948B
2025-10-06T18:16:28.692Z INFO  - 9078bcfaabdd Pull complete
2025-10-06T18:16:28.701Z INFO  - 8367cb93fd79 Extracting 1KB / 1KB
2025-10-06T18:16:28.706Z INFO  - 8367cb93fd79 Extracting 1KB / 1KB
2025-10-06T18:16:28.742Z INFO  - 8367cb93fd79 Pull complete
2025-10-06T18:16:28.753Z INFO  - 432802c32c40 Extracting 139B / 139B
2025-10-06T18:16:28.755Z INFO  - 432802c32c40 Extracting 139B / 139B
2025-10-06T18:16:28.802Z INFO  - 432802c32c40 Pull complete
2025-10-06T18:16:29.004Z INFO  - b5ee41dce4d1 Extracting 544KB / 67MB
2025-10-06T18:16:29.262Z INFO  - b5ee41dce4d1 Extracting 1MB / 67MB
2025-10-06T18:16:29.796Z INFO  - b5ee41dce4d1 Extracting 5MB / 67MB
2025-10-06T18:16:30.212Z INFO  - b5ee41dce4d1 Extracting 8MB / 67MB
2025-10-06T18:16:30.831Z INFO  - b5ee41dce4d1 Extracting 9MB / 67MB
2025-10-06T18:16:30.831Z INFO  - b5ee41dce4d1 Extracting 10MB / 67MB
2025-10-06T18:16:31.436Z INFO  - b5ee41dce4d1 Extracting 12MB / 67MB
2025-10-06T18:16:32.350Z INFO  - b5ee41dce4d1 Extracting 14MB / 67MB
2025-10-06T18:16:32.350Z INFO  - b5ee41dce4d1 Extracting 15MB / 67MB
2025-10-06T18:16:33.293Z INFO  - b5ee41dce4d1 Extracting 20MB / 67MB
2025-10-06T18:16:33.747Z INFO  - b5ee41dce4d1 Extracting 21MB / 67MB
2025-10-06T18:16:34.223Z INFO  - b5ee41dce4d1 Extracting 24MB / 67MB
2025-10-06T18:16:34.425Z INFO  - b5ee41dce4d1 Extracting 26MB / 67MB
2025-10-06T18:16:34.752Z INFO  - b5ee41dce4d1 Extracting 27MB / 67MB
2025-10-06T18:16:34.955Z INFO  - b5ee41dce4d1 Extracting 28MB / 67MB
2025-10-06T18:16:35.292Z INFO  - b5ee41dce4d1 Extracting 29MB / 67MB
2025-10-06T18:16:35.891Z INFO  - b5ee41dce4d1 Extracting 31MB / 67MB
2025-10-06T18:16:37.447Z INFO  - b5ee41dce4d1 Extracting 36MB / 67MB
2025-10-06T18:16:37.861Z INFO  - b5ee41dce4d1 Extracting 39MB / 67MB
2025-10-06T18:16:38.782Z INFO  - b5ee41dce4d1 Extracting 42MB / 67MB
2025-10-06T18:16:40.743Z INFO  - b5ee41dce4d1 Extracting 44MB / 67MB
2025-10-06T18:16:41.141Z INFO  - b5ee41dce4d1 Extracting 45MB / 67MB
2025-10-06T18:16:41.708Z INFO  - b5ee41dce4d1 Extracting 47MB / 67MB
2025-10-06T18:16:42.627Z INFO  - b5ee41dce4d1 Extracting 50MB / 67MB
2025-10-06T18:16:43.748Z INFO  - b5ee41dce4d1 Extracting 55MB / 67MB
2025-10-06T18:16:44.146Z INFO  - b5ee41dce4d1 Extracting 57MB / 67MB
2025-10-06T18:16:44.906Z INFO  - b5ee41dce4d1 Extracting 60MB / 67MB
2025-10-06T18:16:44.906Z INFO  - b5ee41dce4d1 Extracting 63MB / 67MB
2025-10-06T18:16:44.984Z INFO  - b5ee41dce4d1 Extracting 66MB / 67MB
2025-10-06T18:16:45.377Z INFO  - b5ee41dce4d1 Extracting 67MB / 67MB
2025-10-06T18:16:45.914Z INFO  - b5ee41dce4d1 Pull complete
2025-10-06T18:16:45.919Z INFO  - 299358e274fc Extracting 1KB / 1KB
2025-10-06T18:16:45.939Z INFO  - 299358e274fc Extracting 1KB / 1KB
2025-10-06T18:16:46.072Z INFO  - 299358e274fc Pull complete
2025-10-06T18:16:46.153Z INFO  - a0f687a8a43e Extracting 1KB / 1KB
2025-10-06T18:16:46.182Z INFO  - a0f687a8a43e Extracting 1KB / 1KB
2025-10-06T18:16:46.325Z INFO  - a0f687a8a43e Pull complete
2025-10-06T18:16:46.436Z INFO  - f6668cf6fc4f Extracting 3KB / 3KB
2025-10-06T18:16:47.410Z INFO  - f6668cf6fc4f Extracting 3KB / 3KB
2025-10-06T18:16:47.410Z INFO  - f6668cf6fc4f Pull complete
2025-10-06T18:16:47.410Z INFO  - cab9518eb753 Extracting 151B / 151B
2025-10-06T18:16:47.410Z INFO  - cab9518eb753 Extracting 151B / 151B
2025-10-06T18:16:47.410Z INFO  - cab9518eb753 Pull complete
2025-10-06T18:16:47.410Z INFO  - f9717d513d08 Extracting 13KB / 13KB
2025-10-06T18:16:47.410Z INFO  - f9717d513d08 Extracting 13KB / 13KB
2025-10-06T18:16:47.410Z INFO  - f9717d513d08 Pull complete
2025-10-06T18:16:47.410Z INFO  - 81d0cf6a6204 Extracting 1KB / 1KB
2025-10-06T18:16:47.410Z INFO  - 81d0cf6a6204 Extracting 1KB / 1KB
2025-10-06T18:16:47.410Z INFO  - 81d0cf6a6204 Pull complete
2025-10-06T18:16:47.410Z INFO  - e705a3b12771 Extracting 269B / 269B
2025-10-06T18:16:47.410Z INFO  - e705a3b12771 Extracting 269B / 269B
2025-10-06T18:16:47.410Z INFO  - e705a3b12771 Pull complete
2025-10-06T18:16:47.410Z INFO  - cdcdb6bbda74 Extracting 269B / 269B
2025-10-06T18:16:47.410Z INFO  - cdcdb6bbda74 Extracting 269B / 269B
2025-10-06T18:16:47.410Z INFO  - cdcdb6bbda74 Pull complete
2025-10-06T18:16:47.410Z INFO  - 3c56665f14df Extracting 124B / 124B
2025-10-06T18:16:47.410Z INFO  - 3c56665f14df Extracting 124B / 124B
2025-10-06T18:16:47.410Z INFO  - 3c56665f14df Pull complete
2025-10-06T18:16:47.419Z INFO  - 6076b5261919 Extracting 416B / 416B
2025-10-06T18:16:47.421Z INFO  - 6076b5261919 Extracting 416B / 416B
2025-10-06T18:16:47.432Z INFO  - 6076b5261919 Pull complete
2025-10-06T18:16:47.439Z INFO  - cfb2442eec7a Extracting 1KB / 1KB
2025-10-06T18:16:47.440Z INFO  - cfb2442eec7a Extracting 1KB / 1KB
2025-10-06T18:16:47.452Z INFO  - cfb2442eec7a Pull complete
2025-10-06T18:16:47.764Z INFO  - c7bf2b05e76c Extracting 160KB / 1MB
2025-10-06T18:16:47.958Z INFO  - c7bf2b05e76c Extracting 288KB / 1MB
2025-10-06T18:16:48.411Z INFO  - c7bf2b05e76c Extracting 992KB / 1MB
2025-10-06T18:16:48.674Z INFO  - c7bf2b05e76c Extracting 1MB / 1MB
2025-10-06T18:16:48.757Z INFO  - c7bf2b05e76c Pull complete
2025-10-06T18:16:48.760Z INFO  - 9e40ee8f5c7c Extracting 133B / 133B
2025-10-06T18:16:48.770Z INFO  - 9e40ee8f5c7c Extracting 133B / 133B
2025-10-06T18:16:48.779Z INFO  - 9e40ee8f5c7c Pull complete
2025-10-06T18:16:48.884Z INFO  -  Digest: sha256:090c03b4259823f8be151de295b9ef30aeea81cc540a9908f9a57cbe5e893095
2025-10-06T18:16:48.894Z INFO  -  Status: Downloaded newer image for mcr.microsoft.com/appsvc/node:20-lts_20250724.2.tuxprod
2025-10-06T18:16:48.953Z INFO  - Pull Image successful, Time taken: 83 Seconds
2025-10-06T18:16:50.631Z INFO  - Starting container for site
2025-10-06T18:16:50.631Z INFO  - docker run -d -p 4120:8080 --name homework-helper-api_0_e06f03f6 -e WEBSITE_USE_DIAGNOSTIC_SERVER=true -e PORT=8080 -e WEBSITE_SITE_NAME=homework-helper-api -e WEBSITE_AUTH_ENABLED=False -e WEBSITE_ROLE_INSTANCE_ID=0 -e WEBSITE_HOSTNAME=homework-helper-api.azurewebsites.net -e WEBSITE_INSTANCE_ID=4674be82b396abaf83d02ae5cb9797e3302ed577226c6d832720658f6837fffe appsvc/node:20-lts_20250724.2.tuxprod 
2025-10-06T18:16:50.631Z INFO  - Logging is not enabled for this container.
Please use https://aka.ms/linux-diagnostics to enable logging to see container logs here.
2025-10-06T18:16:54.050Z INFO  - Initiating warmup request to container homework-helper-api_0_e06f03f6 for site homework-helper-api
2025-10-06T18:17:15.164Z INFO  - Waiting for response to warmup request for container homework-helper-api_0_e06f03f6. Elapsed time = 21.1244273 sec
2025-10-06T18:17:32.791Z ERROR - Container homework-helper-api_0_e06f03f6 for site homework-helper-api has exited, failing site start
2025-10-06T18:17:32.928Z ERROR - Container homework-helper-api_0_e06f03f6 didn't respond to HTTP pings on port: 8080. Failing site start. See container logs for debugging.
2025-10-06T18:17:33.373Z INFO  - Stopping site homework-helper-api because it failed during startup.
2025-10-06T18:17:49.071Z INFO  - Starting container for site
2025-10-06T18:17:49.072Z INFO  - docker run -d -p 4926:8080 --name homework-helper-api_0_22fab729 -e WEBSITE_USE_DIAGNOSTIC_SERVER=true -e PORT=8080 -e WEBSITE_SITE_NAME=homework-helper-api -e WEBSITE_AUTH_ENABLED=False -e WEBSITE_ROLE_INSTANCE_ID=0 -e WEBSITE_HOSTNAME=homework-helper-api.azurewebsites.net -e WEBSITE_INSTANCE_ID=4674be82b396abaf83d02ae5cb9797e3302ed577226c6d832720658f6837fffe appsvc/node:20-lts_20250724.2.tuxprod 
2025-10-06T18:17:49.073Z INFO  - Logging is not enabled for this container.
Please use https://aka.ms/linux-diagnostics to enable logging to see container logs here.
2025-10-06T18:17:51.911Z INFO  - Initiating warmup request to container homework-helper-api_0_22fab729 for site homework-helper-api
2025-10-06T18:18:14.480Z INFO  - Waiting for response to warmup request for container homework-helper-api_0_22fab729. Elapsed time = 22.5690766 sec
2025-10-06T18:18:22.858Z ERROR - Container homework-helper-api_0_22fab729 for site homework-helper-api has exited, failing site start
2025-10-06T18:18:22.906Z ERROR - Container homework-helper-api_0_22fab729 didn't respond to HTTP pings on port: 8080. Failing site start. See container logs for debugging.
2025-10-06T18:18:22.968Z INFO  - Stopping site homework-helper-api because it failed during startup.
2025-10-06T18:18:33.952Z INFO  - Starting container for site
2025-10-06T18:18:33.953Z INFO  - docker run -d -p 7304:8080 --name homework-helper-api_0_f5b162a0 -e WEBSITE_USE_DIAGNOSTIC_SERVER=true -e PORT=8080 -e WEBSITE_SITE_NAME=homework-helper-api -e WEBSITE_AUTH_ENABLED=False -e WEBSITE_ROLE_INSTANCE_ID=0 -e WEBSITE_HOSTNAME=homework-helper-api.azurewebsites.net -e WEBSITE_INSTANCE_ID=4674be82b396abaf83d02ae5cb9797e3302ed577226c6d832720658f6837fffe appsvc/node:20-lts_20250724.2.tuxprod 
2025-10-06T18:18:33.963Z INFO  - Logging is not enabled for this container.
Please use https://aka.ms/linux-diagnostics to enable logging to see container logs here.
2025-10-06T18:18:37.085Z INFO  - Initiating warmup request to container homework-helper-api_0_f5b162a0 for site homework-helper-api
2025-10-06T18:18:54.538Z INFO  - Waiting for response to warmup request for container homework-helper-api_0_f5b162a0. Elapsed time = 17.4536411 sec
2025-10-06T18:18:58.968Z ERROR - Container homework-helper-api_0_f5b162a0 for site homework-helper-api has exited, failing site start
2025-10-06T18:18:59.000Z ERROR - Container homework-helper-api_0_f5b162a0 didn't respond to HTTP pings on port: 8080. Failing site start. See container logs for debugging.
2025-10-06T18:18:59.027Z INFO  - Stopping site homework-helper-api because it failed during startup.
2025-10-06T18:19:09.713Z INFO  - Starting container for site
2025-10-06T18:19:09.718Z INFO  - docker run -d -p 8726:8080 --name homework-helper-api_0_470fe447 -e WEBSITE_USE_DIAGNOSTIC_SERVER=true -e PORT=8080 -e WEBSITE_SITE_NAME=homework-helper-api -e WEBSITE_AUTH_ENABLED=False -e WEBSITE_ROLE_INSTANCE_ID=0 -e WEBSITE_HOSTNAME=homework-helper-api.azurewebsites.net -e WEBSITE_INSTANCE_ID=4674be82b396abaf83d02ae5cb9797e3302ed577226c6d832720658f6837fffe appsvc/node:20-lts_20250724.2.tuxprod 
2025-10-06T18:19:09.719Z INFO  - Logging is not enabled for this container.
Please use https://aka.ms/linux-diagnostics to enable logging to see container logs here.
2025-10-06T18:19:12.964Z INFO  - Initiating warmup request to container homework-helper-api_0_470fe447 for site homework-helper-api
2025-10-06T18:19:30.492Z INFO  - Waiting for response to warmup request for container homework-helper-api_0_470fe447. Elapsed time = 17.5280832 sec
2025-10-06T18:19:37.059Z ERROR - Container homework-helper-api_0_470fe447 for site homework-helper-api has exited, failing site start
2025-10-06T18:19:37.104Z ERROR - Container homework-helper-api_0_470fe447 didn't respond to HTTP pings on port: 8080. Failing site start. See container logs for debugging.
2025-10-06T18:19:37.132Z INFO  - Stopping site homework-helper-api because it failed during startup.
2025-10-06T18:21:56.947Z INFO  - Starting container for site
2025-10-06T18:21:56.948Z INFO  - docker run -d -p 4576:8080 --name homework-helper-api_0_665213f9 -e WEBSITE_USE_DIAGNOSTIC_SERVER=true -e PORT=8080 -e WEBSITE_SITE_NAME=homework-helper-api -e WEBSITE_AUTH_ENABLED=False -e WEBSITE_ROLE_INSTANCE_ID=0 -e WEBSITE_HOSTNAME=homework-helper-api.azurewebsites.net -e WEBSITE_INSTANCE_ID=4674be82b396abaf83d02ae5cb9797e3302ed577226c6d832720658f6837fffe appsvc/node:20-lts_20250724.2.tuxprod 
2025-10-06T18:21:56.949Z INFO  - Logging is not enabled for this container.
Please use https://aka.ms/linux-diagnostics to enable logging to see container logs here.
2025-10-06T18:22:00.250Z INFO  - Initiating warmup request to container homework-helper-api_0_665213f9 for site homework-helper-api
2025-10-06T18:22:19.648Z INFO  - Waiting for response to warmup request for container homework-helper-api_0_665213f9. Elapsed time = 19.3981936 sec
2025-10-06T18:22:41.119Z INFO  - Waiting for response to warmup request for container homework-helper-api_0_665213f9. Elapsed time = 40.8685215 sec
2025-10-06T18:22:43.720Z ERROR - Container homework-helper-api_0_665213f9 for site homework-helper-api has exited, failing site start
2025-10-06T18:22:43.767Z ERROR - Container homework-helper-api_0_665213f9 didn't respond to HTTP pings on port: 8080. Failing site start. See container logs for debugging.
2025-10-06T18:22:43.857Z INFO  - Stopping site homework-helper-api because it failed during startup.
2025-10-06T18:25:09.701Z INFO  - Starting container for site
2025-10-06T18:25:09.702Z INFO  - docker run -d -p 7610:8080 --name homework-helper-api_0_c3942f8f -e WEBSITE_USE_DIAGNOSTIC_SERVER=true -e PORT=8080 -e WEBSITE_SITE_NAME=homework-helper-api -e WEBSITE_AUTH_ENABLED=False -e WEBSITE_ROLE_INSTANCE_ID=0 -e WEBSITE_HOSTNAME=homework-helper-api.azurewebsites.net -e WEBSITE_INSTANCE_ID=4674be82b396abaf83d02ae5cb9797e3302ed577226c6d832720658f6837fffe appsvc/node:20-lts_20250724.2.tuxprod 
2025-10-06T18:25:09.703Z INFO  - Logging is not enabled for this container.
Please use https://aka.ms/linux-diagnostics to enable logging to see container logs here.
2025-10-06T18:25:14.585Z INFO  - Initiating warmup request to container homework-helper-api_0_c3942f8f for site homework-helper-api
2025-10-06T18:25:32.902Z INFO  - Waiting for response to warmup request for container homework-helper-api_0_c3942f8f. Elapsed time = 18.3172045 sec
2025-10-06T18:25:39.844Z ERROR - Container homework-helper-api_0_c3942f8f for site homework-helper-api has exited, failing site start
2025-10-06T18:25:39.864Z ERROR - Container homework-helper-api_0_c3942f8f didn't respond to HTTP pings on port: 8080. Failing site start. See container logs for debugging.
2025-10-06T18:25:39.908Z INFO  - Stopping site homework-helper-api because it failed during startup.
2025-10-06T18:27:51.809Z INFO  - Starting container for site
2025-10-06T18:27:51.810Z INFO  - docker run -d -p 5365:8080 --name homework-helper-api_0_415fa6fd -e WEBSITE_USE_DIAGNOSTIC_SERVER=true -e PORT=8080 -e WEBSITE_SITE_NAME=homework-helper-api -e WEBSITE_AUTH_ENABLED=False -e WEBSITE_ROLE_INSTANCE_ID=0 -e WEBSITE_HOSTNAME=homework-helper-api.azurewebsites.net -e WEBSITE_INSTANCE_ID=4674be82b396abaf83d02ae5cb9797e3302ed577226c6d832720658f6837fffe appsvc/node:20-lts_20250724.2.tuxprod 
2025-10-06T18:27:51.811Z INFO  - Logging is not enabled for this container.
Please use https://aka.ms/linux-diagnostics to enable logging to see container logs here.
2025-10-06T18:27:54.316Z INFO  - Initiating warmup request to container homework-helper-api_0_415fa6fd for site homework-helper-api
2025-10-06T18:28:12.217Z INFO  - Waiting for response to warmup request for container homework-helper-api_0_415fa6fd. Elapsed time = 17.9008632 sec
2025-10-06T18:28:21.434Z ERROR - Container homework-helper-api_0_415fa6fd for site homework-helper-api has exited, failing site start
2025-10-06T18:28:21.481Z ERROR - Container homework-helper-api_0_415fa6fd didn't respond to HTTP pings on port: 8080. Failing site start. See container logs for debugging.
2025-10-06T18:28:21.500Z INFO  - Stopping site homework-helper-api because it failed during startup.
2025-10-06T18:37:34.435Z INFO  - Starting container for site
2025-10-06T18:37:34.438Z INFO  - docker run -d -p 6531:8080 --name homework-helper-api_0_a7a9bd71 -e WEBSITE_USE_DIAGNOSTIC_SERVER=true -e PORT=8080 -e WEBSITE_SITE_NAME=homework-helper-api -e WEBSITE_AUTH_ENABLED=False -e WEBSITE_ROLE_INSTANCE_ID=0 -e WEBSITE_HOSTNAME=homework-helper-api.azurewebsites.net -e WEBSITE_INSTANCE_ID=4674be82b396abaf83d02ae5cb9797e3302ed577226c6d832720658f6837fffe appsvc/node:20-lts_20250724.2.tuxprod 
2025-10-06T18:37:34.439Z INFO  - Logging is not enabled for this container.
Please use https://aka.ms/linux-diagnostics to enable logging to see container logs here.
2025-10-06T18:37:41.018Z INFO  - Initiating warmup request to container homework-helper-api_0_a7a9bd71 for site homework-helper-api
2025-10-06T18:37:59.453Z INFO  - Waiting for response to warmup request for container homework-helper-api_0_a7a9bd71. Elapsed time = 18.4435403 sec
2025-10-06T18:38:08.235Z ERROR - Container homework-helper-api_0_a7a9bd71 for site homework-helper-api has exited, failing site start
2025-10-06T18:38:08.285Z ERROR - Container homework-helper-api_0_a7a9bd71 didn't respond to HTTP pings on port: 8080. Failing site start. See container logs for debugging.
2025-10-06T18:38:08.352Z INFO  - Stopping site homework-helper-api because it failed during startup.
2025-10-06T18:46:26.367Z INFO  - Starting container for site
2025-10-06T18:46:26.370Z INFO  - docker run -d -p 6029:8080 --name homework-helper-api_0_f1031c80 -e WEBSITE_USE_DIAGNOSTIC_SERVER=true -e PORT=8080 -e WEBSITE_SITE_NAME=homework-helper-api -e WEBSITE_AUTH_ENABLED=False -e WEBSITE_ROLE_INSTANCE_ID=0 -e WEBSITE_HOSTNAME=homework-helper-api.azurewebsites.net -e WEBSITE_INSTANCE_ID=4674be82b396abaf83d02ae5cb9797e3302ed577226c6d832720658f6837fffe appsvc/node:20-lts_20250724.2.tuxprod 
2025-10-06T18:46:26.371Z INFO  - Logging is not enabled for this container.
Please use https://aka.ms/linux-diagnostics to enable logging to see container logs here.
2025-10-06T18:46:28.869Z INFO  - Initiating warmup request to container homework-helper-api_0_f1031c80 for site homework-helper-api
2025-10-06T18:46:46.623Z INFO  - Waiting for response to warmup request for container homework-helper-api_0_f1031c80. Elapsed time = 17.7540027 sec
2025-10-06T18:46:59.271Z ERROR - Container homework-helper-api_0_f1031c80 for site homework-helper-api has exited, failing site start
2025-10-06T18:46:59.528Z ERROR - Container homework-helper-api_0_f1031c80 didn't respond to HTTP pings on port: 8080. Failing site start. See container logs for debugging.
2025-10-06T18:46:59.625Z INFO  - Stopping site homework-helper-api because it failed during startup.
2025-10-06T18:50:52.900Z INFO  - Starting container for site
2025-10-06T18:50:52.901Z INFO  - docker run -d -p 7425:8080 --name homework-helper-api_0_0eb22d82 -e WEBSITE_USE_DIAGNOSTIC_SERVER=true -e PORT=8080 -e WEBSITE_SITE_NAME=homework-helper-api -e WEBSITE_AUTH_ENABLED=False -e WEBSITE_ROLE_INSTANCE_ID=0 -e WEBSITE_HOSTNAME=homework-helper-api.azurewebsites.net -e WEBSITE_INSTANCE_ID=4674be82b396abaf83d02ae5cb9797e3302ed577226c6d832720658f6837fffe appsvc/node:20-lts_20250724.2.tuxprod 
2025-10-06T18:50:52.902Z INFO  - Logging is not enabled for this container.
Please use https://aka.ms/linux-diagnostics to enable logging to see container logs here.
2025-10-06T18:50:55.577Z INFO  - Initiating warmup request to container homework-helper-api_0_0eb22d82 for site homework-helper-api
2025-10-06T18:51:13.692Z INFO  - Waiting for response to warmup request for container homework-helper-api_0_0eb22d82. Elapsed time = 18.1152845 sec
2025-10-06T18:51:26.179Z ERROR - Container homework-helper-api_0_0eb22d82 for site homework-helper-api has exited, failing site start
2025-10-06T18:51:26.250Z ERROR - Container homework-helper-api_0_0eb22d82 didn't respond to HTTP pings on port: 8080. Failing site start. See container logs for debugging.
2025-10-06T18:51:26.279Z INFO  - Stopping site homework-helper-api because it failed during startup.
2025-10-06T18:56:38.549Z INFO  - Starting container for site
2025-10-06T18:56:38.567Z INFO  - docker run -d -p 5218:8080 --name homework-helper-api_0_b2a9cba8 -e WEBSITE_USE_DIAGNOSTIC_SERVER=true -e PORT=8080 -e WEBSITE_SITE_NAME=homework-helper-api -e WEBSITE_AUTH_ENABLED=False -e WEBSITE_ROLE_INSTANCE_ID=0 -e WEBSITE_HOSTNAME=homework-helper-api.azurewebsites.net -e WEBSITE_INSTANCE_ID=4674be82b396abaf83d02ae5cb9797e3302ed577226c6d832720658f6837fffe appsvc/node:20-lts_20250724.2.tuxprod REDACTED
2025-10-06T18:56:38.568Z INFO  - Logging is not enabled for this container.
Please use https://aka.ms/linux-diagnostics to enable logging to see container logs here.
2025-10-06T18:56:41.491Z INFO  - Initiating warmup request to container homework-helper-api_0_b2a9cba8 for site homework-helper-api
2025-10-06T18:56:59.437Z INFO  - Waiting for response to warmup request for container homework-helper-api_0_b2a9cba8. Elapsed time = 17.946308 sec
2025-10-06T18:57:18.496Z INFO  - Waiting for response to warmup request for container homework-helper-api_0_b2a9cba8. Elapsed time = 37.0049077 sec
2025-10-06T18:57:38.855Z INFO  - Waiting for response to warmup request for container homework-helper-api_0_b2a9cba8. Elapsed time = 57.3637968 sec
2025-10-06T18:57:56.590Z INFO  - Waiting for response to warmup request for container homework-helper-api_0_b2a9cba8. Elapsed time = 75.0987927 sec
2025-10-06T18:58:12.910Z INFO  - Waiting for response to warmup request for container homework-helper-api_0_b2a9cba8. Elapsed time = 91.4192245 sec
2025-10-06T18:58:32.432Z INFO  - Waiting for response to warmup request for container homework-helper-api_0_b2a9cba8. Elapsed time = 110.9407367 sec
2025-10-06T18:58:49.940Z INFO  - Waiting for response to warmup request for container homework-helper-api_0_b2a9cba8. Elapsed time = 128.4491552 sec
2025-10-06T18:59:06.302Z INFO  - Waiting for response to warmup request for container homework-helper-api_0_b2a9cba8. Elapsed time = 144.8111337 sec
2025-10-06T18:59:21.907Z INFO  - Waiting for response to warmup request for container homework-helper-api_0_b2a9cba8. Elapsed time = 160.4161773 sec
2025-10-06T18:59:37.313Z INFO  - Waiting for response to warmup request for container homework-helper-api_0_b2a9cba8. Elapsed time = 175.8219333 sec
2025-10-06T18:59:55.308Z INFO  - Waiting for response to warmup request for container homework-helper-api_0_b2a9cba8. Elapsed time = 193.8165627 sec
2025-10-06T19:00:11.271Z INFO  - Waiting for response to warmup request for container homework-helper-api_0_b2a9cba8. Elapsed time = 209.7802373 sec
2025-10-06T19:00:21.281Z INFO  - Container homework-helper-api_0_b2a9cba8 for site homework-helper-api initialized successfully and is ready to serve requests.
2025-10-06T19:00:40.561Z INFO  - Starting container for site
2025-10-06T19:00:40.563Z INFO  - docker run -d -p 8153:8080 --name homework-helper-api_1_9d51c7b9 -e WEBSITE_USE_DIAGNOSTIC_SERVER=true -e PORT=8080 -e WEBSITE_SITE_NAME=homework-helper-api -e WEBSITE_AUTH_ENABLED=False -e WEBSITE_ROLE_INSTANCE_ID=0 -e WEBSITE_HOSTNAME=homework-helper-api.azurewebsites.net -e WEBSITE_INSTANCE_ID=4674be82b396abaf83d02ae5cb9797e3302ed577226c6d832720658f6837fffe appsvc/node:20-lts_20250724.2.tuxprod REDACTED
2025-10-06T19:00:40.564Z INFO  - Logging is not enabled for this container.
Please use https://aka.ms/linux-diagnostics to enable logging to see container logs here.
2025-10-06T19:00:52.398Z INFO  - Initiating warmup request to container homework-helper-api_1_9d51c7b9 for site homework-helper-api
2025-10-06T19:01:09.755Z INFO  - Waiting for response to warmup request for container homework-helper-api_1_9d51c7b9. Elapsed time = 17.3570701 sec
2025-10-06T19:01:28.147Z INFO  - Waiting for response to warmup request for container homework-helper-api_1_9d51c7b9. Elapsed time = 35.7487651 sec
2025-10-06T19:01:45.966Z INFO  - Waiting for response to warmup request for container homework-helper-api_1_9d51c7b9. Elapsed time = 53.5684022 sec
2025-10-06T19:02:05.035Z INFO  - Waiting for response to warmup request for container homework-helper-api_1_9d51c7b9. Elapsed time = 72.6372301 sec
2025-10-06T19:02:28.981Z INFO  - Waiting for response to warmup request for container homework-helper-api_1_9d51c7b9. Elapsed time = 96.5834089 sec
2025-10-06T19:02:54.723Z INFO  - Waiting for response to warmup request for container homework-helper-api_1_9d51c7b9. Elapsed time = 122.325176 sec
2025-10-06T19:03:21.914Z INFO  - Waiting for response to warmup request for container homework-helper-api_1_9d51c7b9. Elapsed time = 149.5165944 sec
2025-10-06T19:03:47.164Z INFO  - Waiting for response to warmup request for container homework-helper-api_1_9d51c7b9. Elapsed time = 174.7664472 sec
2025-10-06T19:04:05.555Z INFO  - Waiting for response to warmup request for container homework-helper-api_1_9d51c7b9. Elapsed time = 193.1577107 sec
2025-10-06T19:04:26.344Z INFO  - Waiting for response to warmup request for container homework-helper-api_1_9d51c7b9. Elapsed time = 213.9464808 sec
2025-10-06T19:04:44.778Z ERROR - Container homework-helper-api_1_9d51c7b9 for site homework-helper-api did not start within expected time limit. Elapsed time = 232.377456 sec
2025-10-06T19:04:46.362Z ERROR - Container homework-helper-api_1_9d51c7b9 didn't respond to HTTP pings on port: 8080. Failing site start. See container logs for debugging.
2025-10-06T19:12:07.6656892Z Container start method called.
2025-10-06T19:12:07.6691835Z Establishing network.
2025-10-06T19:12:07.6852439Z Pulling image: appsvc/node:20-lts_20250724.2.tuxprod.
2025-10-06T19:12:13.8373834Z Container is starting.
2025-10-06T19:12:13.8467271Z Establishing user namespace if not established already.
2025-10-06T19:12:13.8549915Z Establishing network if not established already.
2025-10-06T19:12:13.8574711Z Mounting volumes.
2025-10-06T19:12:13.9077315Z Nested mountpoint 
2025-10-06T19:12:14.0158970Z Nested mountpoint volatile/logs
2025-10-06T19:12:14.0631458Z Nested mountpoint 
2025-10-06T19:12:14.2955252Z Nested mountpoint 
2025-10-06T19:12:14.4093038Z Nested mountpoint 
2025-10-06T19:12:16.4170743Z Creating container.
2025-10-06T19:12:16.4172526Z Creating pipes for streaming container io.
2025-10-06T19:12:16.4173986Z Creating stdout named pipe at /podr/container/pipe/a31d6443710c_homework-helper-api/stdout_251567b3aa2d4ae783b8f2ed9209a947.
2025-10-06T19:12:16.4193657Z Successfully created stdout named pipe at: /podr/container/pipe/a31d6443710c_homework-helper-api/stdout_251567b3aa2d4ae783b8f2ed9209a947.
2025-10-06T19:12:16.4194896Z Opening named pipe /podr/container/pipe/a31d6443710c_homework-helper-api/stdout_251567b3aa2d4ae783b8f2ed9209a947 for reading in non-blocking mode.
2025-10-06T19:12:16.4285588Z Successfully opened named pipe: /podr/container/pipe/a31d6443710c_homework-helper-api/stdout_251567b3aa2d4ae783b8f2ed9209a947.
2025-10-06T19:12:16.4292576Z Successfully removed non-blocking flag from /podr/container/pipe/a31d6443710c_homework-helper-api/stdout_251567b3aa2d4ae783b8f2ed9209a947.
2025-10-06T19:12:16.4389090Z Creating stderr named pipe at /podr/container/pipe/a31d6443710c_homework-helper-api/stderr_f860f5255e9b4c2bbd5c16c6afee974d.
2025-10-06T19:12:16.4392558Z Successfully created stderr named pipe at: /podr/container/pipe/a31d6443710c_homework-helper-api/stderr_f860f5255e9b4c2bbd5c16c6afee974d.
2025-10-06T19:12:16.4394056Z Opening named pipe /podr/container/pipe/a31d6443710c_homework-helper-api/stderr_f860f5255e9b4c2bbd5c16c6afee974d for reading in non-blocking mode.
2025-10-06T19:12:16.4395528Z Successfully opened named pipe: /podr/container/pipe/a31d6443710c_homework-helper-api/stderr_f860f5255e9b4c2bbd5c16c6afee974d.
2025-10-06T19:12:16.4766895Z Successfully removed non-blocking flag from /podr/container/pipe/a31d6443710c_homework-helper-api/stderr_f860f5255e9b4c2bbd5c16c6afee974d.
2025-10-06T19:12:16.4865688Z Creating container with image: appsvc/node:20-lts_20250724.2.tuxprod from registry: mcr.microsoft.com and fully qualified image name: mcr.microsoft.com/appsvc/node:20-lts_20250724.2.tuxprod
2025-10-06T19:12:18.7809408Z Starting container: a31d6443710c_homework-helper-api.
2025-10-06T19:12:19.2156863Z Starting watchers and probes.
2025-10-06T19:12:19.2647917Z Starting metrics collection.
2025-10-06T19:12:19.3243263Z Container is running.
2025-10-06T19:12:19.8618113Z Container start method finished after 12185 ms.
2025-10-06T19:16:10.1263275Z Site startup probe failed after 230.1182263 seconds.
2025-10-06T19:16:10.5406669Z Failed to start site. Revert by stopping site.
2025-10-06T19:16:10.7175772Z Container is terminating. Grace period: 5 seconds.
2025-10-06T19:16:10.9245949Z Stop and delete container. Retry count = 0
2025-10-06T19:16:10.9369108Z Stopping container: a31d6443710c_homework-helper-api.
2025-10-06T19:16:16.3601357Z Deleting container: a31d6443710c_homework-helper-api. Retry count = 0
2025-10-06T19:16:19.8126385Z Container spec TerminationMessagePolicy  path 
2025-10-06T19:16:19.8262194Z Container is terminated. Total time elapsed: 9104 ms.
2025-10-06T19:16:19.8312840Z Site container: homework-helper-api terminated during site startup.
2025-10-06T19:16:19.8420217Z Site: homework-helper-api stopped.
2025-10-06T19:16:30.483Z INFO  - Starting container for site
2025-10-06T19:16:30.500Z INFO  - docker run -d -p 7492:8080 --name homework-helper-api_0_565bbf8a -e WEBSITE_USE_DIAGNOSTIC_SERVER=true -e PORT=8080 -e WEBSITE_SITE_NAME=homework-helper-api -e WEBSITE_AUTH_ENABLED=False -e WEBSITE_ROLE_INSTANCE_ID=0 -e WEBSITE_HOSTNAME=homework-helper-api.azurewebsites.net -e WEBSITE_INSTANCE_ID=4674be82b396abaf83d02ae5cb9797e3302ed577226c6d832720658f6837fffe appsvc/node:20-lts_20250724.2.tuxprod REDACTED
2025-10-06T19:16:30.501Z INFO  - Logging is not enabled for this container.
Please use https://aka.ms/linux-diagnostics to enable logging to see container logs here.
2025-10-06T19:16:36.446Z INFO  - Initiating warmup request to container homework-helper-api_0_565bbf8a for site homework-helper-api
2025-10-06T19:16:55.204Z INFO  - Waiting for response to warmup request for container homework-helper-api_0_565bbf8a. Elapsed time = 18.7795611 sec
2025-10-06T19:17:14.794Z INFO  - Waiting for response to warmup request for container homework-helper-api_0_565bbf8a. Elapsed time = 38.3705072 sec
2025-10-06T19:17:34.917Z INFO  - Waiting for response to warmup request for container homework-helper-api_0_565bbf8a. Elapsed time = 58.4929182 sec
2025-10-06T19:17:55.293Z INFO  - Waiting for response to warmup request for container homework-helper-api_0_565bbf8a. Elapsed time = 78.8691294 sec
2025-10-06T19:18:11.441Z INFO  - Waiting for response to warmup request for container homework-helper-api_0_565bbf8a. Elapsed time = 95.0167805 sec
2025-10-06T19:18:12.236Z ERROR - Container homework-helper-api_0_565bbf8a for site homework-helper-api has exited, failing site start
2025-10-06T19:18:12.260Z ERROR - Container homework-helper-api_0_565bbf8a didn't respond to HTTP pings on port: 8080. Failing site start. See container logs for debugging.
2025-10-06T19:18:12.326Z INFO  - Stopping site homework-helper-api because it failed during startup.
2025-10-06T19:18:27.096Z INFO  - Starting container for site
2025-10-06T19:18:27.105Z INFO  - docker run -d -p 5024:8080 --name homework-helper-api_0_08d34138 -e WEBSITE_USE_DIAGNOSTIC_SERVER=true -e PORT=8080 -e WEBSITE_SITE_NAME=homework-helper-api -e WEBSITE_AUTH_ENABLED=False -e WEBSITE_ROLE_INSTANCE_ID=0 -e WEBSITE_HOSTNAME=homework-helper-api.azurewebsites.net -e WEBSITE_INSTANCE_ID=4674be82b396abaf83d02ae5cb9797e3302ed577226c6d832720658f6837fffe appsvc/node:20-lts_20250724.2.tuxprod REDACTED
2025-10-06T19:18:27.105Z INFO  - Logging is not enabled for this container.
Please use https://aka.ms/linux-diagnostics to enable logging to see container logs here.
2025-10-06T19:18:31.899Z INFO  - Initiating warmup request to container homework-helper-api_0_08d34138 for site homework-helper-api
2025-10-06T19:18:50.861Z INFO  - Waiting for response to warmup request for container homework-helper-api_0_08d34138. Elapsed time = 18.9619284 sec
2025-10-06T19:19:10.805Z INFO  - Waiting for response to warmup request for container homework-helper-api_0_08d34138. Elapsed time = 38.9067969 sec
2025-10-06T19:19:29.920Z INFO  - Waiting for response to warmup request for container homework-helper-api_0_08d34138. Elapsed time = 58.0217026 sec
2025-10-06T19:19:49.584Z INFO  - Waiting for response to warmup request for container homework-helper-api_0_08d34138. Elapsed time = 77.6854809 sec
2025-10-06T19:20:07.749Z INFO  - Waiting for response to warmup request for container homework-helper-api_0_08d34138. Elapsed time = 95.8504786 sec
2025-10-06T19:20:11.898Z ERROR - Container homework-helper-api_0_08d34138 for site homework-helper-api has exited, failing site start
2025-10-06T19:20:11.979Z ERROR - Container homework-helper-api_0_08d34138 didn't respond to HTTP pings on port: 8080. Failing site start. See container logs for debugging.
2025-10-06T19:20:12.119Z INFO  - Stopping site homework-helper-api because it failed during startup.
2025-10-06T19:37:00.968Z INFO  - Starting container for site
2025-10-06T19:37:00.980Z INFO  - docker run -d -p 7627:8080 --name homework-helper-api_0_5c46788a -e WEBSITE_USE_DIAGNOSTIC_SERVER=true -e PORT=8080 -e WEBSITE_SITE_NAME=homework-helper-api -e WEBSITE_AUTH_ENABLED=False -e WEBSITE_ROLE_INSTANCE_ID=0 -e WEBSITE_HOSTNAME=homework-helper-api.azurewebsites.net -e WEBSITE_INSTANCE_ID=4674be82b396abaf83d02ae5cb9797e3302ed577226c6d832720658f6837fffe appsvc/node:20-lts_20250724.2.tuxprod REDACTED
2025-10-06T19:37:00.982Z INFO  - Logging is not enabled for this container.
Please use https://aka.ms/linux-diagnostics to enable logging to see container logs here.
2025-10-06T19:37:08.008Z INFO  - Initiating warmup request to container homework-helper-api_0_5c46788a for site homework-helper-api
2025-10-06T19:37:28.659Z INFO  - Waiting for response to warmup request for container homework-helper-api_0_5c46788a. Elapsed time = 20.6819885 sec
2025-10-06T19:37:50.278Z INFO  - Waiting for response to warmup request for container homework-helper-api_0_5c46788a. Elapsed time = 42.3015664 sec
2025-10-06T19:38:12.077Z INFO  - Waiting for response to warmup request for container homework-helper-api_0_5c46788a. Elapsed time = 64.1000678 sec
2025-10-06T19:38:30.039Z INFO  - Waiting for response to warmup request for container homework-helper-api_0_5c46788a. Elapsed time = 82.0623054 sec
2025-10-06T19:38:33.236Z INFO  - Container homework-helper-api_0_5c46788a for site homework-helper-api initialized successfully and is ready to serve requests.
2025-10-06T22:26:35.653Z INFO  - Starting container for site
2025-10-06T22:26:35.662Z INFO  - docker run -d -p 5316:8080 --name homework-helper-api_1_80b06e46 -e WEBSITE_USE_DIAGNOSTIC_SERVER=true -e PORT=8080 -e WEBSITE_SITE_NAME=homework-helper-api -e WEBSITE_AUTH_ENABLED=False -e WEBSITE_ROLE_INSTANCE_ID=0 -e WEBSITE_HOSTNAME=homework-helper-api.azurewebsites.net -e WEBSITE_INSTANCE_ID=4674be82b396abaf83d02ae5cb9797e3302ed577226c6d832720658f6837fffe appsvc/node:20-lts_20250724.2.tuxprod REDACTED
2025-10-06T22:26:35.662Z INFO  - Logging is not enabled for this container.
Please use https://aka.ms/linux-diagnostics to enable logging to see container logs here.
2025-10-06T22:26:40.032Z INFO  - Initiating warmup request to container homework-helper-api_1_80b06e46 for site homework-helper-api
2025-10-06T22:26:57.656Z INFO  - Waiting for response to warmup request for container homework-helper-api_1_80b06e46. Elapsed time = 17.6238766 sec
2025-10-06T22:27:16.236Z INFO  - Waiting for response to warmup request for container homework-helper-api_1_80b06e46. Elapsed time = 36.2044389 sec
2025-10-06T22:27:34.164Z INFO  - Waiting for response to warmup request for container homework-helper-api_1_80b06e46. Elapsed time = 54.1326608 sec
2025-10-06T22:27:52.910Z INFO  - Waiting for response to warmup request for container homework-helper-api_1_80b06e46. Elapsed time = 72.8779258 sec
2025-10-06T22:28:08.958Z INFO  - Container homework-helper-api_1_80b06e46 for site homework-helper-api initialized successfully and is ready to serve requests.
2025-10-06T22:38:35.897Z INFO  - Starting container for site
2025-10-06T22:38:35.901Z INFO  - docker run -d -p 5536:8080 --name homework-helper-api_2_b3eceb29 -e WEBSITE_USE_DIAGNOSTIC_SERVER=true -e PORT=8080 -e WEBSITE_SITE_NAME=homework-helper-api -e WEBSITE_AUTH_ENABLED=False -e WEBSITE_ROLE_INSTANCE_ID=0 -e WEBSITE_HOSTNAME=homework-helper-api.azurewebsites.net -e WEBSITE_INSTANCE_ID=4674be82b396abaf83d02ae5cb9797e3302ed577226c6d832720658f6837fffe appsvc/node:20-lts_20250724.2.tuxprod REDACTED
2025-10-06T22:38:35.902Z INFO  - Logging is not enabled for this container.
Please use https://aka.ms/linux-diagnostics to enable logging to see container logs here.
2025-10-06T22:38:40.392Z INFO  - Initiating warmup request to container homework-helper-api_2_b3eceb29 for site homework-helper-api
2025-10-06T22:38:59.203Z INFO  - Waiting for response to warmup request for container homework-helper-api_2_b3eceb29. Elapsed time = 18.8181315 sec
2025-10-06T22:39:17.315Z INFO  - Waiting for response to warmup request for container homework-helper-api_2_b3eceb29. Elapsed time = 36.9295957 sec
2025-10-06T22:39:38.053Z INFO  - Waiting for response to warmup request for container homework-helper-api_2_b3eceb29. Elapsed time = 57.6679816 sec
2025-10-06T22:39:41.421Z INFO  - Container homework-helper-api_2_b3eceb29 for site homework-helper-api initialized successfully and is ready to serve requests.
2025-10-06T22:53:27.596Z INFO  - Starting container for site
2025-10-06T22:53:27.600Z INFO  - docker run -d -p 8408:8080 --name homework-helper-api_3_0c6d243f -e WEBSITE_USE_DIAGNOSTIC_SERVER=true -e PORT=8080 -e WEBSITE_SITE_NAME=homework-helper-api -e WEBSITE_AUTH_ENABLED=False -e WEBSITE_ROLE_INSTANCE_ID=0 -e WEBSITE_HOSTNAME=homework-helper-api.azurewebsites.net -e WEBSITE_INSTANCE_ID=4674be82b396abaf83d02ae5cb9797e3302ed577226c6d832720658f6837fffe appsvc/node:20-lts_20250724.2.tuxprod REDACTED
2025-10-06T22:53:27.601Z INFO  - Logging is not enabled for this container.
Please use https://aka.ms/linux-diagnostics to enable logging to see container logs here.
2025-10-06T22:53:32.540Z INFO  - Initiating warmup request to container homework-helper-api_3_0c6d243f for site homework-helper-api
2025-10-06T22:53:50.844Z INFO  - Waiting for response to warmup request for container homework-helper-api_3_0c6d243f. Elapsed time = 18.3197075 sec
2025-10-06T22:54:09.552Z INFO  - Waiting for response to warmup request for container homework-helper-api_3_0c6d243f. Elapsed time = 37.027901 sec
2025-10-06T22:54:28.215Z INFO  - Waiting for response to warmup request for container homework-helper-api_3_0c6d243f. Elapsed time = 55.6900725 sec
2025-10-06T22:54:33.130Z INFO  - Container homework-helper-api_3_0c6d243f for site homework-helper-api initialized successfully and is ready to serve requests.
2025-10-06T23:17:31.881Z INFO  - Starting container for site
2025-10-06T23:17:31.889Z INFO  - docker run -d -p 4873:8080 --name homework-helper-api_4_af8379e9 -e WEBSITE_USE_DIAGNOSTIC_SERVER=true -e PORT=8080 -e WEBSITE_SITE_NAME=homework-helper-api -e WEBSITE_AUTH_ENABLED=False -e WEBSITE_ROLE_INSTANCE_ID=0 -e WEBSITE_HOSTNAME=homework-helper-api.azurewebsites.net -e WEBSITE_INSTANCE_ID=4674be82b396abaf83d02ae5cb9797e3302ed577226c6d832720658f6837fffe appsvc/node:20-lts_20250724.2.tuxprod REDACTED
2025-10-06T23:17:31.892Z INFO  - Logging is not enabled for this container.
Please use https://aka.ms/linux-diagnostics to enable logging to see container logs here.
2025-10-06T23:17:40.248Z INFO  - Initiating warmup request to container homework-helper-api_4_af8379e9 for site homework-helper-api
2025-10-06T23:17:59.584Z INFO  - Waiting for response to warmup request for container homework-helper-api_4_af8379e9. Elapsed time = 19.3614261 sec
2025-10-06T23:18:18.637Z INFO  - Waiting for response to warmup request for container homework-helper-api_4_af8379e9. Elapsed time = 38.4147408 sec
2025-10-06T23:18:35.759Z INFO  - Waiting for response to warmup request for container homework-helper-api_4_af8379e9. Elapsed time = 55.5367376 sec
2025-10-06T23:18:38.986Z INFO  - Container homework-helper-api_4_af8379e9 for site homework-helper-api initialized successfully and is ready to serve requests.
2025-10-06T23:31:16.963Z INFO  - Starting container for site
2025-10-06T23:31:16.968Z INFO  - docker run -d -p 6050:8080 --name homework-helper-api_5_f5783ad0 -e WEBSITE_USE_DIAGNOSTIC_SERVER=true -e PORT=8080 -e WEBSITE_SITE_NAME=homework-helper-api -e WEBSITE_AUTH_ENABLED=False -e WEBSITE_ROLE_INSTANCE_ID=0 -e WEBSITE_HOSTNAME=homework-helper-api.azurewebsites.net -e WEBSITE_INSTANCE_ID=4674be82b396abaf83d02ae5cb9797e3302ed577226c6d832720658f6837fffe appsvc/node:20-lts_20250724.2.tuxprod REDACTED
2025-10-06T23:31:16.969Z INFO  - Logging is not enabled for this container.
Please use https://aka.ms/linux-diagnostics to enable logging to see container logs here.
2025-10-06T23:31:21.172Z INFO  - Initiating warmup request to container homework-helper-api_5_f5783ad0 for site homework-helper-api
2025-10-06T23:31:38.689Z INFO  - Waiting for response to warmup request for container homework-helper-api_5_f5783ad0. Elapsed time = 17.5173033 sec
2025-10-06T23:31:58.816Z INFO  - Waiting for response to warmup request for container homework-helper-api_5_f5783ad0. Elapsed time = 37.6444434 sec
2025-10-06T23:32:17.704Z INFO  - Waiting for response to warmup request for container homework-helper-api_5_f5783ad0. Elapsed time = 56.5324248 sec
2025-10-06T23:32:35.285Z INFO  - Waiting for response to warmup request for container homework-helper-api_5_f5783ad0. Elapsed time = 74.1137235 sec
2025-10-06T23:32:40.225Z INFO  - Container homework-helper-api_5_f5783ad0 for site homework-helper-api initialized successfully and is ready to serve requests.
2025-10-06T23:38:43.418Z INFO  - Starting container for site
2025-10-06T23:38:43.422Z INFO  - docker run -d -p 5440:8080 --name homework-helper-api_6_4f729633 -e WEBSITE_USE_DIAGNOSTIC_SERVER=true -e PORT=8080 -e WEBSITE_SITE_NAME=homework-helper-api -e WEBSITE_AUTH_ENABLED=False -e WEBSITE_ROLE_INSTANCE_ID=0 -e WEBSITE_HOSTNAME=homework-helper-api.azurewebsites.net -e WEBSITE_INSTANCE_ID=4674be82b396abaf83d02ae5cb9797e3302ed577226c6d832720658f6837fffe appsvc/node:20-lts_20250724.2.tuxprod REDACTED
2025-10-06T23:38:43.422Z INFO  - Logging is not enabled for this container.
Please use https://aka.ms/linux-diagnostics to enable logging to see container logs here.
2025-10-06T23:38:47.210Z INFO  - Initiating warmup request to container homework-helper-api_6_4f729633 for site homework-helper-api
2025-10-06T23:39:06.678Z INFO  - Waiting for response to warmup request for container homework-helper-api_6_4f729633. Elapsed time = 19.467567 sec
2025-10-06T23:39:23.717Z INFO  - Waiting for response to warmup request for container homework-helper-api_6_4f729633. Elapsed time = 36.506967 sec
2025-10-06T23:39:39.715Z INFO  - Container homework-helper-api_6_4f729633 for site homework-helper-api initialized successfully and is ready to serve requests.
