2025-10-15T17:36:47.1368646Z Container start method called.
2025-10-15T17:36:47.1382222Z Establishing network.
2025-10-15T17:36:47.1386845Z Pulling image: appsvc/node:18-lts_20250724.2.tuxprod.
2025-10-15T17:38:24.4547547Z Image appsvc/node:18-lts_20250724.2.tuxprod is pulled from registry mcr.microsoft.com
2025-10-15T17:38:24.4722123Z Container is starting.
2025-10-15T17:38:24.4744041Z Establishing user namespace if not established already.
2025-10-15T17:38:24.4747863Z Establishing network if not established already.
2025-10-15T17:38:24.4753511Z Mounting volumes.
2025-10-15T17:38:24.4776955Z Nested mountpoint 
2025-10-15T17:38:24.5621285Z Nested mountpoint volatile/logs
2025-10-15T17:38:24.5989611Z Nested mountpoint 
2025-10-15T17:38:24.6890361Z Nested mountpoint 
2025-10-15T17:38:24.7358229Z Nested mountpoint 
2025-10-15T17:38:46.6280704Z Creating container.
2025-10-15T17:38:46.6471890Z Creating pipes for streaming container io.
2025-10-15T17:38:46.6553598Z Creating stdout named pipe at /podr/container/pipe/3c58ce9a6ce2_homework-helper-staging/stdout_1f231376e62b4f4cbf9ba451468f5705.
2025-10-15T17:38:46.6765673Z Successfully created stdout named pipe at: /podr/container/pipe/3c58ce9a6ce2_homework-helper-staging/stdout_1f231376e62b4f4cbf9ba451468f5705.
2025-10-15T17:38:46.6771794Z Opening named pipe /podr/container/pipe/3c58ce9a6ce2_homework-helper-staging/stdout_1f231376e62b4f4cbf9ba451468f5705 for reading in non-blocking mode.
2025-10-15T17:38:46.6935786Z Successfully opened named pipe: /podr/container/pipe/3c58ce9a6ce2_homework-helper-staging/stdout_1f231376e62b4f4cbf9ba451468f5705.
2025-10-15T17:38:46.6941493Z Successfully removed non-blocking flag from /podr/container/pipe/3c58ce9a6ce2_homework-helper-staging/stdout_1f231376e62b4f4cbf9ba451468f5705.
2025-10-15T17:38:46.6942827Z Creating stderr named pipe at /podr/container/pipe/3c58ce9a6ce2_homework-helper-staging/stderr_67259a5623fe42158a4205b0c0fcd863.
2025-10-15T17:38:46.6944599Z Successfully created stderr named pipe at: /podr/container/pipe/3c58ce9a6ce2_homework-helper-staging/stderr_67259a5623fe42158a4205b0c0fcd863.
2025-10-15T17:38:46.6945495Z Opening named pipe /podr/container/pipe/3c58ce9a6ce2_homework-helper-staging/stderr_67259a5623fe42158a4205b0c0fcd863 for reading in non-blocking mode.
2025-10-15T17:38:46.6946627Z Successfully opened named pipe: /podr/container/pipe/3c58ce9a6ce2_homework-helper-staging/stderr_67259a5623fe42158a4205b0c0fcd863.
2025-10-15T17:38:46.6947477Z Successfully removed non-blocking flag from /podr/container/pipe/3c58ce9a6ce2_homework-helper-staging/stderr_67259a5623fe42158a4205b0c0fcd863.
2025-10-15T17:38:46.7142951Z Creating container with image: appsvc/node:18-lts_20250724.2.tuxprod from registry: mcr.microsoft.com and fully qualified image name: mcr.microsoft.com/appsvc/node:18-lts_20250724.2.tuxprod
2025-10-15T17:38:47.5942040Z Starting container: 3c58ce9a6ce2_homework-helper-staging.
2025-10-15T17:38:47.7690500Z Starting watchers and probes.
2025-10-15T17:38:47.7792050Z Starting metrics collection.
2025-10-15T17:38:47.7813210Z Container is running.
2025-10-15T17:38:48.5131473Z Container start method finished after 121337 ms.
2025-10-15T17:39:21.3970332Z Container has finished running with exit code: 1.
2025-10-15T17:39:21.4164413Z Container is terminating. Grace period: 5 seconds.
2025-10-15T17:39:21.4446329Z Stop and delete container. Retry count = 0
2025-10-15T17:39:21.4594473Z Stopping container: 3c58ce9a6ce2_homework-helper-staging.
2025-10-15T17:39:21.6433361Z Deleting container: 3c58ce9a6ce2_homework-helper-staging. Retry count = 0
2025-10-15T17:39:22.9059144Z Container spec TerminationMessagePolicy  path 
2025-10-15T17:39:23.0276076Z Container is terminated. Total time elapsed: 1601 ms.
2025-10-15T17:39:23.0430862Z Site container: homework-helper-staging terminated during site startup.
2025-10-15T17:39:23.0709428Z Site startup probe failed after 34.5125514 seconds.
2025-10-15T17:39:23.3495320Z Failed to start site. Revert by stopping site.
2025-10-15T17:39:23.4713096Z Site: homework-helper-staging stopped.
2025-10-15T17:39:39.355Z ERROR - DockerApiException: Docker API responded with status code=NotFound, response={"message":"manifest for 10.1.0.4:13209/appsvc/node:18-lts_20250724.2.tuxprod not found: manifest unknown: manifest unknown"}

2025-10-15T17:39:39.537Z ERROR - DockerApiException: Docker API responded with status code=NotFound, response={"message":"manifest for 10.1.0.6:13209/appsvc/node:18-lts_20250724.2.tuxprod not found: manifest unknown: manifest unknown"}

2025-10-15T17:39:39.889Z INFO  - 18-lts_20250724.2.tuxprod Pulling from appsvc/node
2025-10-15T17:39:40.052Z INFO  - 2d765646d883 Pulling fs layer
2025-10-15T17:39:40.052Z INFO  - 5a5b00cd5bf7 Pulling fs layer
2025-10-15T17:39:40.052Z INFO  - 4f4fb700ef54 Pulling fs layer
2025-10-15T17:39:40.052Z INFO  - 1d2d9b452037 Pulling fs layer
2025-10-15T17:39:40.052Z INFO  - f92d7c7f776b Pulling fs layer
2025-10-15T17:39:40.052Z INFO  - 08bb3a0c26b7 Pulling fs layer
2025-10-15T17:39:40.052Z INFO  - 9fb672601727 Pulling fs layer
2025-10-15T17:39:40.052Z INFO  - 4eb612e495ff Pulling fs layer
2025-10-15T17:39:40.052Z INFO  - 28e2f4e628c2 Pulling fs layer
2025-10-15T17:39:40.052Z INFO  - 5e9207154c4c Pulling fs layer
2025-10-15T17:39:40.053Z INFO  - b568c51796a7 Pulling fs layer
2025-10-15T17:39:40.053Z INFO  - ebd91ba9e33b Pulling fs layer
2025-10-15T17:39:40.053Z INFO  - ad2c7af3948d Pulling fs layer
2025-10-15T17:39:40.053Z INFO  - 714c9ae8efd1 Pulling fs layer
2025-10-15T17:39:40.053Z INFO  - 8823f3d3d078 Pulling fs layer
2025-10-15T17:39:40.053Z INFO  - d24ae477b19d Pulling fs layer
2025-10-15T17:39:40.053Z INFO  - cf5859015b25 Pulling fs layer
2025-10-15T17:39:40.053Z INFO  - e371d23db52d Pulling fs layer
2025-10-15T17:39:40.053Z INFO  - d3c5bd41dcd5 Pulling fs layer
2025-10-15T17:39:40.053Z INFO  - 240c70ac2546 Pulling fs layer
2025-10-15T17:39:40.053Z INFO  - 3f4cd3b768dd Pulling fs layer
2025-10-15T17:39:40.053Z INFO  - 65c7e5a173ae Pulling fs layer
2025-10-15T17:39:40.053Z INFO  - 18aefd815ab5 Pulling fs layer
2025-10-15T17:39:40.053Z INFO  - 62da1ff1e4d1 Pulling fs layer
2025-10-15T17:39:40.053Z INFO  - 6b794b4eac89 Pulling fs layer
2025-10-15T17:39:40.053Z INFO  - 5c2ba00b7dcb Pulling fs layer
2025-10-15T17:39:40.053Z INFO  - 7b11702853a7 Pulling fs layer
2025-10-15T17:39:40.080Z INFO  - 3f4cd3b768dd Waiting
2025-10-15T17:39:40.080Z INFO  - 65c7e5a173ae Waiting
2025-10-15T17:39:40.080Z INFO  - 18aefd815ab5 Waiting
2025-10-15T17:39:40.080Z INFO  - 62da1ff1e4d1 Waiting
2025-10-15T17:39:40.081Z INFO  - 6b794b4eac89 Waiting
2025-10-15T17:39:40.081Z INFO  - 5c2ba00b7dcb Waiting
2025-10-15T17:39:40.107Z INFO  - 5d8d50e67cb6 Pulling fs layer
2025-10-15T17:39:40.107Z INFO  - fb68fd26ff32 Pulling fs layer
2025-10-15T17:39:40.107Z INFO  - 4d60b3d5e2d3 Pulling fs layer
2025-10-15T17:39:40.107Z INFO  - 571dbe4a5bc6 Pulling fs layer
2025-10-15T17:39:40.109Z INFO  - 7b11702853a7 Waiting
2025-10-15T17:39:40.110Z INFO  - 5d8d50e67cb6 Waiting
2025-10-15T17:39:40.110Z INFO  - fb68fd26ff32 Waiting
2025-10-15T17:39:40.110Z INFO  - 4d60b3d5e2d3 Waiting
2025-10-15T17:39:40.110Z INFO  - 571dbe4a5bc6 Waiting
2025-10-15T17:39:40.119Z INFO  - bbf5f37ab0eb Pulling fs layer
2025-10-15T17:39:40.120Z INFO  - 8f8a255089e1 Pulling fs layer
2025-10-15T17:39:40.120Z INFO  - d21c65e6b3f2 Pulling fs layer
2025-10-15T17:39:40.120Z INFO  - da490bee1774 Pulling fs layer
2025-10-15T17:39:40.120Z INFO  - af8d0755d70d Pulling fs layer
2025-10-15T17:39:40.120Z INFO  - bbf5f37ab0eb Waiting
2025-10-15T17:39:40.120Z INFO  - 8f8a255089e1 Waiting
2025-10-15T17:39:40.120Z INFO  - d21c65e6b3f2 Waiting
2025-10-15T17:39:40.120Z INFO  - da490bee1774 Waiting
2025-10-15T17:39:40.120Z INFO  - af8d0755d70d Waiting
2025-10-15T17:39:41.076Z INFO  - 5e9207154c4c Downloading 3KB / 10KB
2025-10-15T17:39:41.076Z INFO  - 5e9207154c4c Downloading 10KB / 10KB
2025-10-15T17:39:41.076Z INFO  - 5e9207154c4c Verifying Checksum
2025-10-15T17:39:41.076Z INFO  - 5e9207154c4c Download complete
2025-10-15T17:39:41.076Z INFO  - 08bb3a0c26b7 Downloading 3KB / 39KB
2025-10-15T17:39:41.077Z INFO  - 08bb3a0c26b7 Downloading 39KB / 39KB
2025-10-15T17:39:41.077Z INFO  - 08bb3a0c26b7 Verifying Checksum
2025-10-15T17:39:41.077Z INFO  - 08bb3a0c26b7 Download complete
2025-10-15T17:39:41.260Z INFO  - 1d2d9b452037 Downloading 385B / 385B
2025-10-15T17:39:41.265Z INFO  - 4f4fb700ef54 Downloading 32B / 32B
2025-10-15T17:39:41.322Z INFO  - 1d2d9b452037 Verifying Checksum
2025-10-15T17:39:41.322Z INFO  - 1d2d9b452037 Download complete
2025-10-15T17:39:41.322Z INFO  - 4f4fb700ef54 Verifying Checksum
2025-10-15T17:39:41.322Z INFO  - 4f4fb700ef54 Download complete
2025-10-15T17:39:41.379Z INFO  - 9fb672601727 Downloading 3KB / 10KB
2025-10-15T17:39:41.407Z INFO  - 4eb612e495ff Downloading 3KB / 14KB
2025-10-15T17:39:41.427Z INFO  - e371d23db52d Downloading 127B / 127B
2025-10-15T17:39:41.442Z INFO  - 240c70ac2546 Downloading 948B / 948B
2025-10-15T17:39:41.442Z INFO  - 9fb672601727 Downloading 10KB / 10KB
2025-10-15T17:39:41.442Z INFO  - 4eb612e495ff Downloading 14KB / 14KB
2025-10-15T17:39:41.442Z INFO  - e371d23db52d Verifying Checksum
2025-10-15T17:39:41.442Z INFO  - e371d23db52d Download complete
2025-10-15T17:39:41.442Z INFO  - 240c70ac2546 Verifying Checksum
2025-10-15T17:39:41.442Z INFO  - 240c70ac2546 Download complete
2025-10-15T17:39:41.442Z INFO  - 9fb672601727 Verifying Checksum
2025-10-15T17:39:41.442Z INFO  - 9fb672601727 Download complete
2025-10-15T17:39:41.442Z INFO  - 4eb612e495ff Verifying Checksum
2025-10-15T17:39:41.442Z INFO  - 4eb612e495ff Download complete
2025-10-15T17:39:41.442Z INFO  - 28e2f4e628c2 Downloading 126KB / 284KB
2025-10-15T17:39:41.472Z INFO  - d3c5bd41dcd5 Downloading 126KB / 5MB
2025-10-15T17:39:41.572Z INFO  - ad2c7af3948d Downloading 3KB / 3KB
2025-10-15T17:39:41.572Z INFO  - 5a5b00cd5bf7 Downloading 1MB / 28MB
2025-10-15T17:39:41.644Z INFO  - 28e2f4e628c2 Downloading 284KB / 284KB
2025-10-15T17:39:41.644Z INFO  - ad2c7af3948d Downloading 3KB / 3KB
2025-10-15T17:39:41.664Z INFO  - 28e2f4e628c2 Verifying Checksum
2025-10-15T17:39:41.690Z INFO  - 28e2f4e628c2 Download complete
2025-10-15T17:39:41.690Z INFO  - ad2c7af3948d Verifying Checksum
2025-10-15T17:39:41.690Z INFO  - ad2c7af3948d Download complete
2025-10-15T17:39:41.690Z INFO  - cf5859015b25 Downloading 350KB / 16MB
2025-10-15T17:39:41.837Z INFO  - d24ae477b19d Downloading 510KB / 11MB
2025-10-15T17:39:41.854Z INFO  - b568c51796a7 Downloading 206KB / 1MB
2025-10-15T17:39:41.899Z INFO  - 5a5b00cd5bf7 Downloading 1MB / 28MB
2025-10-15T17:39:41.900Z INFO  - 2d765646d883 Downloading 1MB / 51MB
2025-10-15T17:39:41.918Z INFO  - ebd91ba9e33b Downloading 782KB / 1MB
2025-10-15T17:39:41.945Z INFO  - d3c5bd41dcd5 Downloading 638KB / 5MB
2025-10-15T17:39:41.999Z INFO  - f92d7c7f776b Verifying Checksum
2025-10-15T17:39:41.999Z INFO  - f92d7c7f776b Download complete
2025-10-15T17:39:41.999Z INFO  - ebd91ba9e33b Verifying Checksum
2025-10-15T17:39:41.999Z INFO  - ebd91ba9e33b Download complete
2025-10-15T17:39:42.489Z INFO  - d3c5bd41dcd5 Downloading 1MB / 5MB
2025-10-15T17:39:42.489Z INFO  - b568c51796a7 Verifying Checksum
2025-10-15T17:39:42.489Z INFO  - b568c51796a7 Download complete
2025-10-15T17:39:42.527Z INFO  - 5a5b00cd5bf7 Downloading 2MB / 28MB
2025-10-15T17:39:42.533Z INFO  - 714c9ae8efd1 Downloading 894KB / 42MB
2025-10-15T17:39:42.533Z INFO  - d24ae477b19d Downloading 1MB / 11MB
2025-10-15T17:39:42.533Z INFO  - cf5859015b25 Downloading 1MB / 16MB
2025-10-15T17:39:42.665Z INFO  - 2d765646d883 Downloading 3MB / 51MB
2025-10-15T17:39:42.806Z INFO  - 8823f3d3d078 Downloading 894KB / 43MB
2025-10-15T17:39:42.846Z INFO  - 714c9ae8efd1 Downloading 1MB / 42MB
2025-10-15T17:39:42.950Z INFO  - d3c5bd41dcd5 Downloading 2MB / 5MB
2025-10-15T17:39:42.967Z INFO  - d24ae477b19d Downloading 1MB / 11MB
2025-10-15T17:39:42.967Z INFO  - cf5859015b25 Downloading 2MB / 16MB
2025-10-15T17:39:42.967Z INFO  - cf5859015b25 Downloading 2MB / 16MB
2025-10-15T17:39:42.967Z INFO  - 2d765646d883 Downloading 4MB / 51MB
2025-10-15T17:39:42.977Z INFO  - d3c5bd41dcd5 Downloading 3MB / 5MB
2025-10-15T17:39:43.176Z INFO  - 714c9ae8efd1 Downloading 3MB / 42MB
2025-10-15T17:39:43.176Z INFO  - 8823f3d3d078 Downloading 2MB / 43MB
2025-10-15T17:39:43.176Z INFO  - cf5859015b25 Downloading 3MB / 16MB
2025-10-15T17:39:43.203Z INFO  - 2d765646d883 Downloading 5MB / 51MB
2025-10-15T17:39:43.378Z INFO  - cf5859015b25 Downloading 4MB / 16MB
2025-10-15T17:39:43.416Z INFO  - d3c5bd41dcd5 Downloading 4MB / 5MB
2025-10-15T17:39:43.465Z INFO  - d3c5bd41dcd5 Verifying Checksum
2025-10-15T17:39:43.465Z INFO  - d3c5bd41dcd5 Download complete
2025-10-15T17:39:43.628Z INFO  - d24ae477b19d Downloading 5MB / 11MB
2025-10-15T17:39:43.644Z INFO  - 3f4cd3b768dd Downloading 1KB / 1KB
2025-10-15T17:39:43.654Z INFO  - 62da1ff1e4d1 Downloading 1KB / 1KB
2025-10-15T17:39:43.671Z INFO  - 65c7e5a173ae Downloading 138B / 138B
2025-10-15T17:39:43.671Z INFO  - 3f4cd3b768dd Verifying Checksum
2025-10-15T17:39:43.671Z INFO  - 3f4cd3b768dd Download complete
2025-10-15T17:39:43.671Z INFO  - 62da1ff1e4d1 Verifying Checksum
2025-10-15T17:39:43.671Z INFO  - 62da1ff1e4d1 Download complete
2025-10-15T17:39:43.671Z INFO  - 65c7e5a173ae Verifying Checksum
2025-10-15T17:39:43.671Z INFO  - 65c7e5a173ae Download complete
2025-10-15T17:39:44.032Z INFO  - 2d765646d883 Downloading 7MB / 51MB
2025-10-15T17:39:44.033Z INFO  - cf5859015b25 Downloading 6MB / 16MB
2025-10-15T17:39:44.035Z INFO  - 6b794b4eac89 Downloading 1KB / 1KB
2025-10-15T17:39:44.050Z INFO  - 6b794b4eac89 Verifying Checksum
2025-10-15T17:39:44.050Z INFO  - 6b794b4eac89 Download complete
2025-10-15T17:39:44.050Z INFO  - 18aefd815ab5 Downloading 526KB / 62MB
2025-10-15T17:39:44.050Z INFO  - 8823f3d3d078 Downloading 6MB / 43MB
2025-10-15T17:39:44.050Z INFO  - 2d765646d883 Downloading 8MB / 51MB
2025-10-15T17:39:44.050Z INFO  - cf5859015b25 Downloading 6MB / 16MB
2025-10-15T17:39:44.172Z INFO  - cf5859015b25 Downloading 7MB / 16MB
2025-10-15T17:39:44.190Z INFO  - bbf5f37ab0eb Downloading 124B / 124B
2025-10-15T17:39:44.191Z INFO  - 7b11702853a7 Downloading 151B / 151B
2025-10-15T17:39:44.191Z INFO  - 4d60b3d5e2d3 Downloading 269B / 269B
2025-10-15T17:39:44.191Z INFO  - 571dbe4a5bc6 Downloading 269B / 269B
2025-10-15T17:39:44.209Z INFO  - 5d8d50e67cb6 Downloading 13KB / 13KB
2025-10-15T17:39:44.209Z INFO  - 5c2ba00b7dcb Downloading 3KB / 3KB
2025-10-15T17:39:44.209Z INFO  - bbf5f37ab0eb Verifying Checksum
2025-10-15T17:39:44.209Z INFO  - bbf5f37ab0eb Download complete
2025-10-15T17:39:44.209Z INFO  - 7b11702853a7 Verifying Checksum
2025-10-15T17:39:44.209Z INFO  - 7b11702853a7 Download complete
2025-10-15T17:39:44.209Z INFO  - 4d60b3d5e2d3 Verifying Checksum
2025-10-15T17:39:44.209Z INFO  - 4d60b3d5e2d3 Download complete
2025-10-15T17:39:44.209Z INFO  - 571dbe4a5bc6 Verifying Checksum
2025-10-15T17:39:44.209Z INFO  - 571dbe4a5bc6 Download complete
2025-10-15T17:39:44.209Z INFO  - 5d8d50e67cb6 Verifying Checksum
2025-10-15T17:39:44.209Z INFO  - 5d8d50e67cb6 Download complete
2025-10-15T17:39:44.209Z INFO  - 5c2ba00b7dcb Verifying Checksum
2025-10-15T17:39:44.209Z INFO  - 5c2ba00b7dcb Download complete
2025-10-15T17:39:44.228Z INFO  - d24ae477b19d Downloading 5MB / 11MB
2025-10-15T17:39:44.420Z INFO  - 714c9ae8efd1 Downloading 8MB / 42MB
2025-10-15T17:39:44.420Z INFO  - 8823f3d3d078 Downloading 6MB / 43MB
2025-10-15T17:39:44.421Z INFO  - cf5859015b25 Downloading 9MB / 16MB
2025-10-15T17:39:44.756Z INFO  - d24ae477b19d Downloading 6MB / 11MB
2025-10-15T17:39:44.781Z INFO  - 8f8a255089e1 Downloading 417B / 417B
2025-10-15T17:39:44.781Z INFO  - 8f8a255089e1 Verifying Checksum
2025-10-15T17:39:44.781Z INFO  - 8f8a255089e1 Download complete
2025-10-15T17:39:44.886Z INFO  - 2d765646d883 Downloading 10MB / 51MB
2025-10-15T17:39:45.013Z INFO  - 18aefd815ab5 Downloading 1MB / 62MB
2025-10-15T17:39:45.015Z INFO  - 5a5b00cd5bf7 Downloading 11MB / 28MB
2025-10-15T17:39:45.025Z INFO  - d24ae477b19d Downloading 7MB / 11MB
2025-10-15T17:39:45.290Z INFO  - cf5859015b25 Downloading 11MB / 16MB
2025-10-15T17:39:45.459Z INFO  - 714c9ae8efd1 Downloading 11MB / 42MB
2025-10-15T17:39:45.487Z INFO  - cf5859015b25 Downloading 12MB / 16MB
2025-10-15T17:39:45.487Z INFO  - 2d765646d883 Downloading 12MB / 51MB
2025-10-15T17:39:45.516Z INFO  - 18aefd815ab5 Downloading 2MB / 62MB
2025-10-15T17:39:45.516Z INFO  - fb68fd26ff32 Downloading 1KB / 1KB
2025-10-15T17:39:45.516Z INFO  - fb68fd26ff32 Verifying Checksum
2025-10-15T17:39:45.516Z INFO  - fb68fd26ff32 Download complete
2025-10-15T17:39:45.643Z INFO  - 8823f3d3d078 Downloading 9MB / 43MB
2025-10-15T17:39:45.651Z INFO  - cf5859015b25 Downloading 13MB / 16MB
2025-10-15T17:39:45.713Z INFO  - 18aefd815ab5 Downloading 3MB / 62MB
2025-10-15T17:39:45.757Z INFO  - 714c9ae8efd1 Downloading 12MB / 42MB
2025-10-15T17:39:45.880Z INFO  - 5a5b00cd5bf7 Downloading 13MB / 28MB
2025-10-15T17:39:46.067Z INFO  - 5a5b00cd5bf7 Downloading 14MB / 28MB
2025-10-15T17:39:46.076Z INFO  - 18aefd815ab5 Downloading 4MB / 62MB
2025-10-15T17:39:46.126Z INFO  - d24ae477b19d Downloading 10MB / 11MB
2025-10-15T17:39:46.170Z INFO  - 714c9ae8efd1 Downloading 13MB / 42MB
2025-10-15T17:39:46.294Z INFO  - 8823f3d3d078 Downloading 11MB / 43MB
2025-10-15T17:39:46.544Z INFO  - cf5859015b25 Downloading 14MB / 16MB
2025-10-15T17:39:46.578Z INFO  - 2d765646d883 Downloading 14MB / 51MB
2025-10-15T17:39:46.578Z INFO  - cf5859015b25 Downloading 14MB / 16MB
2025-10-15T17:39:46.586Z INFO  - d24ae477b19d Verifying Checksum
2025-10-15T17:39:46.586Z INFO  - d24ae477b19d Download complete
2025-10-15T17:39:46.754Z INFO  - 5a5b00cd5bf7 Downloading 15MB / 28MB
2025-10-15T17:39:46.754Z INFO  - 2d765646d883 Downloading 15MB / 51MB
2025-10-15T17:39:46.899Z INFO  - 18aefd815ab5 Downloading 5MB / 62MB
2025-10-15T17:39:46.899Z INFO  - cf5859015b25 Downloading 15MB / 16MB
2025-10-15T17:39:46.900Z INFO  - d21c65e6b3f2 Downloading 1KB / 1KB
2025-10-15T17:39:46.943Z INFO  - af8d0755d70d Downloading 133B / 133B
2025-10-15T17:39:46.943Z INFO  - d21c65e6b3f2 Verifying Checksum
2025-10-15T17:39:46.943Z INFO  - d21c65e6b3f2 Download complete
2025-10-15T17:39:46.943Z INFO  - af8d0755d70d Verifying Checksum
2025-10-15T17:39:46.943Z INFO  - af8d0755d70d Download complete
2025-10-15T17:39:46.943Z INFO  - 714c9ae8efd1 Downloading 14MB / 42MB
2025-10-15T17:39:47.038Z INFO  - cf5859015b25 Verifying Checksum
2025-10-15T17:39:47.038Z INFO  - cf5859015b25 Download complete
2025-10-15T17:39:47.156Z INFO  - 5a5b00cd5bf7 Downloading 15MB / 28MB
2025-10-15T17:39:47.156Z INFO  - 2d765646d883 Downloading 16MB / 51MB
2025-10-15T17:39:47.156Z INFO  - 8823f3d3d078 Downloading 12MB / 43MB
2025-10-15T17:39:47.488Z INFO  - 18aefd815ab5 Downloading 7MB / 62MB
2025-10-15T17:39:47.488Z INFO  - 2d765646d883 Downloading 17MB / 51MB
2025-10-15T17:39:47.488Z INFO  - 8823f3d3d078 Downloading 13MB / 43MB
2025-10-15T17:39:47.488Z INFO  - 714c9ae8efd1 Downloading 15MB / 42MB
2025-10-15T17:39:47.613Z INFO  - 2d765646d883 Downloading 18MB / 51MB
2025-10-15T17:39:47.613Z INFO  - 714c9ae8efd1 Downloading 16MB / 42MB
2025-10-15T17:39:47.613Z INFO  - da490bee1774 Downloading 158KB / 1MB
2025-10-15T17:39:47.707Z INFO  - 5a5b00cd5bf7 Downloading 17MB / 28MB
2025-10-15T17:39:47.753Z INFO  - 18aefd815ab5 Downloading 9MB / 62MB
2025-10-15T17:39:47.802Z INFO  - 714c9ae8efd1 Downloading 17MB / 42MB
2025-10-15T17:39:47.828Z INFO  - 8823f3d3d078 Downloading 14MB / 43MB
2025-10-15T17:39:47.968Z INFO  - 18aefd815ab5 Downloading 10MB / 62MB
2025-10-15T17:39:47.970Z INFO  - da490bee1774 Downloading 1MB / 1MB
2025-10-15T17:39:47.978Z INFO  - da490bee1774 Verifying Checksum
2025-10-15T17:39:47.980Z INFO  - da490bee1774 Download complete
2025-10-15T17:39:48.000Z INFO  - 8823f3d3d078 Downloading 15MB / 43MB
2025-10-15T17:39:48.112Z INFO  - 2d765646d883 Downloading 20MB / 51MB
2025-10-15T17:39:48.203Z INFO  - 18aefd815ab5 Downloading 11MB / 62MB
2025-10-15T17:39:48.203Z INFO  - 8823f3d3d078 Downloading 16MB / 43MB
2025-10-15T17:39:48.260Z INFO  - 5a5b00cd5bf7 Downloading 19MB / 28MB
2025-10-15T17:39:48.260Z INFO  - 2d765646d883 Downloading 21MB / 51MB
2025-10-15T17:39:48.334Z INFO  - 8823f3d3d078 Downloading 17MB / 43MB
2025-10-15T17:39:48.435Z INFO  - 714c9ae8efd1 Downloading 19MB / 42MB
2025-10-15T17:39:48.452Z INFO  - 2d765646d883 Downloading 22MB / 51MB
2025-10-15T17:39:48.528Z INFO  - 714c9ae8efd1 Downloading 20MB / 42MB
2025-10-15T17:39:48.529Z INFO  - 18aefd815ab5 Downloading 13MB / 62MB
2025-10-15T17:39:48.546Z INFO  - 2d765646d883 Downloading 23MB / 51MB
2025-10-15T17:39:48.546Z INFO  - 8823f3d3d078 Downloading 19MB / 43MB
2025-10-15T17:39:48.655Z INFO  - 714c9ae8efd1 Downloading 22MB / 42MB
2025-10-15T17:39:48.703Z INFO  - 18aefd815ab5 Downloading 15MB / 62MB
2025-10-15T17:39:48.919Z INFO  - 714c9ae8efd1 Downloading 23MB / 42MB
2025-10-15T17:39:48.967Z INFO  - 5a5b00cd5bf7 Downloading 26MB / 28MB
2025-10-15T17:39:49.029Z INFO  - 2d765646d883 Downloading 26MB / 51MB
2025-10-15T17:39:49.030Z INFO  - 8823f3d3d078 Downloading 22MB / 43MB
2025-10-15T17:39:49.115Z INFO  - 8823f3d3d078 Downloading 23MB / 43MB
2025-10-15T17:39:49.133Z INFO  - 714c9ae8efd1 Downloading 26MB / 42MB
2025-10-15T17:39:49.207Z INFO  - 8823f3d3d078 Downloading 25MB / 43MB
2025-10-15T17:39:49.252Z INFO  - 5a5b00cd5bf7 Downloading 28MB / 28MB
2025-10-15T17:39:49.319Z INFO  - 18aefd815ab5 Downloading 19MB / 62MB
2025-10-15T17:39:49.335Z INFO  - 5a5b00cd5bf7 Verifying Checksum
2025-10-15T17:39:49.335Z INFO  - 5a5b00cd5bf7 Download complete
2025-10-15T17:39:49.389Z INFO  - 714c9ae8efd1 Downloading 27MB / 42MB
2025-10-15T17:39:49.389Z INFO  - 2d765646d883 Downloading 30MB / 51MB
2025-10-15T17:39:49.408Z INFO  - 18aefd815ab5 Downloading 20MB / 62MB
2025-10-15T17:39:49.537Z INFO  - 8823f3d3d078 Downloading 28MB / 43MB
2025-10-15T17:39:49.722Z INFO  - 2d765646d883 Downloading 32MB / 51MB
2025-10-15T17:39:49.723Z INFO  - 8823f3d3d078 Downloading 28MB / 43MB
2025-10-15T17:39:49.780Z INFO  - 714c9ae8efd1 Downloading 29MB / 42MB
2025-10-15T17:39:49.835Z INFO  - 2d765646d883 Downloading 34MB / 51MB
2025-10-15T17:39:49.861Z INFO  - 8823f3d3d078 Downloading 29MB / 43MB
2025-10-15T17:39:49.989Z INFO  - 2d765646d883 Downloading 35MB / 51MB
2025-10-15T17:39:50.109Z INFO  - 714c9ae8efd1 Downloading 32MB / 42MB
2025-10-15T17:39:50.109Z INFO  - 8823f3d3d078 Downloading 32MB / 43MB
2025-10-15T17:39:50.257Z INFO  - 8823f3d3d078 Downloading 33MB / 43MB
2025-10-15T17:39:50.258Z INFO  - 18aefd815ab5 Downloading 25MB / 62MB
2025-10-15T17:39:50.313Z INFO  - 714c9ae8efd1 Downloading 33MB / 42MB
2025-10-15T17:39:50.431Z INFO  - 714c9ae8efd1 Downloading 34MB / 42MB
2025-10-15T17:39:50.432Z INFO  - 2d765646d883 Downloading 37MB / 51MB
2025-10-15T17:39:50.652Z INFO  - 18aefd815ab5 Downloading 26MB / 62MB
2025-10-15T17:39:50.760Z INFO  - 714c9ae8efd1 Downloading 35MB / 42MB
2025-10-15T17:39:50.852Z INFO  - 18aefd815ab5 Downloading 27MB / 62MB
2025-10-15T17:39:51.112Z INFO  - 18aefd815ab5 Downloading 29MB / 62MB
2025-10-15T17:39:51.148Z INFO  - 8823f3d3d078 Downloading 38MB / 43MB
2025-10-15T17:39:51.175Z INFO  - 18aefd815ab5 Downloading 30MB / 62MB
2025-10-15T17:39:51.177Z INFO  - 2d765646d883 Downloading 41MB / 51MB
2025-10-15T17:39:51.465Z INFO  - 8823f3d3d078 Downloading 41MB / 43MB
2025-10-15T17:39:51.472Z INFO  - 714c9ae8efd1 Downloading 40MB / 42MB
2025-10-15T17:39:51.628Z INFO  - 2d765646d883 Downloading 44MB / 51MB
2025-10-15T17:39:51.660Z INFO  - 8823f3d3d078 Verifying Checksum
2025-10-15T17:39:51.660Z INFO  - 8823f3d3d078 Download complete
2025-10-15T17:39:51.770Z INFO  - 714c9ae8efd1 Verifying Checksum
2025-10-15T17:39:51.771Z INFO  - 714c9ae8efd1 Download complete
2025-10-15T17:39:51.878Z INFO  - 18aefd815ab5 Downloading 35MB / 62MB
2025-10-15T17:39:51.925Z INFO  - 2d765646d883 Downloading 47MB / 51MB
2025-10-15T17:39:52.041Z INFO  - 2d765646d883 Downloading 50MB / 51MB
2025-10-15T17:39:52.080Z INFO  - 2d765646d883 Verifying Checksum
2025-10-15T17:39:52.080Z INFO  - 2d765646d883 Download complete
2025-10-15T17:39:52.100Z INFO  - 18aefd815ab5 Downloading 39MB / 62MB
2025-10-15T17:39:52.219Z INFO  - 18aefd815ab5 Downloading 41MB / 62MB
2025-10-15T17:39:52.566Z INFO  - 18aefd815ab5 Downloading 46MB / 62MB
2025-10-15T17:39:52.856Z INFO  - 18aefd815ab5 Downloading 46MB / 62MB
2025-10-15T17:39:52.857Z INFO  - 2d765646d883 Extracting 1MB / 51MB
2025-10-15T17:39:53.418Z INFO  - 2d765646d883 Extracting 2MB / 51MB
2025-10-15T17:39:54.842Z INFO  - 2d765646d883 Extracting 7MB / 51MB
2025-10-15T17:39:55.467Z INFO  - 2d765646d883 Extracting 9MB / 51MB
2025-10-15T17:39:55.605Z INFO  - 2d765646d883 Extracting 10MB / 51MB
2025-10-15T17:39:55.976Z INFO  - 2d765646d883 Extracting 11MB / 51MB
2025-10-15T17:39:56.391Z INFO  - 2d765646d883 Extracting 12MB / 51MB
2025-10-15T17:39:57.047Z INFO  - 2d765646d883 Extracting 13MB / 51MB
2025-10-15T17:39:58.105Z INFO  - 2d765646d883 Extracting 15MB / 51MB
2025-10-15T17:39:58.554Z INFO  - 2d765646d883 Extracting 17MB / 51MB
2025-10-15T17:39:58.583Z INFO  - 2d765646d883 Extracting 19MB / 51MB
2025-10-15T17:39:58.592Z INFO  - 18aefd815ab5 Downloading 55MB / 62MB
2025-10-15T17:39:58.850Z INFO  - 18aefd815ab5 Downloading 55MB / 62MB
2025-10-15T17:39:59.170Z INFO  - 2d765646d883 Extracting 21MB / 51MB
2025-10-15T17:39:59.171Z INFO  - 2d765646d883 Extracting 22MB / 51MB
2025-10-15T17:39:59.374Z INFO  - 2d765646d883 Extracting 23MB / 51MB
2025-10-15T17:39:59.494Z INFO  - 2d765646d883 Extracting 24MB / 51MB
2025-10-15T17:39:59.728Z INFO  - 18aefd815ab5 Downloading 57MB / 62MB
2025-10-15T17:39:59.854Z INFO  - 18aefd815ab5 Downloading 59MB / 62MB
2025-10-15T17:40:00.034Z INFO  - 2d765646d883 Extracting 26MB / 51MB
2025-10-15T17:40:00.230Z INFO  - 18aefd815ab5 Verifying Checksum
2025-10-15T17:40:00.230Z INFO  - 18aefd815ab5 Download complete
2025-10-15T17:40:00.961Z INFO  - 2d765646d883 Extracting 27MB / 51MB
2025-10-15T17:40:01.403Z INFO  - 2d765646d883 Extracting 28MB / 51MB
2025-10-15T17:40:02.230Z INFO  - 2d765646d883 Extracting 30MB / 51MB
2025-10-15T17:40:02.230Z INFO  - 2d765646d883 Extracting 31MB / 51MB
2025-10-15T17:40:02.230Z INFO  - 2d765646d883 Extracting 36MB / 51MB
2025-10-15T17:40:02.969Z INFO  - 2d765646d883 Extracting 38MB / 51MB
2025-10-15T17:40:04.268Z INFO  - 2d765646d883 Extracting 39MB / 51MB
2025-10-15T17:40:05.187Z INFO  - 2d765646d883 Extracting 40MB / 51MB
2025-10-15T17:40:05.701Z INFO  - 2d765646d883 Extracting 41MB / 51MB
2025-10-15T17:40:07.241Z INFO  - 2d765646d883 Extracting 43MB / 51MB
2025-10-15T17:40:08.132Z INFO  - 2d765646d883 Extracting 44MB / 51MB
2025-10-15T17:40:08.647Z INFO  - 2d765646d883 Extracting 45MB / 51MB
2025-10-15T17:40:08.647Z INFO  - 2d765646d883 Extracting 46MB / 51MB
2025-10-15T17:40:09.929Z INFO  - 2d765646d883 Extracting 48MB / 51MB
2025-10-15T17:40:10.163Z INFO  - 2d765646d883 Extracting 49MB / 51MB
2025-10-15T17:40:11.654Z INFO  - 2d765646d883 Extracting 50MB / 51MB
2025-10-15T17:40:12.320Z INFO  - 2d765646d883 Extracting 51MB / 51MB
2025-10-15T17:40:12.737Z INFO  - 2d765646d883 Pull complete
2025-10-15T17:40:13.189Z INFO  - 5a5b00cd5bf7 Extracting 1MB / 28MB
2025-10-15T17:40:13.840Z INFO  - 5a5b00cd5bf7 Extracting 4MB / 28MB
2025-10-15T17:40:14.156Z INFO  - 5a5b00cd5bf7 Extracting 5MB / 28MB
2025-10-15T17:40:14.374Z INFO  - 5a5b00cd5bf7 Extracting 9MB / 28MB
2025-10-15T17:40:14.752Z INFO  - 5a5b00cd5bf7 Extracting 10MB / 28MB
2025-10-15T17:40:14.907Z INFO  - 5a5b00cd5bf7 Extracting 11MB / 28MB
2025-10-15T17:40:15.131Z INFO  - 5a5b00cd5bf7 Extracting 12MB / 28MB
2025-10-15T17:40:15.257Z INFO  - 5a5b00cd5bf7 Extracting 12MB / 28MB
2025-10-15T17:40:15.364Z INFO  - 5a5b00cd5bf7 Extracting 13MB / 28MB
2025-10-15T17:40:15.470Z INFO  - 5a5b00cd5bf7 Extracting 14MB / 28MB
2025-10-15T17:40:15.583Z INFO  - 5a5b00cd5bf7 Extracting 14MB / 28MB
2025-10-15T17:40:15.942Z INFO  - 5a5b00cd5bf7 Extracting 17MB / 28MB
2025-10-15T17:40:16.053Z INFO  - 5a5b00cd5bf7 Extracting 18MB / 28MB
2025-10-15T17:40:17.276Z INFO  - 5a5b00cd5bf7 Extracting 25MB / 28MB
2025-10-15T17:40:17.563Z INFO  - 5a5b00cd5bf7 Extracting 27MB / 28MB
2025-10-15T17:40:17.869Z INFO  - 5a5b00cd5bf7 Extracting 28MB / 28MB
2025-10-15T17:40:17.976Z INFO  - 5a5b00cd5bf7 Pull complete
2025-10-15T17:40:17.984Z INFO  - 4f4fb700ef54 Extracting 32B / 32B
2025-10-15T17:40:18.004Z INFO  - 4f4fb700ef54 Extracting 32B / 32B
2025-10-15T17:40:18.034Z INFO  - 4f4fb700ef54 Pull complete
2025-10-15T17:40:18.045Z INFO  - 1d2d9b452037 Extracting 385B / 385B
2025-10-15T17:40:18.079Z INFO  - 1d2d9b452037 Extracting 385B / 385B
2025-10-15T17:40:18.089Z INFO  - 1d2d9b452037 Pull complete
2025-10-15T17:40:18.096Z INFO  - f92d7c7f776b Extracting 32KB / 1MB
2025-10-15T17:40:18.321Z INFO  - f92d7c7f776b Extracting 1MB / 1MB
2025-10-15T17:40:18.347Z INFO  - f92d7c7f776b Pull complete
2025-10-15T17:40:18.355Z INFO  - 08bb3a0c26b7 Extracting 32KB / 39KB
2025-10-15T17:40:18.420Z INFO  - 08bb3a0c26b7 Extracting 39KB / 39KB
2025-10-15T17:40:18.443Z INFO  - 08bb3a0c26b7 Pull complete
2025-10-15T17:40:18.452Z INFO  - 9fb672601727 Extracting 10KB / 10KB
2025-10-15T17:40:18.487Z INFO  - 9fb672601727 Extracting 10KB / 10KB
2025-10-15T17:40:18.508Z INFO  - 9fb672601727 Pull complete
2025-10-15T17:40:18.509Z INFO  - 4eb612e495ff Extracting 14KB / 14KB
2025-10-15T17:40:18.546Z INFO  - 4eb612e495ff Extracting 14KB / 14KB
2025-10-15T17:40:18.562Z INFO  - 4eb612e495ff Pull complete
2025-10-15T17:40:18.631Z INFO  - 28e2f4e628c2 Extracting 284KB / 284KB
2025-10-15T17:40:18.655Z INFO  - 28e2f4e628c2 Pull complete
2025-10-15T17:40:18.663Z INFO  - 5e9207154c4c Extracting 10KB / 10KB
2025-10-15T17:40:18.679Z INFO  - 5e9207154c4c Extracting 10KB / 10KB
2025-10-15T17:40:18.737Z INFO  - 5e9207154c4c Pull complete
2025-10-15T17:40:18.747Z INFO  - b568c51796a7 Extracting 32KB / 1MB
2025-10-15T17:40:18.805Z INFO  - b568c51796a7 Extracting 1MB / 1MB
2025-10-15T17:40:18.834Z INFO  - b568c51796a7 Pull complete
2025-10-15T17:40:18.853Z INFO  - ebd91ba9e33b Extracting 32KB / 1MB
2025-10-15T17:40:19.065Z INFO  - ebd91ba9e33b Extracting 1MB / 1MB
2025-10-15T17:40:19.077Z INFO  - ebd91ba9e33b Pull complete
2025-10-15T17:40:19.086Z INFO  - ad2c7af3948d Extracting 3KB / 3KB
2025-10-15T17:40:19.119Z INFO  - ad2c7af3948d Extracting 3KB / 3KB
2025-10-15T17:40:19.128Z INFO  - ad2c7af3948d Pull complete
2025-10-15T17:40:19.410Z INFO  - 714c9ae8efd1 Extracting 3MB / 42MB
2025-10-15T17:40:19.843Z INFO  - 714c9ae8efd1 Extracting 9MB / 42MB
2025-10-15T17:40:19.919Z INFO  - 714c9ae8efd1 Extracting 12MB / 42MB
2025-10-15T17:40:20.136Z INFO  - 714c9ae8efd1 Extracting 18MB / 42MB
2025-10-15T17:40:20.591Z INFO  - 714c9ae8efd1 Extracting 24MB / 42MB
2025-10-15T17:40:20.843Z INFO  - 714c9ae8efd1 Extracting 28MB / 42MB
2025-10-15T17:40:20.883Z INFO  - 714c9ae8efd1 Extracting 29MB / 42MB
2025-10-15T17:40:21.836Z INFO  - 714c9ae8efd1 Extracting 42MB / 42MB
2025-10-15T17:40:21.854Z INFO  - 714c9ae8efd1 Pull complete
2025-10-15T17:40:22.422Z INFO  - 8823f3d3d078 Extracting 2MB / 43MB
2025-10-15T17:40:22.629Z INFO  - 8823f3d3d078 Extracting 4MB / 43MB
2025-10-15T17:40:22.916Z INFO  - 8823f3d3d078 Extracting 6MB / 43MB
2025-10-15T17:40:23.002Z INFO  - 8823f3d3d078 Extracting 7MB / 43MB
2025-10-15T17:40:23.372Z INFO  - 8823f3d3d078 Extracting 8MB / 43MB
2025-10-15T17:40:23.547Z INFO  - 8823f3d3d078 Extracting 10MB / 43MB
2025-10-15T17:40:23.564Z INFO  - 8823f3d3d078 Extracting 11MB / 43MB
2025-10-15T17:40:23.989Z INFO  - 8823f3d3d078 Extracting 13MB / 43MB
2025-10-15T17:40:24.471Z INFO  - 8823f3d3d078 Extracting 14MB / 43MB
2025-10-15T17:40:24.660Z INFO  - 8823f3d3d078 Extracting 16MB / 43MB
2025-10-15T17:40:25.554Z INFO  - 8823f3d3d078 Extracting 22MB / 43MB
2025-10-15T17:40:25.847Z INFO  - 8823f3d3d078 Extracting 26MB / 43MB
2025-10-15T17:40:26.121Z INFO  - 8823f3d3d078 Extracting 28MB / 43MB
2025-10-15T17:40:26.216Z INFO  - 8823f3d3d078 Extracting 28MB / 43MB
2025-10-15T17:40:26.330Z INFO  - 8823f3d3d078 Extracting 29MB / 43MB
2025-10-15T17:40:26.443Z INFO  - 8823f3d3d078 Extracting 30MB / 43MB
2025-10-15T17:40:26.647Z INFO  - 8823f3d3d078 Extracting 31MB / 43MB
2025-10-15T17:40:26.798Z INFO  - 8823f3d3d078 Extracting 32MB / 43MB
2025-10-15T17:40:27.273Z INFO  - 8823f3d3d078 Extracting 33MB / 43MB
2025-10-15T17:40:28.475Z INFO  - 8823f3d3d078 Extracting 35MB / 43MB
2025-10-15T17:40:29.346Z INFO  - 8823f3d3d078 Extracting 36MB / 43MB
2025-10-15T17:40:29.504Z INFO  - 8823f3d3d078 Extracting 37MB / 43MB
2025-10-15T17:40:30.255Z INFO  - 8823f3d3d078 Extracting 39MB / 43MB
2025-10-15T17:40:30.733Z INFO  - 8823f3d3d078 Extracting 40MB / 43MB
2025-10-15T17:40:31.153Z INFO  - 8823f3d3d078 Extracting 41MB / 43MB
2025-10-15T17:40:31.743Z INFO  - 8823f3d3d078 Extracting 42MB / 43MB
2025-10-15T17:40:32.396Z INFO  - 8823f3d3d078 Extracting 42MB / 43MB
2025-10-15T17:40:33.123Z INFO  - 8823f3d3d078 Extracting 43MB / 43MB
2025-10-15T17:40:33.388Z INFO  - 8823f3d3d078 Pull complete
2025-10-15T17:40:33.548Z INFO  - d24ae477b19d Extracting 1MB / 11MB
2025-10-15T17:40:33.754Z INFO  - d24ae477b19d Extracting 3MB / 11MB
2025-10-15T17:40:33.974Z INFO  - d24ae477b19d Extracting 4MB / 11MB
2025-10-15T17:40:34.744Z INFO  - d24ae477b19d Extracting 7MB / 11MB
2025-10-15T17:40:34.781Z INFO  - d24ae477b19d Extracting 8MB / 11MB
2025-10-15T17:40:34.908Z INFO  - d24ae477b19d Extracting 8MB / 11MB
2025-10-15T17:40:35.401Z INFO  - d24ae477b19d Extracting 9MB / 11MB
2025-10-15T17:40:35.731Z INFO  - d24ae477b19d Extracting 9MB / 11MB
2025-10-15T17:40:36.117Z INFO  - d24ae477b19d Extracting 10MB / 11MB
2025-10-15T17:40:36.133Z INFO  - d24ae477b19d Extracting 10MB / 11MB
2025-10-15T17:40:36.486Z INFO  - d24ae477b19d Extracting 10MB / 11MB
2025-10-15T17:40:36.815Z INFO  - d24ae477b19d Extracting 10MB / 11MB
2025-10-15T17:40:37.132Z INFO  - d24ae477b19d Extracting 11MB / 11MB
2025-10-15T17:40:37.287Z INFO  - d24ae477b19d Pull complete
2025-10-15T17:40:37.509Z INFO  - cf5859015b25 Extracting 1MB / 16MB
2025-10-15T17:40:37.604Z INFO  - cf5859015b25 Extracting 1MB / 16MB
2025-10-15T17:40:37.734Z INFO  - cf5859015b25 Extracting 2MB / 16MB
2025-10-15T17:40:38.057Z INFO  - cf5859015b25 Extracting 4MB / 16MB
2025-10-15T17:40:38.158Z INFO  - cf5859015b25 Extracting 4MB / 16MB
2025-10-15T17:40:38.495Z INFO  - cf5859015b25 Extracting 6MB / 16MB
2025-10-15T17:40:39.044Z INFO  - cf5859015b25 Extracting 7MB / 16MB
2025-10-15T17:40:39.663Z INFO  - cf5859015b25 Extracting 8MB / 16MB
2025-10-15T17:40:40.478Z INFO  - cf5859015b25 Extracting 9MB / 16MB
2025-10-15T17:40:41.657Z INFO  - cf5859015b25 Extracting 10MB / 16MB
2025-10-15T17:40:41.657Z INFO  - cf5859015b25 Extracting 11MB / 16MB
2025-10-15T17:40:42.783Z INFO  - cf5859015b25 Extracting 11MB / 16MB
2025-10-15T17:40:43.393Z INFO  - cf5859015b25 Extracting 12MB / 16MB
2025-10-15T17:40:44.550Z INFO  - cf5859015b25 Extracting 14MB / 16MB
2025-10-15T17:40:44.862Z INFO  - cf5859015b25 Extracting 14MB / 16MB
2025-10-15T17:40:45.853Z INFO  - cf5859015b25 Extracting 15MB / 16MB
2025-10-15T17:40:46.569Z INFO  - cf5859015b25 Extracting 15MB / 16MB
2025-10-15T17:40:47.040Z INFO  - cf5859015b25 Extracting 16MB / 16MB
2025-10-15T17:40:47.968Z INFO  - cf5859015b25 Pull complete
2025-10-15T17:40:47.974Z INFO  - e371d23db52d Extracting 127B / 127B
2025-10-15T17:40:47.985Z INFO  - e371d23db52d Extracting 127B / 127B
2025-10-15T17:40:48.040Z INFO  - e371d23db52d Pull complete
2025-10-15T17:40:48.283Z INFO  - d3c5bd41dcd5 Extracting 960KB / 5MB
2025-10-15T17:40:48.534Z INFO  - d3c5bd41dcd5 Extracting 2MB / 5MB
2025-10-15T17:40:48.660Z INFO  - d3c5bd41dcd5 Extracting 5MB / 5MB
2025-10-15T17:40:48.694Z INFO  - d3c5bd41dcd5 Pull complete
2025-10-15T17:40:48.698Z INFO  - 240c70ac2546 Extracting 948B / 948B
2025-10-15T17:40:48.714Z INFO  - 240c70ac2546 Extracting 948B / 948B
2025-10-15T17:40:48.724Z INFO  - 240c70ac2546 Pull complete
2025-10-15T17:40:48.750Z INFO  - 3f4cd3b768dd Extracting 1KB / 1KB
2025-10-15T17:40:48.763Z INFO  - 3f4cd3b768dd Extracting 1KB / 1KB
2025-10-15T17:40:48.808Z INFO  - 3f4cd3b768dd Pull complete
2025-10-15T17:40:48.828Z INFO  - 65c7e5a173ae Extracting 138B / 138B
2025-10-15T17:40:48.838Z INFO  - 65c7e5a173ae Extracting 138B / 138B
2025-10-15T17:40:48.855Z INFO  - 65c7e5a173ae Pull complete
2025-10-15T17:40:48.969Z INFO  - 18aefd815ab5 Extracting 544KB / 62MB
2025-10-15T17:40:49.528Z INFO  - 18aefd815ab5 Extracting 2MB / 62MB
2025-10-15T17:40:49.823Z INFO  - 18aefd815ab5 Extracting 5MB / 62MB
2025-10-15T17:40:50.218Z INFO  - 18aefd815ab5 Extracting 6MB / 62MB
2025-10-15T17:40:51.543Z INFO  - 18aefd815ab5 Extracting 10MB / 62MB
2025-10-15T17:40:52.290Z INFO  - 18aefd815ab5 Extracting 11MB / 62MB
2025-10-15T17:40:53.116Z INFO  - 18aefd815ab5 Extracting 13MB / 62MB
2025-10-15T17:40:53.895Z INFO  - 18aefd815ab5 Extracting 15MB / 62MB
2025-10-15T17:40:54.303Z INFO  - 18aefd815ab5 Extracting 16MB / 62MB
2025-10-15T17:40:54.874Z INFO  - 18aefd815ab5 Extracting 18MB / 62MB
2025-10-15T17:40:55.137Z INFO  - 18aefd815ab5 Extracting 19MB / 62MB
2025-10-15T17:40:55.516Z INFO  - 18aefd815ab5 Extracting 20MB / 62MB
2025-10-15T17:40:55.874Z INFO  - 18aefd815ab5 Extracting 21MB / 62MB
2025-10-15T17:40:57.094Z INFO  - 18aefd815ab5 Extracting 25MB / 62MB
2025-10-15T17:40:57.189Z INFO  - 18aefd815ab5 Extracting 26MB / 62MB
2025-10-15T17:40:57.580Z INFO  - 18aefd815ab5 Extracting 27MB / 62MB
2025-10-15T17:40:58.135Z INFO  - 18aefd815ab5 Extracting 29MB / 62MB
2025-10-15T17:40:58.463Z INFO  - 18aefd815ab5 Extracting 30MB / 62MB
2025-10-15T17:40:58.973Z INFO  - 18aefd815ab5 Extracting 31MB / 62MB
2025-10-15T17:40:59.142Z INFO  - 18aefd815ab5 Extracting 34MB / 62MB
2025-10-15T17:40:59.813Z INFO  - 18aefd815ab5 Extracting 35MB / 62MB
2025-10-15T17:41:00.076Z INFO  - 18aefd815ab5 Extracting 36MB / 62MB
2025-10-15T17:41:02.015Z INFO  - 18aefd815ab5 Extracting 39MB / 62MB
2025-10-15T17:41:03.452Z INFO  - 18aefd815ab5 Extracting 41MB / 62MB
2025-10-15T17:41:05.176Z INFO  - 18aefd815ab5 Extracting 43MB / 62MB
2025-10-15T17:41:06.259Z INFO  - 18aefd815ab5 Extracting 44MB / 62MB
2025-10-15T17:41:06.740Z INFO  - 18aefd815ab5 Extracting 45MB / 62MB
2025-10-15T17:41:07.294Z INFO  - 18aefd815ab5 Extracting 46MB / 62MB
2025-10-15T17:41:08.201Z INFO  - 18aefd815ab5 Extracting 49MB / 62MB
2025-10-15T17:41:08.377Z INFO  - 18aefd815ab5 Extracting 50MB / 62MB
2025-10-15T17:41:08.503Z INFO  - 18aefd815ab5 Extracting 51MB / 62MB
2025-10-15T17:41:09.076Z INFO  - 18aefd815ab5 Extracting 56MB / 62MB
2025-10-15T17:41:09.198Z INFO  - 18aefd815ab5 Extracting 57MB / 62MB
2025-10-15T17:41:09.935Z INFO  - 18aefd815ab5 Extracting 62MB / 62MB
2025-10-15T17:41:10.245Z INFO  - 18aefd815ab5 Pull complete
2025-10-15T17:41:10.264Z INFO  - 62da1ff1e4d1 Extracting 1KB / 1KB
2025-10-15T17:41:10.282Z INFO  - 62da1ff1e4d1 Extracting 1KB / 1KB
2025-10-15T17:41:10.307Z INFO  - 62da1ff1e4d1 Pull complete
2025-10-15T17:41:10.312Z INFO  - 6b794b4eac89 Extracting 1KB / 1KB
2025-10-15T17:41:10.328Z INFO  - 6b794b4eac89 Extracting 1KB / 1KB
2025-10-15T17:41:10.434Z INFO  - 6b794b4eac89 Pull complete
2025-10-15T17:41:10.439Z INFO  - 5c2ba00b7dcb Extracting 3KB / 3KB
2025-10-15T17:41:10.469Z INFO  - 5c2ba00b7dcb Extracting 3KB / 3KB
2025-10-15T17:41:10.517Z INFO  - 5c2ba00b7dcb Pull complete
2025-10-15T17:41:10.524Z INFO  - 7b11702853a7 Extracting 151B / 151B
2025-10-15T17:41:10.584Z INFO  - 7b11702853a7 Extracting 151B / 151B
2025-10-15T17:41:10.613Z INFO  - 7b11702853a7 Pull complete
2025-10-15T17:41:10.621Z INFO  - 5d8d50e67cb6 Extracting 13KB / 13KB
2025-10-15T17:41:10.634Z INFO  - 5d8d50e67cb6 Extracting 13KB / 13KB
2025-10-15T17:41:10.701Z INFO  - 5d8d50e67cb6 Pull complete
2025-10-15T17:41:10.716Z INFO  - fb68fd26ff32 Extracting 1KB / 1KB
2025-10-15T17:41:10.770Z INFO  - fb68fd26ff32 Extracting 1KB / 1KB
2025-10-15T17:41:10.817Z INFO  - fb68fd26ff32 Pull complete
2025-10-15T17:41:10.827Z INFO  - 4d60b3d5e2d3 Extracting 269B / 269B
2025-10-15T17:41:10.836Z INFO  - 4d60b3d5e2d3 Extracting 269B / 269B
2025-10-15T17:41:10.884Z INFO  - 4d60b3d5e2d3 Pull complete
2025-10-15T17:41:10.886Z INFO  - 571dbe4a5bc6 Extracting 269B / 269B
2025-10-15T17:41:10.904Z INFO  - 571dbe4a5bc6 Extracting 269B / 269B
2025-10-15T17:41:10.913Z INFO  - 571dbe4a5bc6 Pull complete
2025-10-15T17:41:11.060Z INFO  - bbf5f37ab0eb Extracting 124B / 124B
2025-10-15T17:41:11.071Z INFO  - bbf5f37ab0eb Extracting 124B / 124B
2025-10-15T17:41:11.092Z INFO  - bbf5f37ab0eb Pull complete
2025-10-15T17:41:11.099Z INFO  - 8f8a255089e1 Extracting 417B / 417B
2025-10-15T17:41:11.128Z INFO  - 8f8a255089e1 Extracting 417B / 417B
2025-10-15T17:41:11.151Z INFO  - 8f8a255089e1 Pull complete
2025-10-15T17:41:11.153Z INFO  - d21c65e6b3f2 Extracting 1KB / 1KB
2025-10-15T17:41:11.170Z INFO  - d21c65e6b3f2 Extracting 1KB / 1KB
2025-10-15T17:41:11.207Z INFO  - d21c65e6b3f2 Pull complete
2025-10-15T17:41:11.469Z INFO  - da490bee1774 Extracting 160KB / 1MB
2025-10-15T17:41:11.841Z INFO  - da490bee1774 Extracting 608KB / 1MB
2025-10-15T17:41:11.991Z INFO  - da490bee1774 Extracting 992KB / 1MB
2025-10-15T17:41:12.183Z INFO  - da490bee1774 Extracting 1MB / 1MB
2025-10-15T17:41:12.261Z INFO  - da490bee1774 Extracting 1MB / 1MB
2025-10-15T17:41:12.348Z INFO  - da490bee1774 Pull complete
2025-10-15T17:41:12.350Z INFO  - af8d0755d70d Extracting 133B / 133B
2025-10-15T17:41:12.368Z INFO  - af8d0755d70d Extracting 133B / 133B
2025-10-15T17:41:12.378Z INFO  - af8d0755d70d Pull complete
2025-10-15T17:41:12.453Z INFO  -  Digest: sha256:34b2f28542138684a98a23bc802a785710c96758698f06f70385f3aa8da5657d
2025-10-15T17:41:12.460Z INFO  -  Status: Downloaded newer image for mcr.microsoft.com/appsvc/node:18-lts_20250724.2.tuxprod
2025-10-15T17:41:12.510Z INFO  - Pull Image successful, Time taken: 92 Seconds
2025-10-15T17:41:13.050Z INFO  - Starting container for site
2025-10-15T17:41:13.050Z INFO  - docker run -d -p 4352:8080 --name homework-helper-staging_0_4158dab6 -e WEBSITE_USE_DIAGNOSTIC_SERVER=true -e PORT=8080 -e WEBSITE_SITE_NAME=homework-helper-staging -e WEBSITE_AUTH_ENABLED=False -e WEBSITE_ROLE_INSTANCE_ID=0 -e WEBSITE_HOSTNAME=homework-helper-staging.azurewebsites.net -e WEBSITE_INSTANCE_ID=978cd1806fe99a7fba8b407448cdbad2eee49d1dce1d7c99273bab045481966c appsvc/node:18-lts_20250724.2.tuxprod 
2025-10-15T17:41:13.050Z INFO  - Logging is not enabled for this container.
Please use https://aka.ms/linux-diagnostics to enable logging to see container logs here.
2025-10-15T17:41:18.123Z INFO  - Initiating warmup request to container homework-helper-staging_0_4158dab6 for site homework-helper-staging
2025-10-15T17:41:37.250Z INFO  - Waiting for response to warmup request for container homework-helper-staging_0_4158dab6. Elapsed time = 19.1460346 sec
2025-10-15T17:41:46.435Z ERROR - Container homework-helper-staging_0_4158dab6 for site homework-helper-staging has exited, failing site start
2025-10-15T17:41:46.577Z ERROR - Container homework-helper-staging_0_4158dab6 didn't respond to HTTP pings on port: 8080. Failing site start. See container logs for debugging.
2025-10-15T17:41:46.760Z INFO  - Stopping site homework-helper-staging because it failed during startup.
2025-10-15T17:41:59.317Z ERROR - DockerApiException: Docker API responded with status code=NotFound, response={"message":"manifest for 10.1.0.6:13209/appsvc/node:18-lts_20250724.2.tuxprod not found: manifest unknown: manifest unknown"}

2025-10-15T17:41:59.558Z ERROR - DockerApiException: Docker API responded with status code=NotFound, response={"message":"manifest for 10.1.0.4:13209/appsvc/node:18-lts_20250724.2.tuxprod not found: manifest unknown: manifest unknown"}

2025-10-15T17:41:59.818Z INFO  - 18-lts_20250724.2.tuxprod Pulling from appsvc/node
2025-10-15T17:41:59.973Z INFO  -  Digest: sha256:34b2f28542138684a98a23bc802a785710c96758698f06f70385f3aa8da5657d
2025-10-15T17:41:59.988Z INFO  -  Status: Image is up to date for mcr.microsoft.com/appsvc/node:18-lts_20250724.2.tuxprod
2025-10-15T17:42:00.083Z INFO  - Pull Image successful, Time taken: 0 Seconds
2025-10-15T17:42:01.072Z INFO  - Starting container for site
2025-10-15T17:42:01.082Z INFO  - docker run -d -p 6935:8080 --name homework-helper-staging_0_c03eaeab -e WEBSITE_USE_DIAGNOSTIC_SERVER=true -e PORT=8080 -e WEBSITE_SITE_NAME=homework-helper-staging -e WEBSITE_AUTH_ENABLED=False -e WEBSITE_ROLE_INSTANCE_ID=0 -e WEBSITE_HOSTNAME=homework-helper-staging.azurewebsites.net -e WEBSITE_INSTANCE_ID=978cd1806fe99a7fba8b407448cdbad2eee49d1dce1d7c99273bab045481966c appsvc/node:18-lts_20250724.2.tuxprod 
2025-10-15T17:42:01.083Z INFO  - Logging is not enabled for this container.
Please use https://aka.ms/linux-diagnostics to enable logging to see container logs here.
2025-10-15T17:42:09.833Z INFO  - Initiating warmup request to container homework-helper-staging_0_c03eaeab for site homework-helper-staging
2025-10-15T17:42:29.477Z INFO  - Waiting for response to warmup request for container homework-helper-staging_0_c03eaeab. Elapsed time = 19.643821 sec
2025-10-15T17:42:48.332Z INFO  - Waiting for response to warmup request for container homework-helper-staging_0_c03eaeab. Elapsed time = 38.4997339 sec
2025-10-15T17:42:54.817Z ERROR - Container homework-helper-staging_0_c03eaeab for site homework-helper-staging has exited, failing site start
2025-10-15T17:42:54.949Z ERROR - Container homework-helper-staging_0_c03eaeab didn't respond to HTTP pings on port: 8080. Failing site start. See container logs for debugging.
2025-10-15T17:42:55.029Z INFO  - Stopping site homework-helper-staging because it failed during startup.
2025-10-15T17:43:07.440Z ERROR - DockerApiException: Docker API responded with status code=NotFound, response={"message":"manifest for 10.1.0.4:13209/appsvc/node:18-lts_20250724.2.tuxprod not found: manifest unknown: manifest unknown"}

2025-10-15T17:43:07.905Z ERROR - DockerApiException: Docker API responded with status code=NotFound, response={"message":"manifest for 10.1.0.6:13209/appsvc/node:18-lts_20250724.2.tuxprod not found: manifest unknown: manifest unknown"}

2025-10-15T17:43:11.170Z INFO  - 18-lts_20250724.2.tuxprod Pulling from appsvc/node
2025-10-15T17:43:11.487Z INFO  -  Digest: sha256:34b2f28542138684a98a23bc802a785710c96758698f06f70385f3aa8da5657d
2025-10-15T17:43:11.488Z INFO  -  Status: Image is up to date for mcr.microsoft.com/appsvc/node:18-lts_20250724.2.tuxprod
2025-10-15T17:43:11.672Z INFO  - Pull Image successful, Time taken: 2 Seconds
2025-10-15T17:43:12.611Z INFO  - Starting container for site
2025-10-15T17:43:12.613Z INFO  - docker run -d -p 8981:8080 --name homework-helper-staging_0_4fa1e89d -e WEBSITE_USE_DIAGNOSTIC_SERVER=true -e PORT=8080 -e WEBSITE_SITE_NAME=homework-helper-staging -e WEBSITE_AUTH_ENABLED=False -e WEBSITE_ROLE_INSTANCE_ID=0 -e WEBSITE_HOSTNAME=homework-helper-staging.azurewebsites.net -e WEBSITE_INSTANCE_ID=978cd1806fe99a7fba8b407448cdbad2eee49d1dce1d7c99273bab045481966c appsvc/node:18-lts_20250724.2.tuxprod 
2025-10-15T17:43:12.622Z INFO  - Logging is not enabled for this container.
Please use https://aka.ms/linux-diagnostics to enable logging to see container logs here.
2025-10-15T17:43:20.592Z INFO  - Initiating warmup request to container homework-helper-staging_0_4fa1e89d for site homework-helper-staging
2025-10-15T17:43:38.655Z INFO  - Waiting for response to warmup request for container homework-helper-staging_0_4fa1e89d. Elapsed time = 18.0624843 sec
2025-10-15T17:43:58.618Z INFO  - Waiting for response to warmup request for container homework-helper-staging_0_4fa1e89d. Elapsed time = 38.0259719 sec
2025-10-15T17:44:18.251Z INFO  - Waiting for response to warmup request for container homework-helper-staging_0_4fa1e89d. Elapsed time = 57.6586787 sec
2025-10-15T17:44:19.801Z ERROR - Container homework-helper-staging_0_4fa1e89d for site homework-helper-staging has exited, failing site start
2025-10-15T17:44:19.823Z ERROR - Container homework-helper-staging_0_4fa1e89d didn't respond to HTTP pings on port: 8080. Failing site start. See container logs for debugging.
2025-10-15T17:44:19.845Z INFO  - Stopping site homework-helper-staging because it failed during startup.
2025-10-15T17:44:32.502Z ERROR - DockerApiException: Docker API responded with status code=NotFound, response={"message":"manifest for 10.1.0.6:13209/appsvc/node:18-lts_20250724.2.tuxprod not found: manifest unknown: manifest unknown"}

2025-10-15T17:44:32.705Z ERROR - DockerApiException: Docker API responded with status code=NotFound, response={"message":"manifest for 10.1.0.4:13209/appsvc/node:18-lts_20250724.2.tuxprod not found: manifest unknown: manifest unknown"}

2025-10-15T17:44:32.905Z INFO  - 18-lts_20250724.2.tuxprod Pulling from appsvc/node
2025-10-15T17:44:33.005Z INFO  -  Digest: sha256:34b2f28542138684a98a23bc802a785710c96758698f06f70385f3aa8da5657d
2025-10-15T17:44:33.012Z INFO  -  Status: Image is up to date for mcr.microsoft.com/appsvc/node:18-lts_20250724.2.tuxprod
2025-10-15T17:44:33.050Z INFO  - Pull Image successful, Time taken: 0 Seconds
2025-10-15T17:44:33.262Z INFO  - Starting container for site
2025-10-15T17:44:33.264Z INFO  - docker run -d -p 4501:8080 --name homework-helper-staging_0_989e7021 -e WEBSITE_USE_DIAGNOSTIC_SERVER=true -e PORT=8080 -e WEBSITE_SITE_NAME=homework-helper-staging -e WEBSITE_AUTH_ENABLED=False -e WEBSITE_ROLE_INSTANCE_ID=0 -e WEBSITE_HOSTNAME=homework-helper-staging.azurewebsites.net -e WEBSITE_INSTANCE_ID=978cd1806fe99a7fba8b407448cdbad2eee49d1dce1d7c99273bab045481966c appsvc/node:18-lts_20250724.2.tuxprod 
2025-10-15T17:44:33.265Z INFO  - Logging is not enabled for this container.
Please use https://aka.ms/linux-diagnostics to enable logging to see container logs here.
2025-10-15T17:44:36.583Z INFO  - Initiating warmup request to container homework-helper-staging_0_989e7021 for site homework-helper-staging
2025-10-15T17:44:55.292Z INFO  - Waiting for response to warmup request for container homework-helper-staging_0_989e7021. Elapsed time = 18.7086787 sec
2025-10-15T17:45:14.769Z INFO  - Waiting for response to warmup request for container homework-helper-staging_0_989e7021. Elapsed time = 38.1851382 sec
2025-10-15T17:45:15.937Z ERROR - Container homework-helper-staging_0_989e7021 for site homework-helper-staging has exited, failing site start
2025-10-15T17:45:15.989Z ERROR - Container homework-helper-staging_0_989e7021 didn't respond to HTTP pings on port: 8080. Failing site start. See container logs for debugging.
2025-10-15T17:45:16.048Z INFO  - Stopping site homework-helper-staging because it failed during startup.
2025-10-15T17:48:12.407Z ERROR - DockerApiException: Docker API responded with status code=NotFound, response={"message":"manifest for 10.1.0.4:13209/appsvc/node:18-lts_20250724.2.tuxprod not found: manifest unknown: manifest unknown"}

2025-10-15T17:48:12.590Z ERROR - DockerApiException: Docker API responded with status code=NotFound, response={"message":"manifest for 10.1.0.6:13209/appsvc/node:18-lts_20250724.2.tuxprod not found: manifest unknown: manifest unknown"}

2025-10-15T17:48:12.862Z INFO  - 18-lts_20250724.2.tuxprod Pulling from appsvc/node
2025-10-15T17:48:13.077Z INFO  -  Digest: sha256:34b2f28542138684a98a23bc802a785710c96758698f06f70385f3aa8da5657d
2025-10-15T17:48:13.079Z INFO  -  Status: Image is up to date for mcr.microsoft.com/appsvc/node:18-lts_20250724.2.tuxprod
2025-10-15T17:48:13.134Z INFO  - Pull Image successful, Time taken: 0 Seconds
2025-10-15T17:48:13.589Z INFO  - Starting container for site
2025-10-15T17:48:13.596Z INFO  - docker run -d -p 4684:8080 --name homework-helper-staging_0_54495637 -e WEBSITE_USE_DIAGNOSTIC_SERVER=true -e PORT=8080 -e WEBSITE_SITE_NAME=homework-helper-staging -e WEBSITE_AUTH_ENABLED=False -e WEBSITE_ROLE_INSTANCE_ID=0 -e WEBSITE_HOSTNAME=homework-helper-staging.azurewebsites.net -e WEBSITE_INSTANCE_ID=978cd1806fe99a7fba8b407448cdbad2eee49d1dce1d7c99273bab045481966c appsvc/node:18-lts_20250724.2.tuxprod 
2025-10-15T17:48:13.597Z INFO  - Logging is not enabled for this container.
Please use https://aka.ms/linux-diagnostics to enable logging to see container logs here.
2025-10-15T17:48:17.565Z INFO  - Initiating warmup request to container homework-helper-staging_0_54495637 for site homework-helper-staging
2025-10-15T17:48:35.302Z INFO  - Waiting for response to warmup request for container homework-helper-staging_0_54495637. Elapsed time = 17.7376346 sec
2025-10-15T17:48:54.377Z INFO  - Waiting for response to warmup request for container homework-helper-staging_0_54495637. Elapsed time = 36.8119431 sec
2025-10-15T17:48:58.437Z ERROR - Container homework-helper-staging_0_54495637 for site homework-helper-staging has exited, failing site start
2025-10-15T17:48:58.472Z ERROR - Container homework-helper-staging_0_54495637 didn't respond to HTTP pings on port: 8080. Failing site start. See container logs for debugging.
2025-10-15T17:48:58.530Z INFO  - Stopping site homework-helper-staging because it failed during startup.
2025-10-15T17:58:06.487Z ERROR - DockerApiException: Docker API responded with status code=NotFound, response={"message":"manifest for 10.1.0.4:13209/appsvc/node:18-lts_20250724.2.tuxprod not found: manifest unknown: manifest unknown"}

2025-10-15T17:58:06.790Z ERROR - DockerApiException: Docker API responded with status code=NotFound, response={"message":"manifest for 10.1.0.6:13209/appsvc/node:18-lts_20250724.2.tuxprod not found: manifest unknown: manifest unknown"}

2025-10-15T17:58:07.344Z INFO  - 18-lts_20250724.2.tuxprod Pulling from appsvc/node
2025-10-15T17:58:07.412Z INFO  -  Digest: sha256:34b2f28542138684a98a23bc802a785710c96758698f06f70385f3aa8da5657d
2025-10-15T17:58:07.412Z INFO  -  Status: Image is up to date for mcr.microsoft.com/appsvc/node:18-lts_20250724.2.tuxprod
2025-10-15T17:58:07.432Z INFO  - Pull Image successful, Time taken: 0 Seconds
2025-10-15T17:58:07.714Z INFO  - Starting container for site
2025-10-15T17:58:07.714Z INFO  - docker run -d -p 4874:8080 --name homework-helper-staging_0_2bb9b74e -e WEBSITE_USE_DIAGNOSTIC_SERVER=true -e PORT=8080 -e WEBSITE_SITE_NAME=homework-helper-staging -e WEBSITE_AUTH_ENABLED=False -e WEBSITE_ROLE_INSTANCE_ID=0 -e WEBSITE_HOSTNAME=homework-helper-staging.azurewebsites.net -e WEBSITE_INSTANCE_ID=978cd1806fe99a7fba8b407448cdbad2eee49d1dce1d7c99273bab045481966c appsvc/node:18-lts_20250724.2.tuxprod 
2025-10-15T17:58:07.714Z INFO  - Logging is not enabled for this container.
Please use https://aka.ms/linux-diagnostics to enable logging to see container logs here.
2025-10-15T17:58:11.871Z INFO  - Initiating warmup request to container homework-helper-staging_0_2bb9b74e for site homework-helper-staging
2025-10-15T17:58:30.405Z INFO  - Waiting for response to warmup request for container homework-helper-staging_0_2bb9b74e. Elapsed time = 18.5279719 sec
2025-10-15T17:58:48.149Z INFO  - Waiting for response to warmup request for container homework-helper-staging_0_2bb9b74e. Elapsed time = 36.2790604 sec
2025-10-15T17:58:53.159Z ERROR - Container homework-helper-staging_0_2bb9b74e for site homework-helper-staging has exited, failing site start
2025-10-15T17:58:53.234Z ERROR - Container homework-helper-staging_0_2bb9b74e didn't respond to HTTP pings on port: 8080. Failing site start. See container logs for debugging.
2025-10-15T17:58:53.303Z INFO  - Stopping site homework-helper-staging because it failed during startup.
2025-10-15T18:08:33.884Z ERROR - DockerApiException: Docker API responded with status code=NotFound, response={"message":"manifest for 10.1.0.6:13209/appsvc/node:18-lts_20250724.2.tuxprod not found: manifest unknown: manifest unknown"}

2025-10-15T18:08:34.124Z ERROR - DockerApiException: Docker API responded with status code=NotFound, response={"message":"manifest for 10.1.0.4:13209/appsvc/node:18-lts_20250724.2.tuxprod not found: manifest unknown: manifest unknown"}

2025-10-15T18:08:34.436Z INFO  - 18-lts_20250724.2.tuxprod Pulling from appsvc/node
2025-10-15T18:08:34.508Z INFO  -  Digest: sha256:34b2f28542138684a98a23bc802a785710c96758698f06f70385f3aa8da5657d
2025-10-15T18:08:34.509Z INFO  -  Status: Image is up to date for mcr.microsoft.com/appsvc/node:18-lts_20250724.2.tuxprod
2025-10-15T18:08:34.526Z INFO  - Pull Image successful, Time taken: 0 Seconds
2025-10-15T18:08:34.836Z INFO  - Starting container for site
2025-10-15T18:08:34.837Z INFO  - docker run -d -p 9455:8080 --name homework-helper-staging_0_cefa527e -e WEBSITE_USE_DIAGNOSTIC_SERVER=true -e PORT=8080 -e WEBSITE_SITE_NAME=homework-helper-staging -e WEBSITE_AUTH_ENABLED=False -e WEBSITE_ROLE_INSTANCE_ID=0 -e WEBSITE_HOSTNAME=homework-helper-staging.azurewebsites.net -e WEBSITE_INSTANCE_ID=978cd1806fe99a7fba8b407448cdbad2eee49d1dce1d7c99273bab045481966c appsvc/node:18-lts_20250724.2.tuxprod 
2025-10-15T18:08:34.838Z INFO  - Logging is not enabled for this container.
Please use https://aka.ms/linux-diagnostics to enable logging to see container logs here.
2025-10-15T18:08:40.511Z INFO  - Initiating warmup request to container homework-helper-staging_0_cefa527e for site homework-helper-staging
2025-10-15T18:08:58.286Z INFO  - Waiting for response to warmup request for container homework-helper-staging_0_cefa527e. Elapsed time = 17.7750369 sec
2025-10-15T18:09:15.236Z INFO  - Waiting for response to warmup request for container homework-helper-staging_0_cefa527e. Elapsed time = 34.724994 sec
2025-10-15T18:09:19.130Z ERROR - Container homework-helper-staging_0_cefa527e for site homework-helper-staging has exited, failing site start
2025-10-15T18:09:19.203Z ERROR - Container homework-helper-staging_0_cefa527e didn't respond to HTTP pings on port: 8080. Failing site start. See container logs for debugging.
2025-10-15T18:09:19.295Z INFO  - Stopping site homework-helper-staging because it failed during startup.
2025-10-15T18:11:37.040Z ERROR - DockerApiException: Docker API responded with status code=NotFound, response={"message":"manifest for 10.1.0.4:13209/appsvc/node:18-lts_20250724.2.tuxprod not found: manifest unknown: manifest unknown"}

2025-10-15T18:11:37.203Z ERROR - DockerApiException: Docker API responded with status code=NotFound, response={"message":"manifest for 10.1.0.6:13209/appsvc/node:18-lts_20250724.2.tuxprod not found: manifest unknown: manifest unknown"}

2025-10-15T18:11:37.389Z INFO  - 18-lts_20250724.2.tuxprod Pulling from appsvc/node
2025-10-15T18:11:37.461Z INFO  -  Digest: sha256:34b2f28542138684a98a23bc802a785710c96758698f06f70385f3aa8da5657d
2025-10-15T18:11:37.468Z INFO  -  Status: Image is up to date for mcr.microsoft.com/appsvc/node:18-lts_20250724.2.tuxprod
2025-10-15T18:11:37.499Z INFO  - Pull Image successful, Time taken: 0 Seconds
2025-10-15T18:11:37.675Z INFO  - Starting container for site
2025-10-15T18:11:37.684Z INFO  - docker run -d -p 7280:8080 --name homework-helper-staging_0_70c1bbc8 -e WEBSITE_USE_DIAGNOSTIC_SERVER=true -e PORT=8080 -e WEBSITE_SITE_NAME=homework-helper-staging -e WEBSITE_AUTH_ENABLED=False -e WEBSITE_ROLE_INSTANCE_ID=0 -e WEBSITE_HOSTNAME=homework-helper-staging.azurewebsites.net -e WEBSITE_INSTANCE_ID=978cd1806fe99a7fba8b407448cdbad2eee49d1dce1d7c99273bab045481966c appsvc/node:18-lts_20250724.2.tuxprod 
2025-10-15T18:11:37.685Z INFO  - Logging is not enabled for this container.
Please use https://aka.ms/linux-diagnostics to enable logging to see container logs here.
2025-10-15T18:11:40.903Z INFO  - Initiating warmup request to container homework-helper-staging_0_70c1bbc8 for site homework-helper-staging
2025-10-15T18:11:58.557Z INFO  - Waiting for response to warmup request for container homework-helper-staging_0_70c1bbc8. Elapsed time = 17.654191 sec
2025-10-15T18:12:27.799Z INFO  - Waiting for response to warmup request for container homework-helper-staging_0_70c1bbc8. Elapsed time = 46.8960798 sec
2025-10-15T18:12:49.980Z INFO  - Waiting for response to warmup request for container homework-helper-staging_0_70c1bbc8. Elapsed time = 69.0768887 sec
2025-10-15T18:13:16.470Z INFO  - Waiting for response to warmup request for container homework-helper-staging_0_70c1bbc8. Elapsed time = 95.5672051 sec
