2025-10-06T23:37:10.9472311Z,Updating submodules.,e084e26e-2e71-41af-aca1-95a38e694996,0
2025-10-06T23:37:12.3827544Z,Preparing deployment for commit id 'cd361e4c-7'.,56a7bab4-3664-4eca-b345-b3cb75a41855,0
2025-10-06T23:37:15.1544541Z,PreDeployment: context.CleanOutputPath False,348c4cd7-4efe-4109-80a9-5e39015a40fb,0
2025-10-06T23:37:15.6523316Z,PreDeployment: context.OutputPath /home/site/wwwroot,27af57c4-2e0a-478c-9bd7-2caf67269864,0
2025-10-06T23:37:16.2276373Z,Repository path is /tmp/zipdeploy/extracted,a59322cc-8e93-44fb-ab62-f9f4ceaac91a,0
2025-10-06T23:37:16.7933694Z,Running oryx build...,6653fe67-3a38-4775-99a5-ce76ca4bad33,0
	2025-10-06T23:37:16.8315879Z,Command: oryx build /tmp/zipdeploy/extracted -o /home/site/wwwroot --platform nodejs --platform-version 20 -p virtualenv_name= --log-file /tmp/build-debug.log  -i /tmp/8de0531468c701c -p compress_node_modules=tar-gz | tee /tmp/oryx-build.log,,0
	2025-10-06T23:37:25.5805575Z,Operation performed by Microsoft Oryx&comma; https://github.com/Microsoft/Oryx,,0
	2025-10-06T23:37:25.9391502Z,You can report issues at https://github.com/Microsoft/Oryx/issues,,0
	2025-10-06T23:37:26.1870369Z,,,0
	2025-10-06T23:37:26.3439364Z,Oryx Version: 0.2.20250611.1+0649de32f1279969c9023dd41b389cce4bb94493&comma; Commit: 0649de32f1279969c9023dd41b389cce4bb94493&comma; ReleaseTagName: 20250611.1,,0
	2025-10-06T23:37:26.3928908Z,,,0
	2025-10-06T23:37:26.4687373Z,Build Operation ID: 65f14a532a11e16f,,0
	2025-10-06T23:37:26.6313839Z,Repository Commit : cd361e4c-7003-48a7-b432-e2ebbfb68da9,,0
	2025-10-06T23:37:26.7120965Z,OS Type           : bookworm,,0
	2025-10-06T23:37:26.7884551Z,Image Type        : githubactions,,0
	2025-10-06T23:37:26.8932003Z,,,0
	2025-10-06T23:37:27.0192605Z,Primary SDK Storage URL: https://oryx-cdn.microsoft.io,,0
	2025-10-06T23:37:27.2477745Z,Backup SDK Storage URL: https://oryxsdks-cdn.azureedge.net,,0
	2025-10-06T23:37:27.3151623Z,Detecting platforms...,,0
	2025-10-06T23:37:34.8068806Z,Detected following platforms:,,0
	2025-10-06T23:37:34.8951219Z,  nodejs: 20.19.3,,0
	2025-10-06T23:37:35.5853325Z,Detected the following frameworks: Express,,0
	2025-10-06T23:37:36.8149339Z,,,0
	2025-10-06T23:37:37.0847949Z,Using intermediate directory '/tmp/8de0531468c701c'.,,0
	2025-10-06T23:37:37.1465026Z,,,0
	2025-10-06T23:37:37.2254922Z,Copying files to the intermediate directory...,,0
	2025-10-06T23:37:37.3228755Z,Done in 0 sec(s).,,0
	2025-10-06T23:37:37.3733811Z,,,0
	2025-10-06T23:37:37.4281536Z,Source directory     : /tmp/8de0531468c701c,,0
	2025-10-06T23:37:37.5101064Z,Destination directory: /home/site/wwwroot,,0
	2025-10-06T23:37:37.5658233Z,,,0
	2025-10-06T23:37:38.4763926Z,Removing existing manifest file,,0
	2025-10-06T23:37:38.6755989Z,Creating directory for command manifest file if it does not exist,,0
	2025-10-06T23:37:38.7230169Z,Creating a manifest file...,,0
	2025-10-06T23:37:38.8403762Z,Node Build Command Manifest file created.,,0
	2025-10-06T23:37:38.9495175Z,,,0
	2025-10-06T23:37:38.9973424Z,Using Node version:,,0
	2025-10-06T23:37:39.5814903Z,v20.19.3,,0
	2025-10-06T23:37:39.6549142Z,,,0
	2025-10-06T23:37:39.7129544Z,Using Npm version:,,0
	2025-10-06T23:37:42.1521115Z,10.8.2,,0
	2025-10-06T23:37:42.2479041Z,,,0
	2025-10-06T23:37:42.3519953Z,Running 'npm install'...,,0
	2025-10-06T23:37:42.4088319Z,,,0
	2025-10-06T23:37:59.4499585Z,npm warn deprecated inflight@1.0.6: This module is not supported&comma; and leaks memory. Do not use it. Check out lru-cache if you want a good and tested way to coalesce async requests by a key value&comma; which is much more comprehensive and powerful.,,1
	2025-10-06T23:37:59.6544342Z,npm warn deprecated npmlog@5.0.1: This package is no longer supported.,,1
	2025-10-06T23:37:59.9290643Z,npm warn deprecated rimraf@3.0.2: Rimraf versions prior to v4 are no longer supported,,1
	2025-10-06T23:38:00.2359114Z,npm warn deprecated are-we-there-yet@2.0.0: This package is no longer supported.,,1
	2025-10-06T23:38:00.3378332Z,npm warn deprecated glob@7.2.3: Glob versions prior to v9 are no longer supported,,1
	2025-10-06T23:38:01.1593114Z,npm warn deprecated gauge@3.0.2: This package is no longer supported.,,1
	2025-10-06T23:38:25.5522197Z,,,0
	2025-10-06T23:38:25.5955343Z,added 212 packages&comma; and audited 213 packages in 42s,,0
	2025-10-06T23:38:25.6417132Z,,,0
	2025-10-06T23:38:25.6733818Z,31 packages are looking for funding,,0
	2025-10-06T23:38:25.7624851Z,  run `npm fund` for details,,0
	2025-10-06T23:38:25.7950417Z,,,0
	2025-10-06T23:38:25.8534497Z,found 0 vulnerabilities,,0
	2025-10-06T23:38:25.8973643Z,,,0
	2025-10-06T23:38:25.9587687Z,Zipping existing node_modules folder...,,0
	2025-10-06T23:38:33.6745681Z,Done in 8 sec(s).,,0
	2025-10-06T23:38:33.7261200Z,Preparing output...,,0
	2025-10-06T23:38:33.7635503Z,,,0
	2025-10-06T23:38:33.7865982Z,Copying files to destination directory '/home/site/wwwroot'...,,0
	2025-10-06T23:38:34.1622052Z,Done in 1 sec(s).,,0
	2025-10-06T23:38:34.2084089Z,,,0
	2025-10-06T23:38:34.2247625Z,Removing existing manifest file,,0
	2025-10-06T23:38:34.2377469Z,Creating a manifest file...,,0
	2025-10-06T23:38:34.2716276Z,Manifest file created.,,0
	2025-10-06T23:38:34.3227562Z,Copying .ostype to manifest output directory.,,0
	2025-10-06T23:38:34.3628720Z,,,0
	2025-10-06T23:38:34.3777331Z,Done in 57 sec(s).,,0
2025-10-06T23:38:34.7713483Z,Running post deployment command(s)...,8f3f90dd-165d-4c35-8f3e-509cc597fa2b,0
2025-10-06T23:38:34.9299584Z,,9ceda9ac-4308-4194-89a9-ca4aed81fc34,0
2025-10-06T23:38:35.0589692Z,Generating summary of Oryx build,a2ed75c7-b07e-41f5-9c21-eafadb81c774,0
2025-10-06T23:38:35.2268766Z,Parsing the build logs,d7c594bf-221c-48fe-8f12-42ce937b1af5,0
2025-10-06T23:38:35.4891936Z,Found 0 issue(s),d9179fd5-626e-443e-9c56-f73b9188cb67,0
2025-10-06T23:38:35.6460264Z,,a060ad34-fe7d-4be3-90d9-9483d0d5ef1e,0
2025-10-06T23:38:35.7930866Z,Build Summary :,55761cad-5897-4c62-bf20-ad22a72619dd,0
2025-10-06T23:38:35.9336519Z,===============,518d0e2f-61ff-49ec-a6f0-0343d65afce4,0
2025-10-06T23:38:36.0761423Z,Errors (0),a3976be4-3ea3-401f-856f-f65d673d4c1c,0
2025-10-06T23:38:36.2161893Z,Warnings (0),ab278959-35bc-453c-878e-029f7517ce88,0
2025-10-06T23:38:36.7347385Z,,8a240d23-9f72-45a3-a123-082c078d4377,0
2025-10-06T23:38:37.1158263Z,Triggering recycle (preview mode disabled).,571bda97-3606-4136-a129-c8c407a496ee,0
2025-10-06T23:38:37.6915393Z,Deployment successful. deployer = Push-Deployer deploymentPath = ZipDeploy. Extract zip. Remote build.,36d502f5-f35d-4a65-a71b-efc1678ac61a,0
