2025-10-15T17:57:19.5441173Z,Updating submodules.,6f51f23c-c5e9-4bdc-a859-64c5e241f909,0
2025-10-15T17:57:20.9488325Z,Preparing deployment for commit id 'af4ed548-2'.,ec9f2795-1257-4d7c-bd1b-c464c843e4b2,0
2025-10-15T17:57:21.5830667Z,PreDeployment: context.CleanOutputPath False,17d6ea22-0867-4367-8677-b3b3deae38ec,0
2025-10-15T17:57:21.9044213Z,PreDeployment: context.OutputPath /home/site/wwwroot,58b3dad6-6d33-4190-83fd-0cc848dfb339,0
2025-10-15T17:57:22.1395169Z,Generating deployment script.,b39ed792-36db-485e-86d5-0604b0069e15,0
2025-10-15T17:57:22.3517469Z,NodeProjectOptimizer Initialized with repository path: /tmp/zipdeploy/extracted and output path: /home/site/wwwroot ,bd2334cd-7ff3-49b5-a177-6bc7da8b6524,0
2025-10-15T17:57:22.5717226Z,Optimizing build...,f2ef80e6-0451-4c50-8cdb-6794b7ed109d,0
2025-10-15T17:57:22.8713498Z,Zipping node_modules...,14c25cd7-d2d0-4655-907b-c4f455f0f045,0
	2025-10-15T17:57:22.9305433Z,Command: /opt/Kudu/Scripts/absoluteTar.sh /tmp/zipdeploy/extracted/node_modules /tmp/zipdeploy/extracted/node_modules.tar.gz,,0
	2025-10-15T17:57:50.0273257Z,Zipped /tmp/zipdeploy/extracted/node_modules to /tmp/zipdeploy/extracted/node_modules.tar.gz done successfully,,0
2025-10-15T17:57:50.1857916Z,Zipped Node Modules to /tmp/zipdeploy/extracted/node_modules.tar.gz,5ba4c63d-66f0-4bab-a5e4-faade7760573,0
2025-10-15T17:57:50.3218915Z,Express Node Deploy: Running rsync...,56d1b6ae-eb65-4c90-aa8f-38e177955230,0
	2025-10-15T17:57:50.3280662Z,Command: /opt/Kudu/Scripts/parallel_rsync.sh /tmp/zipdeploy/extracted /home/site/wwwroot 8 /tmp/ False True node_modules ,,0
	2025-10-15T17:57:50.4930951Z,Run rsync from: /tmp/zipdeploy/extracted/ to: /home/site/wwwroot/ in 8 parallel threads,,0
	2025-10-15T17:57:50.5601389Z,Delete options: clean=False&comma; use manifest=True&comma; directory to ignore=node_modules,,0
	2025-10-15T17:57:50.6145628Z,Prev manifest = /home/site/deployments/14c8be5e-99f0-462f-a3ea-a4814ce2f133/manifest and next /home/site/deployments/af4ed548-2466-4f8f-8d71-1526b799d978/manifest,,0
	2025-10-15T17:57:50.6597224Z,Cleaning up /tmp//filelist.txt and /tmp//splits,,0
	2025-10-15T17:57:50.7451849Z,Creating a list of all files at /tmp//filelist.txt,,0
	2025-10-15T17:57:50.7729711Z,Excluding: node_modules,,0
	2025-10-15T17:57:50.8550810Z,Created /tmp//filelist.txt. Total number of files to be synced = 112.,,0
	2025-10-15T17:57:50.9682382Z,Created batches from the list of files. Processing 15 files in each thread,,0
	2025-10-15T17:57:51.1398984Z,Running rsync for filelist /tmp//splits/split.ab from /tmp/zipdeploy/extracted/ to /home/site/wwwroot/,,0
	2025-10-15T17:57:51.3057722Z,Running rsync for filelist /tmp//splits/split.ad from /tmp/zipdeploy/extracted/ to /home/site/wwwroot/,,0
	2025-10-15T17:57:51.4159288Z,Running rsync for filelist /tmp//splits/split.aa from /tmp/zipdeploy/extracted/ to /home/site/wwwroot/,,0
	2025-10-15T17:57:51.4754758Z,Running rsync for filelist /tmp//splits/split.ac from /tmp/zipdeploy/extracted/ to /home/site/wwwroot/,,0
	2025-10-15T17:57:51.6882006Z,Running rsync for filelist /tmp//splits/split.ae from /tmp/zipdeploy/extracted/ to /home/site/wwwroot/,,0
	2025-10-15T17:57:51.8000049Z,Running rsync for filelist /tmp//splits/split.af from /tmp/zipdeploy/extracted/ to /home/site/wwwroot/,,0
	2025-10-15T17:57:51.9158681Z,Running rsync for filelist /tmp//splits/split.ag from /tmp/zipdeploy/extracted/ to /home/site/wwwroot/,,0
	2025-10-15T17:57:51.9809437Z,Running rsync for filelist /tmp//splits/split.ah from /tmp/zipdeploy/extracted/ to /home/site/wwwroot/,,0
	2025-10-15T17:57:52.1895165Z,,,0
	2025-10-15T17:57:52.2560559Z,Number of files: 17 (reg: 15&comma; dir: 2),,0
	2025-10-15T17:57:52.3030424Z,Number of created files: 0,,0
	2025-10-15T17:57:52.3318347Z,Number of deleted files: 0,,0
	2025-10-15T17:57:52.3597125Z,Number of regular files transferred: 0,,0
	2025-10-15T17:57:52.3973489Z,Total file size: 88.79K bytes,,0
	2025-10-15T17:57:52.4248053Z,Total transferred file size: 0 bytes,,0
	2025-10-15T17:57:52.4526111Z,Literal data: 0 bytes,,0
	2025-10-15T17:57:52.5062865Z,Matched data: 0 bytes,,0
	2025-10-15T17:57:52.5369895Z,File list size: 0,,0
	2025-10-15T17:57:52.5712953Z,File list generation time: 0.132 seconds,,0
	2025-10-15T17:57:52.6074198Z,File list transfer time: 0.000 seconds,,0
	2025-10-15T17:57:52.6826801Z,Total bytes sent: 603,,0
	2025-10-15T17:57:52.7376318Z,Total bytes received: 67,,0
	2025-10-15T17:57:52.7596536Z,,,0
	2025-10-15T17:57:52.9714662Z,sent 603 bytes  received 67 bytes  446.67 bytes/sec,,0
	2025-10-15T17:57:52.9905349Z,total size is 88.79K  speedup is 132.53,,0
	2025-10-15T17:57:53.0195365Z,Attempt 1: Rsync for filelist /tmp//splits/split.ab completed with exit code 0,,0
	2025-10-15T17:57:53.1146241Z,,,0
	2025-10-15T17:57:53.1610464Z,Number of files: 19 (reg: 15&comma; dir: 4),,0
	2025-10-15T17:57:53.1990448Z,Number of created files: 0,,0
	2025-10-15T17:57:53.2525626Z,Number of deleted files: 0,,0
	2025-10-15T17:57:53.2676351Z,Number of regular files transferred: 0,,0
	2025-10-15T17:57:53.2917367Z,Total file size: 843.56K bytes,,0
	2025-10-15T17:57:53.3060920Z,Total transferred file size: 0 bytes,,0
	2025-10-15T17:57:53.3419792Z,Literal data: 0 bytes,,0
	2025-10-15T17:57:53.3649455Z,Matched data: 0 bytes,,0
	2025-10-15T17:57:53.3818030Z,File list size: 0,,0
	2025-10-15T17:57:53.4071608Z,File list generation time: 0.002 seconds,,0
	2025-10-15T17:57:53.4542167Z,File list transfer time: 0.000 seconds,,0
	2025-10-15T17:57:53.4818100Z,Total bytes sent: 664,,0
	2025-10-15T17:57:53.5031773Z,Total bytes received: 73,,0
	2025-10-15T17:57:53.5268324Z,,,0
	2025-10-15T17:57:53.5582829Z,sent 664 bytes  received 73 bytes  491.33 bytes/sec,,0
	2025-10-15T17:57:53.6211680Z,total size is 843.56K  speedup is 1&comma;144.59,,0
	2025-10-15T17:57:53.6309946Z,Attempt 1: Rsync for filelist /tmp//splits/split.ac completed with exit code 0,,0
	2025-10-15T17:57:53.6519857Z,,,0
	2025-10-15T17:57:53.7050769Z,Number of files: 16 (reg: 15&comma; dir: 1),,0
	2025-10-15T17:57:53.7182506Z,Number of created files: 0,,0
	2025-10-15T17:57:53.7330399Z,Number of deleted files: 0,,0
	2025-10-15T17:57:53.7541654Z,Number of regular files transferred: 0,,0
	2025-10-15T17:57:53.7681498Z,Total file size: 1.26M bytes,,0
	2025-10-15T17:57:53.8111947Z,Total transferred file size: 0 bytes,,0
	2025-10-15T17:57:53.8365309Z,Literal data: 0 bytes,,0
	2025-10-15T17:57:53.8503882Z,Matched data: 0 bytes,,0
	2025-10-15T17:57:53.8639558Z,File list size: 0,,0
	2025-10-15T17:57:53.8773238Z,File list generation time: 0.101 seconds,,0
	2025-10-15T17:57:53.9008997Z,File list transfer time: 0.000 seconds,,0
	2025-10-15T17:57:53.9353947Z,Total bytes sent: 628,,0
	2025-10-15T17:57:53.9496714Z,Total bytes received: 64,,0
	2025-10-15T17:57:53.9677355Z,,,0
	2025-10-15T17:57:53.9825907Z,sent 628 bytes  received 64 bytes  461.33 bytes/sec,,0
	2025-10-15T17:57:53.9910549Z,total size is 1.26M  speedup is 1&comma;827.79,,0
	2025-10-15T17:57:54.0048302Z,Attempt 1: Rsync for filelist /tmp//splits/split.ad completed with exit code 0,,0
	2025-10-15T17:57:54.0237513Z,,,0
	2025-10-15T17:57:54.0365731Z,Number of files: 19 (reg: 15&comma; dir: 4),,0
	2025-10-15T17:57:54.0445544Z,Number of created files: 0,,0
	2025-10-15T17:57:54.0531842Z,Number of deleted files: 0,,0
	2025-10-15T17:57:54.0597282Z,Number of regular files transferred: 0,,0
	2025-10-15T17:57:54.0860323Z,Total file size: 361.14K bytes,,0
	2025-10-15T17:57:54.1070582Z,Total transferred file size: 0 bytes,,0
	2025-10-15T17:57:54.1340591Z,Literal data: 0 bytes,,0
	2025-10-15T17:57:54.1548831Z,Matched data: 0 bytes,,0
	2025-10-15T17:57:54.1716037Z,File list size: 0,,0
	2025-10-15T17:57:54.1866008Z,File list generation time: 0.209 seconds,,0
	2025-10-15T17:57:54.2000186Z,File list transfer time: 0.000 seconds,,0
	2025-10-15T17:57:54.2149662Z,Total bytes sent: 717,,0
	2025-10-15T17:57:54.2326217Z,Total bytes received: 73,,0
	2025-10-15T17:57:54.2550347Z,,,0
	2025-10-15T17:57:54.2700877Z,sent 717 bytes  received 73 bytes  526.67 bytes/sec,,0
	2025-10-15T17:57:54.2882049Z,total size is 361.14K  speedup is 457.14,,0
	2025-10-15T17:57:54.2950646Z,Attempt 1: Rsync for filelist /tmp//splits/split.aa completed with exit code 0,,0
	2025-10-15T17:57:54.3084977Z,,,0
	2025-10-15T17:57:54.3299516Z,Number of files: 16 (reg: 15&comma; dir: 1),,0
	2025-10-15T17:57:54.3747698Z,Number of created files: 0,,0
	2025-10-15T17:57:54.3879350Z,Number of deleted files: 0,,0
	2025-10-15T17:57:54.4044897Z,Number of regular files transferred: 0,,0
	2025-10-15T17:57:54.4189133Z,Total file size: 36.51K bytes,,0
	2025-10-15T17:57:54.4385914Z,Total transferred file size: 0 bytes,,0
	2025-10-15T17:57:54.4560721Z,Literal data: 0 bytes,,0
	2025-10-15T17:57:54.4826398Z,Matched data: 0 bytes,,0
	2025-10-15T17:57:54.5013177Z,File list size: 0,,0
	2025-10-15T17:57:54.5269723Z,File list generation time: 0.191 seconds,,0
	2025-10-15T17:57:54.5721511Z,File list transfer time: 0.000 seconds,,0
	2025-10-15T17:57:54.5893447Z,Total bytes sent: 673,,0
	2025-10-15T17:57:54.6052014Z,Total bytes received: 64,,0
	2025-10-15T17:57:54.6235564Z,,,0
	2025-10-15T17:57:54.6367319Z,sent 673 bytes  received 64 bytes  491.33 bytes/sec,,0
	2025-10-15T17:57:54.6486491Z,total size is 36.51K  speedup is 49.53,,0
	2025-10-15T17:57:54.6623733Z,Attempt 1: Rsync for filelist /tmp//splits/split.ae completed with exit code 0,,0
	2025-10-15T17:57:54.7027082Z,,,0
	2025-10-15T17:57:54.7207417Z,Number of files: 17 (reg: 15&comma; dir: 2),,0
	2025-10-15T17:57:54.7274006Z,Number of created files: 0,,0
	2025-10-15T17:57:54.7478637Z,Number of deleted files: 0,,0
	2025-10-15T17:57:54.7612861Z,Number of regular files transferred: 0,,0
	2025-10-15T17:57:54.7814159Z,Total file size: 296.43K bytes,,0
	2025-10-15T17:57:54.7971508Z,Total transferred file size: 0 bytes,,0
	2025-10-15T17:57:54.8180160Z,Literal data: 0 bytes,,0
	2025-10-15T17:57:54.8357482Z,Matched data: 0 bytes,,0
	2025-10-15T17:57:54.8507319Z,File list size: 0,,0
	2025-10-15T17:57:54.8637660Z,File list generation time: 0.050 seconds,,0
	2025-10-15T17:57:54.8783805Z,File list transfer time: 0.000 seconds,,0
	2025-10-15T17:57:54.8912203Z,Total bytes sent: 705,,0
	2025-10-15T17:57:54.9156306Z,Total bytes received: 67,,0
	2025-10-15T17:57:54.9247746Z,,,0
	2025-10-15T17:57:54.9965755Z,sent 705 bytes  received 67 bytes  1.54K bytes/sec,,0
	2025-10-15T17:57:55.0079732Z,total size is 296.43K  speedup is 383.97,,0
	2025-10-15T17:57:55.0183250Z,Attempt 1: Rsync for filelist /tmp//splits/split.af completed with exit code 0,,0
	2025-10-15T17:57:55.0354881Z,,,0
	2025-10-15T17:57:55.0559205Z,Number of files: 9 (reg: 7&comma; dir: 2),,0
	2025-10-15T17:57:55.0687809Z,Number of created files: 0,,0
	2025-10-15T17:57:55.0817360Z,Number of deleted files: 0,,0
	2025-10-15T17:57:55.1008459Z,Number of regular files transferred: 0,,0
	2025-10-15T17:57:55.1153070Z,Total file size: 625.08K bytes,,0
	2025-10-15T17:57:55.1512599Z,Total transferred file size: 0 bytes,,0
	2025-10-15T17:57:55.2100757Z,Literal data: 0 bytes,,0
	2025-10-15T17:57:55.2259635Z,Matched data: 0 bytes,,0
	2025-10-15T17:57:55.2404222Z,File list size: 0,,0
	2025-10-15T17:57:55.2604394Z,File list generation time: 0.025 seconds,,0
	2025-10-15T17:57:55.2756296Z,File list transfer time: 0.000 seconds,,0
	2025-10-15T17:57:55.2974638Z,Total bytes sent: 419,,0
	2025-10-15T17:57:55.3101599Z,Total bytes received: 43,,0
	2025-10-15T17:57:55.3262429Z,,,0
	2025-10-15T17:57:55.3454770Z,sent 419 bytes  received 43 bytes  924.00 bytes/sec,,0
	2025-10-15T17:57:55.3596400Z,total size is 625.08K  speedup is 1&comma;352.98,,0
	2025-10-15T17:57:55.3723088Z,Attempt 1: Rsync for filelist /tmp//splits/split.ah completed with exit code 0,,0
	2025-10-15T17:57:55.3849770Z,,,0
	2025-10-15T17:57:55.3999059Z,Number of files: 16 (reg: 15&comma; dir: 1),,0
	2025-10-15T17:57:55.4132588Z,Number of created files: 0,,0
	2025-10-15T17:57:55.4355371Z,Number of deleted files: 0,,0
	2025-10-15T17:57:55.4457089Z,Number of regular files transferred: 1,,0
	2025-10-15T17:57:55.4516666Z,Total file size: 16.96M bytes,,0
	2025-10-15T17:57:55.4598913Z,Total transferred file size: 13.80M bytes,,0
	2025-10-15T17:57:55.4840991Z,Literal data: 13.80M bytes,,0
	2025-10-15T17:57:55.5023841Z,Matched data: 0 bytes,,0
	2025-10-15T17:57:55.5204837Z,File list size: 0,,0
	2025-10-15T17:57:55.5568635Z,File list generation time: 0.088 seconds,,0
	2025-10-15T17:57:55.5943360Z,File list transfer time: 0.000 seconds,,0
	2025-10-15T17:57:55.6095970Z,Total bytes sent: 13.80M,,0
	2025-10-15T17:57:55.6257293Z,Total bytes received: 80,,0
	2025-10-15T17:57:55.6378475Z,,,0
	2025-10-15T17:57:55.6565146Z,sent 13.80M bytes  received 80 bytes  5.52M bytes/sec,,0
	2025-10-15T17:57:55.6737154Z,total size is 16.96M  speedup is 1.23,,0
	2025-10-15T17:57:55.7000149Z,Attempt 1: Rsync for filelist /tmp//splits/split.ag completed with exit code 0,,0
	2025-10-15T17:57:55.7142315Z,Deleting files not present in /tmp/zipdeploy/extracted/ from /home/site/wwwroot/ based on manifest file /home/site/deployments/14c8be5e-99f0-462f-a3ea-a4814ce2f133/manifest,,0
	2025-10-15T17:57:55.7486253Z,Number of files deleted: 1. See /tmp//rsync_deletion_logs.txt for more details.,,0
	2025-10-15T17:57:55.7967669Z,create new manifest file at /home/site/deployments/af4ed548-2466-4f8f-8d71-1526b799d978/manifest,,0
	2025-10-15T17:57:55.8240953Z,Excluding node_modules in next manifest file,,0
	2025-10-15T17:57:55.8632285Z,Completed successfully in 3 seconds,,0
2025-10-15T17:57:56.0624141Z,Rsync completed to /home/site/wwwroot,b1ac36ce-2936-4f42-a8d3-94ae7b451731,0
2025-10-15T17:57:56.2300313Z,Manifest created at /home/site/wwwroot,dd7a373b-8dc9-42fc-aa57-d707c8671e6a,0
2025-10-15T17:57:56.3610253Z,Optimized build done with success: True,90171bcb-89da-4720-a3cb-b61e7f24d004,0
2025-10-15T17:57:56.4918938Z,Running post deployment command(s)...,76498611-1b29-40ff-b4b7-c763314a6668,0
2025-10-15T17:57:56.6551877Z,Triggering recycle (preview mode disabled).,a2656974-8792-4f58-bfd6-d01bc21804f7,0
2025-10-15T17:57:56.9276064Z,Deployment successful. deployer = Push-Deployer deploymentPath = ZipDeploy. Extract zip.,5dee4dd3-d28f-41f3-8e19-0143d8c07f96,0
