2025-10-15T17:35:28.5812233Z,Updating submodules.,c6f6669e-e775-481a-af7a-f532f8bf24e1,0
2025-10-15T17:35:29.8507688Z,Preparing deployment for commit id 'bb25358a-b'.,b78f1a54-4255-406a-8382-9f6178341020,0
2025-10-15T17:35:30.7262249Z,PreDeployment: context.CleanOutputPath False,9fc46b9b-009c-48a4-a9fc-9b8a9f9b3a25,0
2025-10-15T17:35:31.1093903Z,PreDeployment: context.OutputPath /home/site/wwwroot,756bb9fa-8a37-48c8-a1a3-afd4b9e3b37f,0
2025-10-15T17:35:31.3880150Z,Running build. Project type: OneDeploy,c7058da8-e046-4d84-8152-14a251e05a2e,0
2025-10-15T17:35:31.5402635Z,Copying the manifest,024ed693-15a9-46d9-8cba-87962d150b7a,0
2025-10-15T17:35:31.7756493Z,Running deployment command...,cbfce3a6-7567-48f6-b7a5-72b4bfa8bf00,0
	2025-10-15T17:35:31.7868020Z,Command: /opt/Kudu/Scripts/parallel_rsync.sh /tmp/zipdeploy/extracted /home/site/wwwroot 8 /tmp/ False False  ,,0
	2025-10-15T17:35:32.0393232Z,Run rsync from: /tmp/zipdeploy/extracted/ to: /home/site/wwwroot/ in 8 parallel threads,,0
	2025-10-15T17:35:32.1408898Z,Delete options: clean=False&comma; use manifest=False&comma; directory to ignore=,,0
	2025-10-15T17:35:32.2479202Z,Prev manifest = /opt/Kudu/Scripts/firstDeploymentManifest and next /home/site/deployments/bb25358a-bcc1-42cc-a052-0ef15d0d9699/manifest,,0
	2025-10-15T17:35:32.5299126Z,Cleaning up /tmp//filelist.txt and /tmp//splits,,0
	2025-10-15T17:35:32.8167988Z,Creating a list of all files at /tmp//filelist.txt,,0
	2025-10-15T17:35:33.1790278Z,No directory to exclude.,,0
	2025-10-15T17:35:33.3040693Z,Created /tmp//filelist.txt. Total number of files to be synced = 111.,,0
	2025-10-15T17:35:33.4668041Z,Created batches from the list of files. Processing 14 files in each thread,,0
	2025-10-15T17:35:33.6463694Z,Running rsync for filelist /tmp//splits/split.aa from /tmp/zipdeploy/extracted/ to /home/site/wwwroot/,,0
	2025-10-15T17:35:33.7299821Z,Running rsync for filelist /tmp//splits/split.ab from /tmp/zipdeploy/extracted/ to /home/site/wwwroot/,,0
	2025-10-15T17:35:33.7897236Z,Running rsync for filelist /tmp//splits/split.ac from /tmp/zipdeploy/extracted/ to /home/site/wwwroot/,,0
	2025-10-15T17:35:33.8354332Z,Running rsync for filelist /tmp//splits/split.ae from /tmp/zipdeploy/extracted/ to /home/site/wwwroot/,,0
	2025-10-15T17:35:33.9149885Z,Running rsync for filelist /tmp//splits/split.ag from /tmp/zipdeploy/extracted/ to /home/site/wwwroot/,,0
	2025-10-15T17:35:34.0362792Z,Running rsync for filelist /tmp//splits/split.ad from /tmp/zipdeploy/extracted/ to /home/site/wwwroot/,,0
	2025-10-15T17:35:34.1747656Z,Running rsync for filelist /tmp//splits/split.ah from /tmp/zipdeploy/extracted/ to /home/site/wwwroot/,,0
	2025-10-15T17:35:34.2241554Z,Running rsync for filelist /tmp//splits/split.af from /tmp/zipdeploy/extracted/ to /home/site/wwwroot/,,0
	2025-10-15T17:35:35.6947153Z,,,0
	2025-10-15T17:35:35.7523971Z,Number of files: 14 (reg: 14),,0
	2025-10-15T17:35:35.7847129Z,Number of created files: 14 (reg: 14),,0
	2025-10-15T17:35:35.8125415Z,Number of deleted files: 0,,0
	2025-10-15T17:35:35.9059018Z,Number of regular files transferred: 14,,0
	2025-10-15T17:35:36.0034910Z,Total file size: 2.11M bytes,,0
	2025-10-15T17:35:36.0366364Z,Total transferred file size: 2.11M bytes,,0
	2025-10-15T17:35:36.1137970Z,Literal data: 2.11M bytes,,0
	2025-10-15T17:35:36.2039019Z,Matched data: 0 bytes,,0
	2025-10-15T17:35:36.3184044Z,File list size: 0,,0
	2025-10-15T17:35:36.4078883Z,File list generation time: 0.008 seconds,,0
	2025-10-15T17:35:36.4572277Z,File list transfer time: 0.000 seconds,,0
	2025-10-15T17:35:36.5491423Z,Total bytes sent: 368.13K,,0
	2025-10-15T17:35:36.5869036Z,Total bytes received: 282,,0
	2025-10-15T17:35:36.6085895Z,,,0
	2025-10-15T17:35:36.6248908Z,sent 368.13K bytes  received 282 bytes  105.26K bytes/sec,,0
	2025-10-15T17:35:36.6438939Z,total size is 2.11M  speedup is 5.73,,0
	2025-10-15T17:35:36.6937754Z,Attempt 1: Rsync for filelist /tmp//splits/split.aa completed with exit code 0,,0
	2025-10-15T17:35:36.7286326Z,,,0
	2025-10-15T17:35:36.7485634Z,Number of files: 17 (reg: 14&comma; dir: 3),,0
	2025-10-15T17:35:36.7753273Z,Number of created files: 17 (reg: 14&comma; dir: 3),,0
	2025-10-15T17:35:36.8146346Z,Number of deleted files: 0,,0
	2025-10-15T17:35:36.8299652Z,Number of regular files transferred: 14,,0
	2025-10-15T17:35:36.8760081Z,Total file size: 2.04M bytes,,0
	2025-10-15T17:35:36.9003639Z,Total transferred file size: 2.04M bytes,,0
	2025-10-15T17:35:36.9390097Z,Literal data: 2.04M bytes,,0
	2025-10-15T17:35:36.9769918Z,Matched data: 0 bytes,,0
	2025-10-15T17:35:37.0006466Z,File list size: 0,,0
	2025-10-15T17:35:37.0263264Z,File list generation time: 0.067 seconds,,0
	2025-10-15T17:35:37.0459271Z,File list transfer time: 0.000 seconds,,0
	2025-10-15T17:35:37.0969818Z,Total bytes sent: 297.82K,,0
	2025-10-15T17:35:37.1097328Z,Total bytes received: 291,,0
	2025-10-15T17:35:37.1386091Z,,,0
	2025-10-15T17:35:37.1631103Z,sent 297.82K bytes  received 291 bytes  85.17K bytes/sec,,0
	2025-10-15T17:35:37.2077223Z,total size is 2.04M  speedup is 6.86,,0
	2025-10-15T17:35:37.2220054Z,Attempt 1: Rsync for filelist /tmp//splits/split.ab completed with exit code 0,,0
	2025-10-15T17:35:37.2388348Z,,,0
	2025-10-15T17:35:37.2554029Z,Number of files: 15 (reg: 14&comma; dir: 1),,0
	2025-10-15T17:35:37.2707276Z,Number of created files: 15 (reg: 14&comma; dir: 1),,0
	2025-10-15T17:35:37.2885664Z,Number of deleted files: 0,,0
	2025-10-15T17:35:37.3085461Z,Number of regular files transferred: 14,,0
	2025-10-15T17:35:37.3380478Z,Total file size: 57.51K bytes,,0
	2025-10-15T17:35:37.3553008Z,Total transferred file size: 57.51K bytes,,0
	2025-10-15T17:35:37.3762185Z,Literal data: 57.51K bytes,,0
	2025-10-15T17:35:37.4019643Z,Matched data: 0 bytes,,0
	2025-10-15T17:35:37.4472717Z,File list size: 0,,0
	2025-10-15T17:35:37.4751874Z,File list generation time: 0.019 seconds,,0
	2025-10-15T17:35:37.5013591Z,File list transfer time: 0.000 seconds,,0
	2025-10-15T17:35:37.5405498Z,Total bytes sent: 19.62K,,0
	2025-10-15T17:35:37.5902946Z,Total bytes received: 285,,0
	2025-10-15T17:35:37.6088805Z,,,0
	2025-10-15T17:35:37.6238470Z,sent 19.62K bytes  received 285 bytes  5.69K bytes/sec,,0
	2025-10-15T17:35:37.6400573Z,total size is 57.51K  speedup is 2.89,,0
	2025-10-15T17:35:37.6585685Z,Attempt 1: Rsync for filelist /tmp//splits/split.ac completed with exit code 0,,0
	2025-10-15T17:35:37.7148243Z,,,0
	2025-10-15T17:35:37.7780945Z,Number of files: 19 (reg: 14&comma; dir: 5),,0
	2025-10-15T17:35:37.8362632Z,Number of created files: 19 (reg: 14&comma; dir: 5),,0
	2025-10-15T17:35:37.8545956Z,Number of deleted files: 0,,0
	2025-10-15T17:35:37.8742725Z,Number of regular files transferred: 14,,0
	2025-10-15T17:35:37.8999250Z,Total file size: 236.08K bytes,,0
	2025-10-15T17:35:37.9197560Z,Total transferred file size: 236.08K bytes,,0
	2025-10-15T17:35:37.9696892Z,Literal data: 236.08K bytes,,0
	2025-10-15T17:35:37.9881469Z,Matched data: 0 bytes,,0
	2025-10-15T17:35:38.0137556Z,File list size: 0,,0
	2025-10-15T17:35:38.0319017Z,File list generation time: 0.212 seconds,,0
	2025-10-15T17:35:38.0504340Z,File list transfer time: 0.000 seconds,,0
	2025-10-15T17:35:38.0695791Z,Total bytes sent: 49.06K,,0
	2025-10-15T17:35:38.0799674Z,Total bytes received: 297,,0
	2025-10-15T17:35:38.1165337Z,,,0
	2025-10-15T17:35:38.1322250Z,sent 49.06K bytes  received 297 bytes  10.97K bytes/sec,,0
	2025-10-15T17:35:38.1547267Z,total size is 236.08K  speedup is 4.78,,0
	2025-10-15T17:35:38.1817576Z,Attempt 1: Rsync for filelist /tmp//splits/split.ae completed with exit code 0,,0
	2025-10-15T17:35:38.2454712Z,,,0
	2025-10-15T17:35:38.2571367Z,Number of files: 14 (reg: 13&comma; dir: 1),,0
	2025-10-15T17:35:38.2772662Z,Number of created files: 14 (reg: 13&comma; dir: 1),,0
	2025-10-15T17:35:38.2974702Z,Number of deleted files: 0,,0
	2025-10-15T17:35:38.3353787Z,Number of regular files transferred: 13,,0
	2025-10-15T17:35:38.3598559Z,Total file size: 229.57K bytes,,0
	2025-10-15T17:35:38.4057413Z,Total transferred file size: 229.57K bytes,,0
	2025-10-15T17:35:38.4249651Z,Literal data: 229.57K bytes,,0
	2025-10-15T17:35:38.4453724Z,Matched data: 0 bytes,,0
	2025-10-15T17:35:38.4632278Z,File list size: 0,,0
	2025-10-15T17:35:38.4813099Z,File list generation time: 0.009 seconds,,0
	2025-10-15T17:35:38.5021205Z,File list transfer time: 0.000 seconds,,0
	2025-10-15T17:35:38.5288313Z,Total bytes sent: 198.83K,,0
	2025-10-15T17:35:38.5643233Z,Total bytes received: 266,,0
	2025-10-15T17:35:38.6380786Z,,,0
	2025-10-15T17:35:38.6663913Z,sent 198.83K bytes  received 266 bytes  56.88K bytes/sec,,0
	2025-10-15T17:35:38.7341409Z,total size is 229.57K  speedup is 1.15,,0
	2025-10-15T17:35:38.7881208Z,Attempt 1: Rsync for filelist /tmp//splits/split.ah completed with exit code 0,,0
	2025-10-15T17:35:38.8569893Z,,,0
	2025-10-15T17:35:38.8933816Z,Number of files: 15 (reg: 14&comma; dir: 1),,0
	2025-10-15T17:35:38.9574608Z,Number of created files: 14 (reg: 14),,0
	2025-10-15T17:35:39.0050273Z,Number of deleted files: 0,,0
	2025-10-15T17:35:39.0626748Z,Number of regular files transferred: 14,,0
	2025-10-15T17:35:39.1279949Z,Total file size: 305.71K bytes,,0
	2025-10-15T17:35:39.1920924Z,Total transferred file size: 305.71K bytes,,0
	2025-10-15T17:35:39.2509551Z,Literal data: 305.71K bytes,,0
	2025-10-15T17:35:39.3071805Z,Matched data: 0 bytes,,0
	2025-10-15T17:35:39.3919769Z,File list size: 0,,0
	2025-10-15T17:35:39.4783645Z,File list generation time: 0.037 seconds,,0
	2025-10-15T17:35:39.4989839Z,File list transfer time: 0.000 seconds,,0
	2025-10-15T17:35:39.5180721Z,Total bytes sent: 212.57K,,0
	2025-10-15T17:35:39.5471721Z,Total bytes received: 285,,0
	2025-10-15T17:35:39.5918454Z,,,0
	2025-10-15T17:35:39.6072952Z,sent 212.57K bytes  received 285 bytes  60.82K bytes/sec,,0
	2025-10-15T17:35:39.6434551Z,total size is 305.71K  speedup is 1.44,,0
	2025-10-15T17:35:39.6648207Z,Attempt 1: Rsync for filelist /tmp//splits/split.af completed with exit code 0,,0
	2025-10-15T17:35:39.6892612Z,,,0
	2025-10-15T17:35:39.7080985Z,Number of files: 18 (reg: 14&comma; dir: 4),,0
	2025-10-15T17:35:39.7206025Z,Number of created files: 17 (reg: 14&comma; dir: 3),,0
	2025-10-15T17:35:39.7382902Z,Number of deleted files: 0,,0
	2025-10-15T17:35:39.7569920Z,Number of regular files transferred: 14,,0
	2025-10-15T17:35:39.7782799Z,Total file size: 806.97K bytes,,0
	2025-10-15T17:35:39.8022390Z,Total transferred file size: 806.97K bytes,,0
	2025-10-15T17:35:39.8215306Z,Literal data: 806.97K bytes,,0
	2025-10-15T17:35:39.8403860Z,Matched data: 0 bytes,,0
	2025-10-15T17:35:39.8600144Z,File list size: 0,,0
	2025-10-15T17:35:39.8780827Z,File list generation time: 0.002 seconds,,0
	2025-10-15T17:35:39.8905183Z,File list transfer time: 0.000 seconds,,0
	2025-10-15T17:35:39.9165697Z,Total bytes sent: 236.86K,,0
	2025-10-15T17:35:39.9343997Z,Total bytes received: 294,,0
	2025-10-15T17:35:39.9531233Z,,,0
	2025-10-15T17:35:39.9663701Z,sent 236.86K bytes  received 294 bytes  67.76K bytes/sec,,0
	2025-10-15T17:35:39.9834829Z,total size is 806.97K  speedup is 3.40,,0
	2025-10-15T17:35:40.0020184Z,Attempt 1: Rsync for filelist /tmp//splits/split.ad completed with exit code 0,,0
	2025-10-15T17:35:40.0227253Z,,,0
	2025-10-15T17:35:40.0346649Z,Number of files: 16 (reg: 14&comma; dir: 2),,0
	2025-10-15T17:35:40.0510088Z,Number of created files: 16 (reg: 14&comma; dir: 2),,0
	2025-10-15T17:35:40.0714275Z,Number of deleted files: 0,,0
	2025-10-15T17:35:40.0903879Z,Number of regular files transferred: 14,,0
	2025-10-15T17:35:40.1188594Z,Total file size: 890.43K bytes,,0
	2025-10-15T17:35:40.1387198Z,Total transferred file size: 890.43K bytes,,0
	2025-10-15T17:35:40.1666072Z,Literal data: 890.43K bytes,,0
	2025-10-15T17:35:40.1938137Z,Matched data: 0 bytes,,0
	2025-10-15T17:35:40.2133036Z,File list size: 0,,0
	2025-10-15T17:35:40.2409323Z,File list generation time: 0.048 seconds,,0
	2025-10-15T17:35:40.2694012Z,File list transfer time: 0.000 seconds,,0
	2025-10-15T17:35:40.3083722Z,Total bytes sent: 349.25K,,0
	2025-10-15T17:35:40.3316102Z,Total bytes received: 288,,0
	2025-10-15T17:35:40.3675200Z,,,0
	2025-10-15T17:35:40.3835915Z,sent 349.25K bytes  received 288 bytes  99.87K bytes/sec,,0
	2025-10-15T17:35:40.4039112Z,total size is 890.43K  speedup is 2.55,,0
	2025-10-15T17:35:40.4234560Z,Attempt 1: Rsync for filelist /tmp//splits/split.ag completed with exit code 0,,0
	2025-10-15T17:35:40.4520946Z,Completed successfully in 4 seconds,,0
2025-10-15T17:35:40.6889753Z,Build completed succesfully.,e4bc71c3-7e78-4064-89d0-41f7159083bf,0
2025-10-15T17:35:40.8385425Z,Running post deployment command(s)...,ae0a0ba1-d24d-4e97-9d57-8742fdc950c3,0
2025-10-15T17:35:40.9921992Z,Triggering container recycle for OneDeploy by adding/updating restartTrigger.txt to the site root path,dcb38b95-c55b-405c-9bcf-8f9dfd26c36e,0
2025-10-15T17:35:41.2479646Z,Deployment successful. deployer = OneDeploy deploymentPath = OneDeploy,522a3151-76c6-4f3f-911a-f09040e209a2,0
