2025-10-07T16:16:45.4800500Z,Updating submodules.,3d6ca95c-581d-4a15-8d43-f8fcbc55eda4,0
2025-10-07T16:16:48.5937250Z,Preparing deployment for commit id '54bf007c-b'.,fa3e1684-4a93-488c-bfa8-2eba9234ece0,0
2025-10-07T16:16:49.8284826Z,PreDeployment: context.CleanOutputPath False,99400439-e473-4520-8ac7-766245970dbc,0
2025-10-07T16:16:50.0110760Z,PreDeployment: context.OutputPath /home/site/wwwroot,66c1a806-0e68-4053-9b86-4c7cf8b48e04,0
2025-10-07T16:16:50.2242823Z,Repository path is /tmp/zipdeploy/extracted,8f71f80f-294a-4e96-b492-fa35e1510fb3,0
2025-10-07T16:16:50.3931648Z,Running oryx build...,670499b1-72ee-4fa5-815c-1ec549dd9a6a,0
	2025-10-07T16:16:50.3991591Z,Command: oryx build /tmp/zipdeploy/extracted -o /home/site/wwwroot --platform nodejs --platform-version 20 -p virtualenv_name= --log-file /tmp/build-debug.log  -i /tmp/8de05bceafe82c3 -p compress_node_modules=tar-gz | tee /tmp/oryx-build.log,,0
	2025-10-07T16:16:52.5966040Z,Operation performed by Microsoft Oryx&comma; https://github.com/Microsoft/Oryx,,0
	2025-10-07T16:16:52.6405811Z,You can report issues at https://github.com/Microsoft/Oryx/issues,,0
	2025-10-07T16:16:52.6672321Z,,,0
	2025-10-07T16:16:52.7015445Z,Oryx Version: 0.2.20250611.1+0649de32f1279969c9023dd41b389cce4bb94493&comma; Commit: 0649de32f1279969c9023dd41b389cce4bb94493&comma; ReleaseTagName: 20250611.1,,0
	2025-10-07T16:16:52.7188825Z,,,0
	2025-10-07T16:16:52.7445326Z,Build Operation ID: 327638d72270d99c,,0
	2025-10-07T16:16:52.7697500Z,Repository Commit : 54bf007c-bc90-45a1-a455-abb6264a0b87,,0
	2025-10-07T16:16:52.7886892Z,OS Type           : bookworm,,0
	2025-10-07T16:16:52.8157742Z,Image Type        : githubactions,,0
	2025-10-07T16:16:52.8518858Z,,,0
	2025-10-07T16:16:52.8720417Z,Primary SDK Storage URL: https://oryx-cdn.microsoft.io,,0
	2025-10-07T16:16:52.9035805Z,Backup SDK Storage URL: https://oryxsdks-cdn.azureedge.net,,0
	2025-10-07T16:16:52.9561443Z,Detecting platforms...,,0
	2025-10-07T16:16:55.9945699Z,Detected following platforms:,,0
	2025-10-07T16:16:56.0311256Z,  nodejs: 20.19.3,,0
	2025-10-07T16:16:56.4181476Z,Detected the following frameworks: Express,,0
	2025-10-07T16:16:57.0971798Z,,,0
	2025-10-07T16:16:57.2036457Z,Using intermediate directory '/tmp/8de05bceafe82c3'.,,0
	2025-10-07T16:16:57.2235305Z,,,0
	2025-10-07T16:16:57.2548861Z,Copying files to the intermediate directory...,,0
	2025-10-07T16:16:57.3767629Z,Done in 0 sec(s).,,0
	2025-10-07T16:16:57.3969848Z,,,0
	2025-10-07T16:16:57.4228225Z,Source directory     : /tmp/8de05bceafe82c3,,0
	2025-10-07T16:16:57.4537812Z,Destination directory: /home/site/wwwroot,,0
	2025-10-07T16:16:57.4960897Z,,,0
	2025-10-07T16:16:57.8201362Z,Removing existing manifest file,,0
	2025-10-07T16:16:57.8505137Z,Creating directory for command manifest file if it does not exist,,0
	2025-10-07T16:16:57.8913321Z,Creating a manifest file...,,0
	2025-10-07T16:16:57.9210422Z,Node Build Command Manifest file created.,,0
	2025-10-07T16:16:57.9452608Z,,,0
	2025-10-07T16:16:57.9636187Z,Using Node version:,,0
	2025-10-07T16:16:58.1269829Z,v20.19.3,,0
	2025-10-07T16:16:58.1661414Z,,,0
	2025-10-07T16:16:58.2029863Z,Using Npm version:,,0
	2025-10-07T16:16:59.5846622Z,10.8.2,,0
	2025-10-07T16:16:59.6386759Z,,,0
	2025-10-07T16:16:59.6563656Z,Running 'npm install'...,,0
	2025-10-07T16:16:59.6744355Z,,,0
	2025-10-07T16:17:19.1439299Z,npm warn deprecated inflight@1.0.6: This module is not supported&comma; and leaks memory. Do not use it. Check out lru-cache if you want a good and tested way to coalesce async requests by a key value&comma; which is much more comprehensive and powerful.,,1
	2025-10-07T16:17:19.4778743Z,npm warn deprecated npmlog@5.0.1: This package is no longer supported.,,1
	2025-10-07T16:17:20.0938144Z,npm warn deprecated rimraf@3.0.2: Rimraf versions prior to v4 are no longer supported,,1
	2025-10-07T16:17:20.6049317Z,npm warn deprecated are-we-there-yet@2.0.0: This package is no longer supported.,,1
	2025-10-07T16:17:20.8190668Z,npm warn deprecated glob@7.2.3: Glob versions prior to v9 are no longer supported,,1
	2025-10-07T16:17:23.0433760Z,npm warn deprecated gauge@3.0.2: This package is no longer supported.,,1
	2025-10-07T16:17:58.1836854Z,,,0
	2025-10-07T16:17:58.2746796Z,added 221 packages&comma; and audited 222 packages in 58s,,0
	2025-10-07T16:17:58.3203564Z,,,0
	2025-10-07T16:17:58.3529541Z,32 packages are looking for funding,,0
	2025-10-07T16:17:58.3707824Z,  run `npm fund` for details,,0
	2025-10-07T16:17:58.3957975Z,,,0
	2025-10-07T16:17:58.4219796Z,found 0 vulnerabilities,,0
	2025-10-07T16:17:58.4595267Z,,,0
	2025-10-07T16:17:58.4876622Z,Zipping existing node_modules folder...,,0
	2025-10-07T16:18:08.7383090Z,Done in 10 sec(s).,,0
	2025-10-07T16:18:08.8061965Z,Preparing output...,,0
	2025-10-07T16:18:08.8360630Z,,,0
	2025-10-07T16:18:08.8737059Z,Copying files to destination directory '/home/site/wwwroot'...,,0
	2025-10-07T16:18:09.4133924Z,Done in 1 sec(s).,,0
	2025-10-07T16:18:09.4409012Z,,,0
	2025-10-07T16:18:09.4737513Z,Removing existing manifest file,,0
	2025-10-07T16:18:09.4982584Z,Creating a manifest file...,,0
	2025-10-07T16:18:09.5564106Z,Manifest file created.,,0
	2025-10-07T16:18:09.6188097Z,Copying .ostype to manifest output directory.,,0
	2025-10-07T16:18:09.6528698Z,,,0
	2025-10-07T16:18:09.6785072Z,Done in 72 sec(s).,,0
2025-10-07T16:18:10.1026861Z,Running post deployment command(s)...,b9df87cd-effb-4d25-9a07-bb07f2512ddc,0
2025-10-07T16:18:10.2469591Z,,8cd4e703-fa61-4e30-bcce-8b9530e1b0be,0
2025-10-07T16:18:10.3766161Z,Generating summary of Oryx build,2fadf263-67ae-47b4-a249-6bf0ae5abc41,0
2025-10-07T16:18:10.6120796Z,Parsing the build logs,06e0e8e4-d105-4a02-90f5-72c78ffeff27,0
2025-10-07T16:18:10.8578690Z,Found 0 issue(s),774f2293-8bb4-44b1-b657-a052590861c2,0
2025-10-07T16:18:11.1347747Z,,74e36459-9547-4d9c-bd2f-2e13aaa339ef,0
2025-10-07T16:18:11.3410485Z,Build Summary :,41c846c3-87f3-432f-a194-a9dd173bc184,0
2025-10-07T16:18:11.4703143Z,===============,247f83f6-bdf5-4ff0-89d3-e1f4314f5182,0
2025-10-07T16:18:11.6501951Z,Errors (0),668d75f1-b757-4062-b222-1db60ae4e099,0
2025-10-07T16:18:11.8043481Z,Warnings (0),03a5e186-1537-4a20-bf3e-df1340c494b4,0
2025-10-07T16:18:11.9432851Z,,7b2e495e-cca9-4e34-bbc8-cfd8459e61a4,0
2025-10-07T16:18:12.3806885Z,Triggering recycle (preview mode disabled).,eca344d3-397e-4855-b220-264c815ebce1,0
2025-10-07T16:18:12.6033157Z,Deployment successful. deployer = Push-Deployer deploymentPath = ZipDeploy. Extract zip. Remote build.,93a3a579-0bff-4d3e-a948-bef10d6fa150,0
