2025-10-15T17:47:14.8978597Z,Updating submodules.,c043f54c-c47d-47cc-9a15-363ba3a8de11,0
2025-10-15T17:47:16.1990050Z,Preparing deployment for commit id '14c8be5e-9'.,24e57fe0-861f-40ab-be5c-601a5a3e980a,0
2025-10-15T17:47:16.8809747Z,PreDeployment: context.CleanOutputPath False,81de61f0-8c45-4b13-b94e-3a6c33102e18,0
2025-10-15T17:47:17.1370675Z,PreDeployment: context.OutputPath /home/site/wwwroot,0bce1380-215b-47ca-9499-3f0a36c61253,0
2025-10-15T17:47:17.4411075Z,Running build. Project type: OneDeploy,43f16e83-ba58-466f-a912-0c5c9af41f91,0
2025-10-15T17:47:17.6302813Z,Copying the manifest,21f751c7-80d4-4f71-82b4-cf17cc42256c,0
2025-10-15T17:47:17.9373871Z,NodeProjectOptimizer Initialized with repository path: /tmp/zipdeploy/extracted and output path: /home/site/wwwroot ,bb908f1e-9eb9-4ee9-8ac6-30d81ba39889,0
2025-10-15T17:47:18.1979844Z,Optimizing build...,488ace74-5860-4fc2-a0ff-eccaafcee823,0
2025-10-15T17:47:18.4294812Z,Zipping node_modules...,c767f63a-4399-4c9c-8df3-db64897168b2,0
	2025-10-15T17:47:18.4868477Z,Command: /opt/Kudu/Scripts/absoluteTar.sh /tmp/zipdeploy/extracted/node_modules /tmp/zipdeploy/extracted/node_modules.tar.gz,,0
	2025-10-15T17:47:52.6608299Z,Zipped /tmp/zipdeploy/extracted/node_modules to /tmp/zipdeploy/extracted/node_modules.tar.gz done successfully,,0
2025-10-15T17:47:52.8848983Z,Zipped Node Modules to /tmp/zipdeploy/extracted/node_modules.tar.gz,8c1398e7-cc5d-44a9-ac22-74216663e9bc,0
2025-10-15T17:47:53.0109204Z,Express Node Deploy: Running rsync...,ed95c3e5-0d77-43d3-b5f1-e43906c384bd,0
	2025-10-15T17:47:53.0206920Z,Command: /opt/Kudu/Scripts/parallel_rsync.sh /tmp/zipdeploy/extracted /home/site/wwwroot 8 /tmp/ False False node_modules ,,0
	2025-10-15T17:47:53.2068926Z,Run rsync from: /tmp/zipdeploy/extracted/ to: /home/site/wwwroot/ in 8 parallel threads,,0
	2025-10-15T17:47:53.3129048Z,Delete options: clean=False&comma; use manifest=False&comma; directory to ignore=node_modules,,0
	2025-10-15T17:47:53.3340037Z,Prev manifest = /home/site/deployments/24f599f6-d2b0-4eab-86b4-98c2d876743a/manifest and next /home/site/deployments/14c8be5e-99f0-462f-a3ea-a4814ce2f133/manifest,,0
	2025-10-15T17:47:53.3673758Z,Cleaning up /tmp//filelist.txt and /tmp//splits,,0
	2025-10-15T17:47:53.4057038Z,Creating a list of all files at /tmp//filelist.txt,,0
	2025-10-15T17:47:53.4711775Z,Excluding: node_modules,,0
	2025-10-15T17:47:53.5257915Z,Created /tmp//filelist.txt. Total number of files to be synced = 112.,,0
	2025-10-15T17:47:53.5727082Z,Created batches from the list of files. Processing 15 files in each thread,,0
	2025-10-15T17:47:53.7708089Z,Running rsync for filelist /tmp//splits/split.aa from /tmp/zipdeploy/extracted/ to /home/site/wwwroot/,,0
	2025-10-15T17:47:53.8808143Z,Running rsync for filelist /tmp//splits/split.ab from /tmp/zipdeploy/extracted/ to /home/site/wwwroot/,,0
	2025-10-15T17:47:54.1040288Z,Running rsync for filelist /tmp//splits/split.ac from /tmp/zipdeploy/extracted/ to /home/site/wwwroot/,,0
	2025-10-15T17:47:54.2265829Z,Running rsync for filelist /tmp//splits/split.ad from /tmp/zipdeploy/extracted/ to /home/site/wwwroot/,,0
	2025-10-15T17:47:54.3978944Z,Running rsync for filelist /tmp//splits/split.ae from /tmp/zipdeploy/extracted/ to /home/site/wwwroot/,,0
	2025-10-15T17:47:54.5087384Z,Running rsync for filelist /tmp//splits/split.af from /tmp/zipdeploy/extracted/ to /home/site/wwwroot/,,0
	2025-10-15T17:47:54.6358610Z,Running rsync for filelist /tmp//splits/split.ag from /tmp/zipdeploy/extracted/ to /home/site/wwwroot/,,0
	2025-10-15T17:47:54.7602642Z,Running rsync for filelist /tmp//splits/split.ah from /tmp/zipdeploy/extracted/ to /home/site/wwwroot/,,0
	2025-10-15T17:47:54.8522390Z,,,0
	2025-10-15T17:47:54.9101500Z,Number of files: 19 (reg: 15&comma; dir: 4),,0
	2025-10-15T17:47:54.9519372Z,Number of created files: 0,,0
	2025-10-15T17:47:55.0350667Z,Number of deleted files: 0,,0
	2025-10-15T17:47:55.1495236Z,Number of regular files transferred: 0,,0
	2025-10-15T17:47:55.2260764Z,Total file size: 843.56K bytes,,0
	2025-10-15T17:47:55.2646739Z,Total transferred file size: 0 bytes,,0
	2025-10-15T17:47:55.3147755Z,Literal data: 0 bytes,,0
	2025-10-15T17:47:55.3437303Z,Matched data: 0 bytes,,0
	2025-10-15T17:47:55.3906265Z,File list size: 0,,0
	2025-10-15T17:47:55.4565037Z,File list generation time: 0.010 seconds,,0
	2025-10-15T17:47:55.5030527Z,File list transfer time: 0.000 seconds,,0
	2025-10-15T17:47:55.5538194Z,Total bytes sent: 663,,0
	2025-10-15T17:47:55.6385709Z,Total bytes received: 73,,0
	2025-10-15T17:47:55.8360549Z,,,0
	2025-10-15T17:47:55.9908438Z,sent 663 bytes  received 73 bytes  1.47K bytes/sec,,0
	2025-10-15T17:47:56.0507483Z,total size is 843.56K  speedup is 1&comma;146.14,,0
	2025-10-15T17:47:56.3007704Z,Attempt 1: Rsync for filelist /tmp//splits/split.ac completed with exit code 0,,0
	2025-10-15T17:47:56.3503661Z,,,0
	2025-10-15T17:47:56.3875799Z,Number of files: 16 (reg: 15&comma; dir: 1),,0
	2025-10-15T17:47:56.4063924Z,Number of created files: 0,,0
	2025-10-15T17:47:56.4251692Z,Number of deleted files: 0,,0
	2025-10-15T17:47:56.4444477Z,Number of regular files transferred: 0,,0
	2025-10-15T17:47:56.4559012Z,Total file size: 1.26M bytes,,0
	2025-10-15T17:47:56.4752717Z,Total transferred file size: 0 bytes,,0
	2025-10-15T17:47:56.4981112Z,Literal data: 0 bytes,,0
	2025-10-15T17:47:56.5095425Z,Matched data: 0 bytes,,0
	2025-10-15T17:47:56.5642463Z,File list size: 0,,0
	2025-10-15T17:47:56.5954778Z,File list generation time: 0.029 seconds,,0
	2025-10-15T17:47:56.6118953Z,File list transfer time: 0.000 seconds,,0
	2025-10-15T17:47:56.6325878Z,Total bytes sent: 628,,0
	2025-10-15T17:47:56.6501754Z,Total bytes received: 64,,0
	2025-10-15T17:47:56.6622593Z,,,0
	2025-10-15T17:47:56.6772692Z,sent 628 bytes  received 64 bytes  1.38K bytes/sec,,0
	2025-10-15T17:47:56.7081768Z,total size is 1.26M  speedup is 1&comma;827.79,,0
	2025-10-15T17:47:56.7671405Z,Attempt 1: Rsync for filelist /tmp//splits/split.ad completed with exit code 0,,0
	2025-10-15T17:47:56.8351349Z,,,0
	2025-10-15T17:47:56.8696577Z,Number of files: 16 (reg: 15&comma; dir: 1),,0
	2025-10-15T17:47:56.9123606Z,Number of created files: 0,,0
	2025-10-15T17:47:56.9595614Z,Number of deleted files: 0,,0
	2025-10-15T17:47:56.9988455Z,Number of regular files transferred: 0,,0
	2025-10-15T17:47:57.0278321Z,Total file size: 36.51K bytes,,0
	2025-10-15T17:47:57.0600829Z,Total transferred file size: 0 bytes,,0
	2025-10-15T17:47:57.0782315Z,Literal data: 0 bytes,,0
	2025-10-15T17:47:57.0992926Z,Matched data: 0 bytes,,0
	2025-10-15T17:47:57.1166460Z,File list size: 0,,0
	2025-10-15T17:47:57.1781812Z,File list generation time: 0.150 seconds,,0
	2025-10-15T17:47:57.2239256Z,File list transfer time: 0.000 seconds,,0
	2025-10-15T17:47:57.2851566Z,Total bytes sent: 673,,0
	2025-10-15T17:47:57.3160732Z,Total bytes received: 64,,0
	2025-10-15T17:47:57.3622741Z,,,0
	2025-10-15T17:47:57.4132756Z,sent 673 bytes  received 64 bytes  1.47K bytes/sec,,0
	2025-10-15T17:47:57.4524929Z,total size is 36.51K  speedup is 49.53,,0
	2025-10-15T17:47:57.5005292Z,,,0
	2025-10-15T17:47:57.5387698Z,Number of files: 19 (reg: 15&comma; dir: 4),,0
	2025-10-15T17:47:57.5577828Z,Number of created files: 0,,0
	2025-10-15T17:47:57.5755973Z,Number of deleted files: 0,,0
	2025-10-15T17:47:57.5933753Z,Number of regular files transferred: 0,,0
	2025-10-15T17:47:57.6200160Z,Total file size: 361.14K bytes,,0
	2025-10-15T17:47:57.6673758Z,Total transferred file size: 0 bytes,,0
	2025-10-15T17:47:57.7037443Z,Literal data: 0 bytes,,0
	2025-10-15T17:47:57.7156485Z,Matched data: 0 bytes,,0
	2025-10-15T17:47:57.7353509Z,File list size: 0,,0
	2025-10-15T17:47:57.7625284Z,File list generation time: 0.097 seconds,,0
	2025-10-15T17:47:57.7751776Z,File list transfer time: 0.000 seconds,,0
	2025-10-15T17:47:57.7953698Z,Total bytes sent: 716,,0
	2025-10-15T17:47:57.8150720Z,Total bytes received: 73,,0
	2025-10-15T17:47:57.8411979Z,,,0
	2025-10-15T17:47:57.8518525Z,sent 716 bytes  received 73 bytes  1.58K bytes/sec,,0
	2025-10-15T17:47:57.8709408Z,total size is 361.14K  speedup is 457.72,,0
	2025-10-15T17:47:57.8938829Z,Attempt 1: Rsync for filelist /tmp//splits/split.aa completed with exit code 0,,0
	2025-10-15T17:47:57.9200126Z,Attempt 1: Rsync for filelist /tmp//splits/split.ae completed with exit code 0,,0
	2025-10-15T17:47:57.9331295Z,,,0
	2025-10-15T17:47:57.9488751Z,Number of files: 17 (reg: 15&comma; dir: 2),,0
	2025-10-15T17:47:57.9596780Z,Number of created files: 0,,0
	2025-10-15T17:47:57.9800384Z,Number of deleted files: 0,,0
	2025-10-15T17:47:58.0018065Z,Number of regular files transferred: 0,,0
	2025-10-15T17:47:58.0185421Z,Total file size: 88.79K bytes,,0
	2025-10-15T17:47:58.0366551Z,Total transferred file size: 0 bytes,,0
	2025-10-15T17:47:58.0567805Z,Literal data: 0 bytes,,0
	2025-10-15T17:47:58.0706345Z,Matched data: 0 bytes,,0
	2025-10-15T17:47:58.0884932Z,File list size: 0,,0
	2025-10-15T17:47:58.1056286Z,File list generation time: 0.039 seconds,,0
	2025-10-15T17:47:58.1176574Z,File list transfer time: 0.000 seconds,,0
	2025-10-15T17:47:58.1376135Z,Total bytes sent: 602,,0
	2025-10-15T17:47:58.1487344Z,Total bytes received: 67,,0
	2025-10-15T17:47:58.1681794Z,,,0
	2025-10-15T17:47:58.1770061Z,sent 602 bytes  received 67 bytes  1.34K bytes/sec,,0
	2025-10-15T17:47:58.1928033Z,total size is 88.79K  speedup is 132.72,,0
	2025-10-15T17:47:58.2094225Z,Attempt 1: Rsync for filelist /tmp//splits/split.ab completed with exit code 0,,0
	2025-10-15T17:47:58.2318354Z,,,0
	2025-10-15T17:47:58.2452294Z,Number of files: 9 (reg: 7&comma; dir: 2),,0
	2025-10-15T17:47:58.2629534Z,Number of created files: 0,,0
	2025-10-15T17:47:58.2891321Z,Number of deleted files: 0,,0
	2025-10-15T17:47:58.3009012Z,Number of regular files transferred: 0,,0
	2025-10-15T17:47:58.3479306Z,Total file size: 625.08K bytes,,0
	2025-10-15T17:47:58.3650587Z,Total transferred file size: 0 bytes,,0
	2025-10-15T17:47:58.3846013Z,Literal data: 0 bytes,,0
	2025-10-15T17:47:58.4147837Z,Matched data: 0 bytes,,0
	2025-10-15T17:47:58.4339954Z,File list size: 0,,0
	2025-10-15T17:47:58.4473675Z,File list generation time: 0.009 seconds,,0
	2025-10-15T17:47:58.4650077Z,File list transfer time: 0.000 seconds,,0
	2025-10-15T17:47:58.4825131Z,Total bytes sent: 419,,0
	2025-10-15T17:47:58.5026454Z,Total bytes received: 43,,0
	2025-10-15T17:47:58.5249591Z,,,0
	2025-10-15T17:47:58.5478982Z,sent 419 bytes  received 43 bytes  924.00 bytes/sec,,0
	2025-10-15T17:47:58.5625111Z,total size is 625.08K  speedup is 1&comma;352.98,,0
	2025-10-15T17:47:58.5878833Z,Attempt 1: Rsync for filelist /tmp//splits/split.ah completed with exit code 0,,0
	2025-10-15T17:47:58.6423208Z,,,0
	2025-10-15T17:47:58.6531676Z,Number of files: 17 (reg: 15&comma; dir: 2),,0
	2025-10-15T17:47:58.6684940Z,Number of created files: 0,,0
	2025-10-15T17:47:58.6952847Z,Number of deleted files: 0,,0
	2025-10-15T17:47:58.7204704Z,Number of regular files transferred: 0,,0
	2025-10-15T17:47:58.7372229Z,Total file size: 296.43K bytes,,0
	2025-10-15T17:47:58.7558378Z,Total transferred file size: 0 bytes,,0
	2025-10-15T17:47:58.8014380Z,Literal data: 0 bytes,,0
	2025-10-15T17:47:58.8217393Z,Matched data: 0 bytes,,0
	2025-10-15T17:47:58.8411798Z,File list size: 0,,0
	2025-10-15T17:47:58.8586222Z,File list generation time: 0.125 seconds,,0
	2025-10-15T17:47:58.8788416Z,File list transfer time: 0.000 seconds,,0
	2025-10-15T17:47:58.9009311Z,Total bytes sent: 704,,0
	2025-10-15T17:47:58.9212740Z,Total bytes received: 67,,0
	2025-10-15T17:47:58.9403111Z,,,0
	2025-10-15T17:47:58.9564668Z,sent 704 bytes  received 67 bytes  1.54K bytes/sec,,0
	2025-10-15T17:47:58.9688268Z,total size is 296.43K  speedup is 384.47,,0
	2025-10-15T17:47:58.9879085Z,Attempt 1: Rsync for filelist /tmp//splits/split.af completed with exit code 0,,0
	2025-10-15T17:47:59.0130677Z,,,0
	2025-10-15T17:47:59.0239783Z,Number of files: 16 (reg: 15&comma; dir: 1),,0
	2025-10-15T17:47:59.0434762Z,Number of created files: 1 (reg: 1),,0
	2025-10-15T17:47:59.0616560Z,Number of deleted files: 0,,0
	2025-10-15T17:47:59.0809633Z,Number of regular files transferred: 1,,0
	2025-10-15T17:47:59.0934846Z,Total file size: 16.96M bytes,,0
	2025-10-15T17:47:59.1121369Z,Total transferred file size: 13.80M bytes,,0
	2025-10-15T17:47:59.1308079Z,Literal data: 13.80M bytes,,0
	2025-10-15T17:47:59.1448849Z,Matched data: 0 bytes,,0
	2025-10-15T17:47:59.1931195Z,File list size: 0,,0
	2025-10-15T17:47:59.2057172Z,File list generation time: 0.097 seconds,,0
	2025-10-15T17:47:59.2239615Z,File list transfer time: 0.000 seconds,,0
	2025-10-15T17:47:59.2504443Z,Total bytes sent: 13.80M,,0
	2025-10-15T17:47:59.2627497Z,Total bytes received: 80,,0
	2025-10-15T17:47:59.2787099Z,,,0
	2025-10-15T17:47:59.2964477Z,sent 13.80M bytes  received 80 bytes  5.52M bytes/sec,,0
	2025-10-15T17:47:59.3069862Z,total size is 16.96M  speedup is 1.23,,0
	2025-10-15T17:47:59.3308110Z,Attempt 1: Rsync for filelist /tmp//splits/split.ag completed with exit code 0,,0
	2025-10-15T17:47:59.3466537Z,Completed successfully in 3 seconds,,0
2025-10-15T17:47:59.4744088Z,Rsync completed to /home/site/wwwroot,7a825801-1eca-459e-8e7c-c1a1a216d7a0,0
2025-10-15T17:47:59.6895889Z,Manifest created at /home/site/wwwroot,fcfb6301-e386-4ca5-8eac-c6b46195d807,0
2025-10-15T17:47:59.8051129Z,Optimized build done with success: True,2864c1cf-5357-491f-9cef-b917ec8022c2,0
2025-10-15T17:47:59.9232415Z,Build completed succesfully.,a8f55dc4-79a1-441b-866f-733d0ac25060,0
2025-10-15T17:48:00.0636702Z,Running post deployment command(s)...,ec489c3b-59db-4ea7-9c9a-2c274bbe5c06,0
2025-10-15T17:48:00.2893878Z,Triggering container recycle for OneDeploy by adding/updating restartTrigger.txt to the site root path,23decffb-6507-4df9-9086-525e7b6d5154,0
2025-10-15T17:48:00.4882736Z,Deployment successful. deployer = OneDeploy deploymentPath = OneDeploy,be73d227-a06d-4f6b-bea8-2fe069654137,0
